#
# There is insufficient memory for the Java Runtime Environment to continue.
# Native memory allocation (mmap) failed to map 83886080 bytes for G1 virtual space
# Possible reasons:
#   The system is out of physical RAM or swap space
#   The process is running with CompressedOops enabled, and the Java Heap may be blocking the growth of the native heap
# Possible solutions:
#   Reduce memory load on the system
#   Increase physical memory or swap space
#   Check if swap backing store is full
#   Decrease Java heap size (-Xmx/-Xms)
#   Decrease number of Java threads
#   Decrease Java thread stack sizes (-Xss)
#   Set larger code cache with -XX:ReservedCodeCacheSize=
#   JVM is running with Zero Based Compressed Oops mode in which the Java heap is
#     placed in the first 32GB address space. The Java Heap base address is the
#     maximum limit for the native heap growth. Please use -XX:HeapBaseMinAddress
#     to set the Java Heap base and to place the Java Heap above 32GB virtual address.
# This output file may be truncated or incomplete.
#
#  Out of Memory Error (os_windows.cpp:3528), pid=4728, tid=7904
#
# JRE version: OpenJDK Runtime Environment (20.0.1+9) (build 20.0.1+9-29)
# Java VM: OpenJDK 64-Bit Server VM (20.0.1+9-29, mixed mode, sharing, tiered, compressed oops, compressed class ptrs, g1 gc, windows-amd64)
# No core dump will be written. Minidumps are not enabled by default on client versions of Windows
#

---------------  S U M M A R Y ------------

Command Line: -javaagent:C:\Program Files\JetBrains\IntelliJ IDEA Community Edition 2023.1.2\lib\idea_rt.jar=62634:C:\Program Files\JetBrains\IntelliJ IDEA Community Edition 2023.1.2\bin -Dfile.encoding=UTF-8 -Dsun.stdout.encoding=UTF-8 -Dsun.stderr.encoding=UTF-8 Benchmark.BenchmarkForDriverScheduleCG -d D:\testWhetherRecover\4(3)Decomposed-DriverSchedule-TW-CGforDriverSchedulingProblem - onlyLabeling\instances -initial D:\testWhetherRecover\4(3)Decomposed-DriverSchedule-TW-CGforDriverSchedulingProblem - onlyLabeling\initialSchedules -result D:\testWhetherRecover\results -out D:\testWhetherRecover\result.csv

Host: 11th Gen Intel(R) Core(TM) i5-1135G7 @ 2.40GHz, 8 cores, 15G,  Windows 11 , 64 bit Build 22621 (10.0.22621.4974)
Time: Wed Apr  2 16:37:29 2025  Windows 11 , 64 bit Build 22621 (10.0.22621.4974) elapsed time: 11.069663 seconds (0d 0h 0m 11s)

---------------  T H R E A D  ---------------

Current thread (0x0000027a72647020):  VMThread "VM Thread" [stack: 0x000000a115400000,0x000000a115500000] [id=7904]

Stack: [0x000000a115400000,0x000000a115500000]
Native frames: (J=compiled Java code, j=interpreted, Vv=VM code, C=native code)
V  [jvm.dll+0x6bb95a]
V  [jvm.dll+0x8485fa]
V  [jvm.dll+0x84a1f5]
V  [jvm.dll+0x84a8f3]
V  [jvm.dll+0x280b0f]
V  [jvm.dll+0x6b86e9]
V  [jvm.dll+0x6ad2da]
V  [jvm.dll+0x35adf5]
V  [jvm.dll+0x363016]
V  [jvm.dll+0x3b3b3e]
V  [jvm.dll+0x3b3dc5]
V  [jvm.dll+0x32b50a]
V  [jvm.dll+0x32b5b7]
V  [jvm.dll+0x373942]
V  [jvm.dll+0x372140]
V  [jvm.dll+0x32ac51]
V  [jvm.dll+0x371836]
V  [jvm.dll+0x85023e]
V  [jvm.dll+0x851351]
V  [jvm.dll+0x851859]
V  [jvm.dll+0x851ad3]
V  [jvm.dll+0x7f4b56]
V  [jvm.dll+0x6ba5cb]
C  [ucrtbase.dll+0x29333]
C  [KERNEL32.DLL+0x1259d]
C  [ntdll.dll+0x5af38]

VM_Operation (0x000000a114efeac0): G1CollectForAllocation, mode: safepoint, requested by thread 0x0000027a530f6960


---------------  P R O C E S S  ---------------

Threads class SMR info:
_java_thread_list=0x0000027a76fab280, length=12, elements={
0x0000027a530f6960, 0x0000027a768060c0, 0x0000027a768068d0, 0x0000027a7680a530,
0x0000027a7680c360, 0x0000027a7680ecb0, 0x0000027a76812800, 0x0000027a768203f0,
0x0000027a76824ad0, 0x0000027a76812d50, 0x0000027a76811d60, 0x0000027a768132a0
}

Java Threads: ( => current thread )
  0x0000027a530f6960 JavaThread "main" [_thread_blocked, id=28068, stack(0x000000a114e00000,0x000000a114f00000)]
  0x0000027a768060c0 JavaThread "Reference Handler" daemon [_thread_blocked, id=19280, stack(0x000000a115500000,0x000000a115600000)]
  0x0000027a768068d0 JavaThread "Finalizer" daemon [_thread_blocked, id=22768, stack(0x000000a115600000,0x000000a115700000)]
  0x0000027a7680a530 JavaThread "Signal Dispatcher" daemon [_thread_blocked, id=15976, stack(0x000000a115700000,0x000000a115800000)]
  0x0000027a7680c360 JavaThread "Attach Listener" daemon [_thread_blocked, id=10580, stack(0x000000a115800000,0x000000a115900000)]
  0x0000027a7680ecb0 JavaThread "Service Thread" daemon [_thread_blocked, id=25804, stack(0x000000a115900000,0x000000a115a00000)]
  0x0000027a76812800 JavaThread "Monitor Deflation Thread" daemon [_thread_blocked, id=6640, stack(0x000000a115a00000,0x000000a115b00000)]
  0x0000027a768203f0 JavaThread "C2 CompilerThread0" daemon [_thread_blocked, id=27272, stack(0x000000a115b00000,0x000000a115c00000)]
  0x0000027a76824ad0 JavaThread "C1 CompilerThread0" daemon [_thread_blocked, id=27312, stack(0x000000a115c00000,0x000000a115d00000)]
  0x0000027a76812d50 JavaThread "Common-Cleaner" daemon [_thread_blocked, id=24516, stack(0x000000a115d00000,0x000000a115e00000)]
  0x0000027a76811d60 JavaThread "Monitor Ctrl-Break" daemon [_thread_in_native, id=24540, stack(0x000000a115e00000,0x000000a115f00000)]
  0x0000027a768132a0 JavaThread "Notification Thread" daemon [_thread_blocked, id=2212, stack(0x000000a115f00000,0x000000a116000000)]

Other Threads:
=>0x0000027a72647020 VMThread "VM Thread" [stack: 0x000000a115400000,0x000000a115500000] [id=7904]
  0x0000027a530f7890 WatcherThread "VM Periodic Task Thread" [stack: 0x000000a116000000,0x000000a116100000] [id=15852]
  0x0000027a53166590 WorkerThread "GC Thread#0" [stack: 0x000000a114f00000,0x000000a115000000] [id=24036]
  0x0000027a7772d6a0 WorkerThread "GC Thread#1" [stack: 0x000000a116300000,0x000000a116400000] [id=28276]
  0x0000027a77bcdb10 WorkerThread "GC Thread#2" [stack: 0x000000a116400000,0x000000a116500000] [id=29464]
  0x0000027a78103e10 WorkerThread "GC Thread#3" [stack: 0x000000a116500000,0x000000a116600000] [id=11684]
  0x0000027a781040e0 WorkerThread "GC Thread#4" [stack: 0x000000a116600000,0x000000a116700000] [id=15668]
  0x0000027a77a798f0 WorkerThread "GC Thread#5" [stack: 0x000000a116700000,0x000000a116800000] [id=19936]
  0x0000027a77a79080 WorkerThread "GC Thread#6" [stack: 0x000000a116100000,0x000000a116200000] [id=20280]
  0x0000027a53177040 ConcurrentGCThread "G1 Main Marker" [stack: 0x000000a115000000,0x000000a115100000] [id=12940]
  0x0000027a53177980 WorkerThread "G1 Conc#0" [stack: 0x000000a115100000,0x000000a115200000] [id=16912]
  0x0000027a724c07d0 ConcurrentGCThread "G1 Refine#0" [stack: 0x000000a115200000,0x000000a115300000] [id=22056]
  0x0000027a724c3090 ConcurrentGCThread "G1 Service" [stack: 0x000000a115300000,0x000000a115400000] [id=28828]

Threads with active compile tasks:

VM state: at safepoint (normal execution)

VM Mutex/Monitor currently owned by a thread:  ([mutex/lock_event])
[0x0000027a530f22a0] Threads_lock - owner thread: 0x0000027a72647020
[0x0000027a530f2450] Heap_lock - owner thread: 0x0000027a530f6960

Heap address: 0x0000000703600000, size: 4042 MB, Compressed Oops mode: Zero based, Oop shift amount: 3

CDS archive(s) mapped at: [0x0000000800000000-0x0000000800c60000-0x0000000800c60000), size 12976128, SharedBaseAddress: 0x0000000800000000, ArchiveRelocationMode: 0.
Compressed class space mapped at: 0x0000000801000000-0x0000000841000000, reserved size: 1073741824
Narrow klass base: 0x0000000800000000, Narrow klass shift: 0, Narrow klass range: 0x100000000

GC Precious Log:
 CardTable entry size: 512
 Card Set container configuration: InlinePtr #cards 4 size 8 Array Of Cards #cards 16 size 48 Howl #buckets 8 coarsen threshold 3686 Howl Bitmap #cards 512 size 80 coarsen threshold 460 Card regions per heap region 1 cards per card region 4096
 CPUs: 8 total, 8 available
 Memory: 16167M
 Large Page Support: Disabled
 NUMA Support: Disabled
 Compressed Oops: Enabled (Zero based)
 Heap Region Size: 2M
 Heap Min Capacity: 8M
 Heap Initial Capacity: 254M
 Heap Max Capacity: 4042M
 Pre-touch: Disabled
 Parallel Workers: 8
 Concurrent Workers: 2
 Concurrent Refinement Workers: 8
 Periodic GC: Disabled

Heap:
 garbage-first heap   total 260096K, used 4789K [0x0000000703600000, 0x0000000800000000)
  region size 2048K, 3 young (6144K), 3 survivors (6144K)
 Metaspace       used 3562K, committed 3776K, reserved 1114112K
  class space    used 328K, committed 448K, reserved 1048576K

Heap Regions: E=young(eden), S=young(survivor), O=old, HS=humongous(starts), HC=humongous(continues), CS=collection set, F=free, OA=open archive, CA=closed archive, TAMS=top-at-mark-start, PB=parsable bottom
|   0|0x0000000703600000, 0x0000000703600000, 0x0000000703800000|  0%| F|  |TAMS 0x0000000703600000| PB 0x0000000703600000| Untracked 
|   1|0x0000000703800000, 0x0000000703800000, 0x0000000703a00000|  0%| F|  |TAMS 0x0000000703800000| PB 0x0000000703800000| Untracked 
|   2|0x0000000703a00000, 0x0000000703a00000, 0x0000000703c00000|  0%| F|  |TAMS 0x0000000703a00000| PB 0x0000000703a00000| Untracked 
|   3|0x0000000703c00000, 0x0000000703c00000, 0x0000000703e00000|  0%| F|  |TAMS 0x0000000703c00000| PB 0x0000000703c00000| Untracked 
|   4|0x0000000703e00000, 0x0000000703e00000, 0x0000000704000000|  0%| F|  |TAMS 0x0000000703e00000| PB 0x0000000703e00000| Untracked 
|   5|0x0000000704000000, 0x0000000704000000, 0x0000000704200000|  0%| F|  |TAMS 0x0000000704000000| PB 0x0000000704000000| Untracked 
|   6|0x0000000704200000, 0x0000000704200000, 0x0000000704400000|  0%| F|  |TAMS 0x0000000704200000| PB 0x0000000704200000| Untracked 
|   7|0x0000000704400000, 0x0000000704400000, 0x0000000704600000|  0%| F|  |TAMS 0x0000000704400000| PB 0x0000000704400000| Untracked 
|   8|0x0000000704600000, 0x0000000704600000, 0x0000000704800000|  0%| F|  |TAMS 0x0000000704600000| PB 0x0000000704600000| Untracked 
|   9|0x0000000704800000, 0x0000000704800000, 0x0000000704a00000|  0%| F|  |TAMS 0x0000000704800000| PB 0x0000000704800000| Untracked 
|  10|0x0000000704a00000, 0x0000000704a00000, 0x0000000704c00000|  0%| F|  |TAMS 0x0000000704a00000| PB 0x0000000704a00000| Untracked 
|  11|0x0000000704c00000, 0x0000000704c00000, 0x0000000704e00000|  0%| F|  |TAMS 0x0000000704c00000| PB 0x0000000704c00000| Untracked 
|  12|0x0000000704e00000, 0x0000000704e00000, 0x0000000705000000|  0%| F|  |TAMS 0x0000000704e00000| PB 0x0000000704e00000| Untracked 
|  13|0x0000000705000000, 0x0000000705000000, 0x0000000705200000|  0%| F|  |TAMS 0x0000000705000000| PB 0x0000000705000000| Untracked 
|  14|0x0000000705200000, 0x0000000705200000, 0x0000000705400000|  0%| F|  |TAMS 0x0000000705200000| PB 0x0000000705200000| Untracked 
|  15|0x0000000705400000, 0x0000000705400000, 0x0000000705600000|  0%| F|  |TAMS 0x0000000705400000| PB 0x0000000705400000| Untracked 
|  16|0x0000000705600000, 0x0000000705600000, 0x0000000705800000|  0%| F|  |TAMS 0x0000000705600000| PB 0x0000000705600000| Untracked 
|  17|0x0000000705800000, 0x0000000705800000, 0x0000000705a00000|  0%| F|  |TAMS 0x0000000705800000| PB 0x0000000705800000| Untracked 
|  18|0x0000000705a00000, 0x0000000705a00000, 0x0000000705c00000|  0%| F|  |TAMS 0x0000000705a00000| PB 0x0000000705a00000| Untracked 
|  19|0x0000000705c00000, 0x0000000705c00000, 0x0000000705e00000|  0%| F|  |TAMS 0x0000000705c00000| PB 0x0000000705c00000| Untracked 
|  20|0x0000000705e00000, 0x0000000705e00000, 0x0000000706000000|  0%| F|  |TAMS 0x0000000705e00000| PB 0x0000000705e00000| Untracked 
|  21|0x0000000706000000, 0x0000000706000000, 0x0000000706200000|  0%| F|  |TAMS 0x0000000706000000| PB 0x0000000706000000| Untracked 
|  22|0x0000000706200000, 0x0000000706200000, 0x0000000706400000|  0%| F|  |TAMS 0x0000000706200000| PB 0x0000000706200000| Untracked 
|  23|0x0000000706400000, 0x0000000706400000, 0x0000000706600000|  0%| F|  |TAMS 0x0000000706400000| PB 0x0000000706400000| Untracked 
|  24|0x0000000706600000, 0x0000000706600000, 0x0000000706800000|  0%| F|  |TAMS 0x0000000706600000| PB 0x0000000706600000| Untracked 
|  25|0x0000000706800000, 0x0000000706800000, 0x0000000706a00000|  0%| F|  |TAMS 0x0000000706800000| PB 0x0000000706800000| Untracked 
|  26|0x0000000706a00000, 0x0000000706a00000, 0x0000000706c00000|  0%| F|  |TAMS 0x0000000706a00000| PB 0x0000000706a00000| Untracked 
|  27|0x0000000706c00000, 0x0000000706c00000, 0x0000000706e00000|  0%| F|  |TAMS 0x0000000706c00000| PB 0x0000000706c00000| Untracked 
|  28|0x0000000706e00000, 0x0000000706e00000, 0x0000000707000000|  0%| F|  |TAMS 0x0000000706e00000| PB 0x0000000706e00000| Untracked 
|  29|0x0000000707000000, 0x0000000707000000, 0x0000000707200000|  0%| F|  |TAMS 0x0000000707000000| PB 0x0000000707000000| Untracked 
|  30|0x0000000707200000, 0x0000000707200000, 0x0000000707400000|  0%| F|  |TAMS 0x0000000707200000| PB 0x0000000707200000| Untracked 
|  31|0x0000000707400000, 0x0000000707400000, 0x0000000707600000|  0%| F|  |TAMS 0x0000000707400000| PB 0x0000000707400000| Untracked 
|  32|0x0000000707600000, 0x0000000707600000, 0x0000000707800000|  0%| F|  |TAMS 0x0000000707600000| PB 0x0000000707600000| Untracked 
|  33|0x0000000707800000, 0x0000000707800000, 0x0000000707a00000|  0%| F|  |TAMS 0x0000000707800000| PB 0x0000000707800000| Untracked 
|  34|0x0000000707a00000, 0x0000000707a00000, 0x0000000707c00000|  0%| F|  |TAMS 0x0000000707a00000| PB 0x0000000707a00000| Untracked 
|  35|0x0000000707c00000, 0x0000000707c00000, 0x0000000707e00000|  0%| F|  |TAMS 0x0000000707c00000| PB 0x0000000707c00000| Untracked 
|  36|0x0000000707e00000, 0x0000000707e00000, 0x0000000708000000|  0%| F|  |TAMS 0x0000000707e00000| PB 0x0000000707e00000| Untracked 
|  37|0x0000000708000000, 0x0000000708000000, 0x0000000708200000|  0%| F|  |TAMS 0x0000000708000000| PB 0x0000000708000000| Untracked 
|  38|0x0000000708200000, 0x0000000708200000, 0x0000000708400000|  0%| F|  |TAMS 0x0000000708200000| PB 0x0000000708200000| Untracked 
|  39|0x0000000708400000, 0x0000000708400000, 0x0000000708600000|  0%| F|  |TAMS 0x0000000708400000| PB 0x0000000708400000| Untracked 
|  40|0x0000000708600000, 0x0000000708600000, 0x0000000708800000|  0%| F|  |TAMS 0x0000000708600000| PB 0x0000000708600000| Untracked 
|  41|0x0000000708800000, 0x0000000708800000, 0x0000000708a00000|  0%| F|  |TAMS 0x0000000708800000| PB 0x0000000708800000| Untracked 
|  42|0x0000000708a00000, 0x0000000708a00000, 0x0000000708c00000|  0%| F|  |TAMS 0x0000000708a00000| PB 0x0000000708a00000| Untracked 
|  43|0x0000000708c00000, 0x0000000708c00000, 0x0000000708e00000|  0%| F|  |TAMS 0x0000000708c00000| PB 0x0000000708c00000| Untracked 
|  44|0x0000000708e00000, 0x0000000708e00000, 0x0000000709000000|  0%| F|  |TAMS 0x0000000708e00000| PB 0x0000000708e00000| Untracked 
|  45|0x0000000709000000, 0x0000000709000000, 0x0000000709200000|  0%| F|  |TAMS 0x0000000709000000| PB 0x0000000709000000| Untracked 
|  46|0x0000000709200000, 0x0000000709200000, 0x0000000709400000|  0%| F|  |TAMS 0x0000000709200000| PB 0x0000000709200000| Untracked 
|  47|0x0000000709400000, 0x0000000709400000, 0x0000000709600000|  0%| F|  |TAMS 0x0000000709400000| PB 0x0000000709400000| Untracked 
|  48|0x0000000709600000, 0x0000000709600000, 0x0000000709800000|  0%| F|  |TAMS 0x0000000709600000| PB 0x0000000709600000| Untracked 
|  49|0x0000000709800000, 0x0000000709800000, 0x0000000709a00000|  0%| F|  |TAMS 0x0000000709800000| PB 0x0000000709800000| Untracked 
|  50|0x0000000709a00000, 0x0000000709a00000, 0x0000000709c00000|  0%| F|  |TAMS 0x0000000709a00000| PB 0x0000000709a00000| Untracked 
|  51|0x0000000709c00000, 0x0000000709cad6f0, 0x0000000709e00000| 33%| S|CS|TAMS 0x0000000709c00000| PB 0x0000000709c00000| Complete 
|  52|0x0000000709e00000, 0x000000070a000000, 0x000000070a000000|100%| S|CS|TAMS 0x0000000709e00000| PB 0x0000000709e00000| Complete 
|  53|0x000000070a000000, 0x000000070a000000, 0x000000070a200000|  0%| F|  |TAMS 0x000000070a000000| PB 0x000000070a000000| Untracked 
|  54|0x000000070a200000, 0x000000070a400000, 0x000000070a400000|100%| S|CS|TAMS 0x000000070a200000| PB 0x000000070a200000| Complete 
|  55|0x000000070a400000, 0x000000070a400000, 0x000000070a600000|  0%| F|  |TAMS 0x000000070a400000| PB 0x000000070a400000| Untracked 
|  56|0x000000070a600000, 0x000000070a600000, 0x000000070a800000|  0%| F|  |TAMS 0x000000070a600000| PB 0x000000070a600000| Untracked 
|  57|0x000000070a800000, 0x000000070a800000, 0x000000070aa00000|  0%| F|  |TAMS 0x000000070a800000| PB 0x000000070a800000| Untracked 
|  58|0x000000070aa00000, 0x000000070aa00000, 0x000000070ac00000|  0%| F|  |TAMS 0x000000070aa00000| PB 0x000000070aa00000| Untracked 
|  59|0x000000070ac00000, 0x000000070ac00000, 0x000000070ae00000|  0%| F|  |TAMS 0x000000070ac00000| PB 0x000000070ac00000| Untracked 
|  60|0x000000070ae00000, 0x000000070ae00000, 0x000000070b000000|  0%| F|  |TAMS 0x000000070ae00000| PB 0x000000070ae00000| Untracked 
|  61|0x000000070b000000, 0x000000070b000000, 0x000000070b200000|  0%| F|  |TAMS 0x000000070b000000| PB 0x000000070b000000| Untracked 
|  62|0x000000070b200000, 0x000000070b200000, 0x000000070b400000|  0%| F|  |TAMS 0x000000070b200000| PB 0x000000070b200000| Untracked 
|  63|0x000000070b400000, 0x000000070b400000, 0x000000070b600000|  0%| F|  |TAMS 0x000000070b400000| PB 0x000000070b400000| Untracked 
|  64|0x000000070b600000, 0x000000070b600000, 0x000000070b800000|  0%| F|  |TAMS 0x000000070b600000| PB 0x000000070b600000| Untracked 
|  65|0x000000070b800000, 0x000000070b800000, 0x000000070ba00000|  0%| F|  |TAMS 0x000000070b800000| PB 0x000000070b800000| Untracked 
|  66|0x000000070ba00000, 0x000000070ba00000, 0x000000070bc00000|  0%| F|  |TAMS 0x000000070ba00000| PB 0x000000070ba00000| Untracked 
|  67|0x000000070bc00000, 0x000000070bc00000, 0x000000070be00000|  0%| F|  |TAMS 0x000000070bc00000| PB 0x000000070bc00000| Untracked 
|  68|0x000000070be00000, 0x000000070be00000, 0x000000070c000000|  0%| F|  |TAMS 0x000000070be00000| PB 0x000000070be00000| Untracked 
|  69|0x000000070c000000, 0x000000070c000000, 0x000000070c200000|  0%| F|  |TAMS 0x000000070c000000| PB 0x000000070c000000| Untracked 
|  70|0x000000070c200000, 0x000000070c200000, 0x000000070c400000|  0%| F|  |TAMS 0x000000070c200000| PB 0x000000070c200000| Untracked 
|  71|0x000000070c400000, 0x000000070c400000, 0x000000070c600000|  0%| F|  |TAMS 0x000000070c400000| PB 0x000000070c400000| Untracked 
|  72|0x000000070c600000, 0x000000070c600000, 0x000000070c800000|  0%| F|  |TAMS 0x000000070c600000| PB 0x000000070c600000| Untracked 
|  73|0x000000070c800000, 0x000000070c800000, 0x000000070ca00000|  0%| F|  |TAMS 0x000000070c800000| PB 0x000000070c800000| Untracked 
|  74|0x000000070ca00000, 0x000000070ca00000, 0x000000070cc00000|  0%| F|  |TAMS 0x000000070ca00000| PB 0x000000070ca00000| Untracked 
|  75|0x000000070cc00000, 0x000000070cc00000, 0x000000070ce00000|  0%| F|  |TAMS 0x000000070cc00000| PB 0x000000070cc00000| Untracked 
|  76|0x000000070ce00000, 0x000000070ce00000, 0x000000070d000000|  0%| F|  |TAMS 0x000000070ce00000| PB 0x000000070ce00000| Untracked 
|  77|0x000000070d000000, 0x000000070d000000, 0x000000070d200000|  0%| F|  |TAMS 0x000000070d000000| PB 0x000000070d000000| Untracked 
|  78|0x000000070d200000, 0x000000070d200000, 0x000000070d400000|  0%| F|  |TAMS 0x000000070d200000| PB 0x000000070d200000| Untracked 
|  79|0x000000070d400000, 0x000000070d400000, 0x000000070d600000|  0%| F|  |TAMS 0x000000070d400000| PB 0x000000070d400000| Untracked 
|  80|0x000000070d600000, 0x000000070d600000, 0x000000070d800000|  0%| F|  |TAMS 0x000000070d600000| PB 0x000000070d600000| Untracked 
|  81|0x000000070d800000, 0x000000070d800000, 0x000000070da00000|  0%| F|  |TAMS 0x000000070d800000| PB 0x000000070d800000| Untracked 
|  82|0x000000070da00000, 0x000000070da00000, 0x000000070dc00000|  0%| F|  |TAMS 0x000000070da00000| PB 0x000000070da00000| Untracked 
|  83|0x000000070dc00000, 0x000000070dc00000, 0x000000070de00000|  0%| F|  |TAMS 0x000000070dc00000| PB 0x000000070dc00000| Untracked 
|  84|0x000000070de00000, 0x000000070de00000, 0x000000070e000000|  0%| F|  |TAMS 0x000000070de00000| PB 0x000000070de00000| Untracked 
|  85|0x000000070e000000, 0x000000070e000000, 0x000000070e200000|  0%| F|  |TAMS 0x000000070e000000| PB 0x000000070e000000| Untracked 
|  86|0x000000070e200000, 0x000000070e200000, 0x000000070e400000|  0%| F|  |TAMS 0x000000070e200000| PB 0x000000070e200000| Untracked 
|  87|0x000000070e400000, 0x000000070e400000, 0x000000070e600000|  0%| F|  |TAMS 0x000000070e400000| PB 0x000000070e400000| Untracked 
|  88|0x000000070e600000, 0x000000070e600000, 0x000000070e800000|  0%| F|  |TAMS 0x000000070e600000| PB 0x000000070e600000| Untracked 
|  89|0x000000070e800000, 0x000000070e800000, 0x000000070ea00000|  0%| F|  |TAMS 0x000000070e800000| PB 0x000000070e800000| Untracked 
|  90|0x000000070ea00000, 0x000000070ea00000, 0x000000070ec00000|  0%| F|  |TAMS 0x000000070ea00000| PB 0x000000070ea00000| Untracked 
|  91|0x000000070ec00000, 0x000000070ec00000, 0x000000070ee00000|  0%| F|  |TAMS 0x000000070ec00000| PB 0x000000070ec00000| Untracked 
|  92|0x000000070ee00000, 0x000000070ee00000, 0x000000070f000000|  0%| F|  |TAMS 0x000000070ee00000| PB 0x000000070ee00000| Untracked 
|  93|0x000000070f000000, 0x000000070f000000, 0x000000070f200000|  0%| F|  |TAMS 0x000000070f000000| PB 0x000000070f000000| Untracked 
|  94|0x000000070f200000, 0x000000070f200000, 0x000000070f400000|  0%| F|  |TAMS 0x000000070f200000| PB 0x000000070f200000| Untracked 
|  95|0x000000070f400000, 0x000000070f400000, 0x000000070f600000|  0%| F|  |TAMS 0x000000070f400000| PB 0x000000070f400000| Untracked 
|  96|0x000000070f600000, 0x000000070f600000, 0x000000070f800000|  0%| F|  |TAMS 0x000000070f600000| PB 0x000000070f600000| Untracked 
|  97|0x000000070f800000, 0x000000070f800000, 0x000000070fa00000|  0%| F|  |TAMS 0x000000070f800000| PB 0x000000070f800000| Untracked 
|  98|0x000000070fa00000, 0x000000070fa00000, 0x000000070fc00000|  0%| F|  |TAMS 0x000000070fa00000| PB 0x000000070fa00000| Untracked 
|  99|0x000000070fc00000, 0x000000070fc00000, 0x000000070fe00000|  0%| F|  |TAMS 0x000000070fc00000| PB 0x000000070fc00000| Untracked 
| 100|0x000000070fe00000, 0x000000070fe00000, 0x0000000710000000|  0%| F|  |TAMS 0x000000070fe00000| PB 0x000000070fe00000| Untracked 
| 101|0x0000000710000000, 0x0000000710000000, 0x0000000710200000|  0%| F|  |TAMS 0x0000000710000000| PB 0x0000000710000000| Untracked 
| 102|0x0000000710200000, 0x0000000710200000, 0x0000000710400000|  0%| F|  |TAMS 0x0000000710200000| PB 0x0000000710200000| Untracked 
| 103|0x0000000710400000, 0x0000000710400000, 0x0000000710600000|  0%| F|  |TAMS 0x0000000710400000| PB 0x0000000710400000| Untracked 
| 104|0x0000000710600000, 0x0000000710600000, 0x0000000710800000|  0%| F|  |TAMS 0x0000000710600000| PB 0x0000000710600000| Untracked 
| 105|0x0000000710800000, 0x0000000710800000, 0x0000000710a00000|  0%| F|  |TAMS 0x0000000710800000| PB 0x0000000710800000| Untracked 
| 106|0x0000000710a00000, 0x0000000710a00000, 0x0000000710c00000|  0%| F|  |TAMS 0x0000000710a00000| PB 0x0000000710a00000| Untracked 
| 107|0x0000000710c00000, 0x0000000710c00000, 0x0000000710e00000|  0%| F|  |TAMS 0x0000000710c00000| PB 0x0000000710c00000| Untracked 
| 108|0x0000000710e00000, 0x0000000710e00000, 0x0000000711000000|  0%| F|  |TAMS 0x0000000710e00000| PB 0x0000000710e00000| Untracked 
| 109|0x0000000711000000, 0x0000000711000000, 0x0000000711200000|  0%| F|  |TAMS 0x0000000711000000| PB 0x0000000711000000| Untracked 
| 110|0x0000000711200000, 0x0000000711200000, 0x0000000711400000|  0%| F|  |TAMS 0x0000000711200000| PB 0x0000000711200000| Untracked 
| 111|0x0000000711400000, 0x0000000711400000, 0x0000000711600000|  0%| F|  |TAMS 0x0000000711400000| PB 0x0000000711400000| Untracked 
| 112|0x0000000711600000, 0x0000000711600000, 0x0000000711800000|  0%| F|  |TAMS 0x0000000711600000| PB 0x0000000711600000| Untracked 
| 113|0x0000000711800000, 0x0000000711800000, 0x0000000711a00000|  0%| F|  |TAMS 0x0000000711800000| PB 0x0000000711800000| Untracked 
| 114|0x0000000711a00000, 0x0000000711a00000, 0x0000000711c00000|  0%| F|  |TAMS 0x0000000711a00000| PB 0x0000000711a00000| Untracked 
| 115|0x0000000711c00000, 0x0000000711c00000, 0x0000000711e00000|  0%| F|  |TAMS 0x0000000711c00000| PB 0x0000000711c00000| Untracked 
| 116|0x0000000711e00000, 0x0000000711e00000, 0x0000000712000000|  0%| F|  |TAMS 0x0000000711e00000| PB 0x0000000711e00000| Untracked 
| 117|0x0000000712000000, 0x0000000712000000, 0x0000000712200000|  0%| F|  |TAMS 0x0000000712000000| PB 0x0000000712000000| Untracked 
| 118|0x0000000712200000, 0x0000000712200000, 0x0000000712400000|  0%| F|  |TAMS 0x0000000712200000| PB 0x0000000712200000| Untracked 
| 119|0x0000000712400000, 0x0000000712400000, 0x0000000712600000|  0%| F|  |TAMS 0x0000000712400000| PB 0x0000000712400000| Untracked 
| 120|0x0000000712600000, 0x0000000712600000, 0x0000000712800000|  0%| F|  |TAMS 0x0000000712600000| PB 0x0000000712600000| Untracked 
| 121|0x0000000712800000, 0x0000000712800000, 0x0000000712a00000|  0%| F|  |TAMS 0x0000000712800000| PB 0x0000000712800000| Untracked 
| 122|0x0000000712a00000, 0x0000000712a00000, 0x0000000712c00000|  0%| F|  |TAMS 0x0000000712a00000| PB 0x0000000712a00000| Untracked 
| 123|0x0000000712c00000, 0x0000000712c00000, 0x0000000712e00000|  0%| F|  |TAMS 0x0000000712c00000| PB 0x0000000712c00000| Untracked 
| 124|0x0000000712e00000, 0x0000000712e00000, 0x0000000713000000|  0%| F|  |TAMS 0x0000000712e00000| PB 0x0000000712e00000| Untracked 
| 125|0x0000000713000000, 0x0000000713000000, 0x0000000713200000|  0%| F|  |TAMS 0x0000000713000000| PB 0x0000000713000000| Untracked 
| 126|0x0000000713200000, 0x0000000713200000, 0x0000000713400000|  0%| F|  |TAMS 0x0000000713200000| PB 0x0000000713200000| Untracked 

Card table byte_map: [0x0000027a6acc0000,0x0000027a6b4b0000] _byte_map_base: 0x0000027a674a5000

Marking Bits: (CMBitMap*) 0x0000027a53166ad0
 Bits: [0x0000027a6bca0000, 0x0000027a6fbc8000)

Polling page: 0x0000027a528b0000

Metaspace:

Usage:
  Non-class:      3.16 MB used.
      Class:    328.03 KB used.
       Both:      3.48 MB used.

Virtual space:
  Non-class space:       64.00 MB reserved,       3.25 MB (  5%) committed,  1 nodes.
      Class space:        1.00 GB reserved,     448.00 KB ( <1%) committed,  1 nodes.
             Both:        1.06 GB reserved,       3.69 MB ( <1%) committed. 

Chunk freelists:
   Non-Class:  2.26 MB
       Class:  3.48 MB
        Both:  5.75 MB

MaxMetaspaceSize: unlimited
CompressedClassSpaceSize: 1.00 GB
Initial GC threshold: 21.00 MB
Current GC threshold: 21.00 MB
CDS: on
MetaspaceReclaimPolicy: balanced
 - commit_granule_bytes: 65536.
 - commit_granule_words: 8192.
 - virtual_space_node_default_size: 8388608.
 - enlarge_chunks_in_place: 1.
 - new_chunks_are_fully_committed: 0.
 - uncommit_free_chunks: 1.
 - use_allocation_guard: 0.


Internal statistics:

num_allocs_failed_limit: 0.
num_arena_births: 204.
num_arena_deaths: 0.
num_vsnodes_births: 2.
num_vsnodes_deaths: 0.
num_space_committed: 59.
num_space_uncommitted: 0.
num_chunks_returned_to_freelist: 0.
num_chunks_taken_from_freelist: 303.
num_chunk_merges: 0.
num_chunk_splits: 202.
num_chunks_enlarged: 122.
num_inconsistent_stats: 0.

CodeHeap 'non-profiled nmethods': size=120000Kb used=900Kb max_used=900Kb free=119100Kb
 bounds [0x0000027a62c70000, 0x0000027a62ee0000, 0x0000027a6a1a0000]
CodeHeap 'profiled nmethods': size=120000Kb used=2150Kb max_used=2150Kb free=117849Kb
 bounds [0x0000027a5b1a0000, 0x0000027a5b410000, 0x0000027a626d0000]
CodeHeap 'non-nmethods': size=5760Kb used=1746Kb max_used=1788Kb free=4014Kb
 bounds [0x0000027a626d0000, 0x0000027a62940000, 0x0000027a62c70000]
 total_blobs=1828 nmethods=1217 adapters=522
 compilation: enabled
              stopped_count=0, restarted_count=0
 full_count=0

Compilation events (20 events):
Event: 7.614 Thread 0x0000027a77df0640 nmethod 1207 0x0000027a62d43f10 code [0x0000027a62d440a0, 0x0000027a62d44460]
Event: 7.614 Thread 0x0000027a77df0640 1208       4       ilog.cplex.CpxRange::addNewToExpr (59 bytes)
Event: 7.621 Thread 0x0000027a77df0640 nmethod 1208 0x0000027a62d44610 code [0x0000027a62d44880, 0x0000027a62d45588]
Event: 7.621 Thread 0x0000027a77df0640 1210       4       ilog.cplex.CpxLinearExpr::<init> (84 bytes)
Event: 7.624 Thread 0x0000027a77df0640 nmethod 1210 0x0000027a62d45f10 code [0x0000027a62d460a0, 0x0000027a62d465b0]
Event: 7.661 Thread 0x0000027a77df0640 1211       4       java.util.Comparator$$Lambda$18/0x0000000801051540::compare (16 bytes)
Event: 7.662 Thread 0x0000027a77df0640 nmethod 1211 0x0000027a62d46710 code [0x0000027a62d46880, 0x0000027a62d469d0]
Event: 7.662 Thread 0x0000027a77df0640 1212       4       java.util.LinkedList$ListItr::previous (70 bytes)
Event: 7.663 Thread 0x0000027a77df0640 nmethod 1212 0x0000027a62d46b10 code [0x0000027a62d46c80, 0x0000027a62d46f60]
Event: 7.663 Thread 0x0000027a77df0640 1213       4       java.util.LinkedList$ListItr::add (60 bytes)
Event: 7.667 Thread 0x0000027a77df0640 nmethod 1213 0x0000027a62d47090 code [0x0000027a62d47200, 0x0000027a62d476b8]
Event: 7.667 Thread 0x0000027a77df0640 1214       4       java.util.LinkedList::linkBefore (63 bytes)
Event: 7.669 Thread 0x0000027a77df0640 nmethod 1214 0x0000027a62d47810 code [0x0000027a62d47980, 0x0000027a62d47d38]
Event: 7.732 Thread 0x0000027a768203f0 nmethod 1209 0x0000027a62d47e10 code [0x0000027a62d48220, 0x0000027a62d4d618]
Event: 11.038 Thread 0x0000027a76824ad0 1215       3       java.nio.CharBuffer::hasArray (20 bytes)
Event: 11.038 Thread 0x0000027a76824ad0 nmethod 1215 0x0000027a5b3b8c90 code [0x0000027a5b3b8e20, 0x0000027a5b3b8fd0]
Event: 11.038 Thread 0x0000027a76824ad0 1216       3       java.nio.ByteBuffer::hasArray (20 bytes)
Event: 11.038 Thread 0x0000027a76824ad0 nmethod 1216 0x0000027a5b3b9090 code [0x0000027a5b3b9220, 0x0000027a5b3b93d0]
Event: 11.038 Thread 0x0000027a76824ad0 1217       3       java.nio.CharBuffer::array (35 bytes)
Event: 11.038 Thread 0x0000027a76824ad0 nmethod 1217 0x0000027a5b3b9490 code [0x0000027a5b3b9640, 0x0000027a5b3b9918]

GC Heap History (19 events):
Event: 0.340 GC heap before
{Heap before GC invocations=0 (full 0):
 garbage-first heap   total 260096K, used 20480K [0x0000000703600000, 0x0000000800000000)
  region size 2048K, 11 young (22528K), 0 survivors (0K)
 Metaspace       used 3026K, committed 3200K, reserved 1114112K
  class space    used 285K, committed 384K, reserved 1048576K
}
Event: 0.342 GC heap after
{Heap after GC invocations=1 (full 0):
 garbage-first heap   total 260096K, used 2735K [0x0000000703600000, 0x0000000800000000)
  region size 2048K, 2 young (4096K), 2 survivors (4096K)
 Metaspace       used 3026K, committed 3200K, reserved 1114112K
  class space    used 285K, committed 384K, reserved 1048576K
}
Event: 0.458 GC heap before
{Heap before GC invocations=1 (full 0):
 garbage-first heap   total 260096K, used 37551K [0x0000000703600000, 0x0000000800000000)
  region size 2048K, 20 young (40960K), 2 survivors (4096K)
 Metaspace       used 3131K, committed 3392K, reserved 1114112K
  class space    used 294K, committed 448K, reserved 1048576K
}
Event: 0.461 GC heap after
{Heap after GC invocations=2 (full 0):
 garbage-first heap   total 260096K, used 4624K [0x0000000703600000, 0x0000000800000000)
  region size 2048K, 3 young (6144K), 3 survivors (6144K)
 Metaspace       used 3131K, committed 3392K, reserved 1114112K
  class space    used 294K, committed 448K, reserved 1048576K
}
Event: 1.536 GC heap before
{Heap before GC invocations=2 (full 0):
 garbage-first heap   total 260096K, used 152080K [0x0000000703600000, 0x0000000800000000)
  region size 2048K, 76 young (155648K), 3 survivors (6144K)
 Metaspace       used 3498K, committed 3776K, reserved 1114112K
  class space    used 327K, committed 448K, reserved 1048576K
}
Event: 1.538 GC heap after
{Heap after GC invocations=3 (full 0):
 garbage-first heap   total 260096K, used 3856K [0x0000000703600000, 0x0000000800000000)
  region size 2048K, 2 young (4096K), 2 survivors (4096K)
 Metaspace       used 3498K, committed 3776K, reserved 1114112K
  class space    used 327K, committed 448K, reserved 1048576K
}
Event: 1.574 GC heap before
{Heap before GC invocations=3 (full 0):
 garbage-first heap   total 260096K, used 155408K [0x0000000703600000, 0x0000000800000000)
  region size 2048K, 76 young (155648K), 2 survivors (4096K)
 Metaspace       used 3499K, committed 3776K, reserved 1114112K
  class space    used 327K, committed 448K, reserved 1048576K
}
Event: 1.576 GC heap after
{Heap after GC invocations=4 (full 0):
 garbage-first heap   total 260096K, used 3905K [0x0000000703600000, 0x0000000800000000)
  region size 2048K, 2 young (4096K), 2 survivors (4096K)
 Metaspace       used 3499K, committed 3776K, reserved 1114112K
  class space    used 327K, committed 448K, reserved 1048576K
}
Event: 2.333 GC heap before
{Heap before GC invocations=4 (full 0):
 garbage-first heap   total 260096K, used 155457K [0x0000000703600000, 0x0000000800000000)
  region size 2048K, 76 young (155648K), 2 survivors (4096K)
 Metaspace       used 3534K, committed 3776K, reserved 1114112K
  class space    used 328K, committed 448K, reserved 1048576K
}
Event: 2.335 GC heap after
{Heap after GC invocations=5 (full 0):
 garbage-first heap   total 260096K, used 4077K [0x0000000703600000, 0x0000000800000000)
  region size 2048K, 2 young (4096K), 2 survivors (4096K)
 Metaspace       used 3534K, committed 3776K, reserved 1114112K
  class space    used 328K, committed 448K, reserved 1048576K
}
Event: 2.428 GC heap before
{Heap before GC invocations=5 (full 0):
 garbage-first heap   total 260096K, used 155629K [0x0000000703600000, 0x0000000800000000)
  region size 2048K, 76 young (155648K), 2 survivors (4096K)
 Metaspace       used 3547K, committed 3776K, reserved 1114112K
  class space    used 328K, committed 448K, reserved 1048576K
}
Event: 2.431 GC heap after
{Heap after GC invocations=6 (full 0):
 garbage-first heap   total 260096K, used 4198K [0x0000000703600000, 0x0000000800000000)
  region size 2048K, 3 young (6144K), 3 survivors (6144K)
 Metaspace       used 3547K, committed 3776K, reserved 1114112K
  class space    used 328K, committed 448K, reserved 1048576K
}
Event: 3.334 GC heap before
{Heap before GC invocations=6 (full 0):
 garbage-first heap   total 260096K, used 153702K [0x0000000703600000, 0x0000000800000000)
  region size 2048K, 76 young (155648K), 3 survivors (6144K)
 Metaspace       used 3548K, committed 3776K, reserved 1114112K
  class space    used 328K, committed 448K, reserved 1048576K
}
Event: 3.336 GC heap after
{Heap after GC invocations=7 (full 0):
 garbage-first heap   total 260096K, used 4316K [0x0000000703600000, 0x0000000800000000)
  region size 2048K, 3 young (6144K), 3 survivors (6144K)
 Metaspace       used 3548K, committed 3776K, reserved 1114112K
  class space    used 328K, committed 448K, reserved 1048576K
}
Event: 7.560 GC heap before
{Heap before GC invocations=7 (full 0):
 garbage-first heap   total 260096K, used 153820K [0x0000000703600000, 0x0000000800000000)
  region size 2048K, 76 young (155648K), 3 survivors (6144K)
 Metaspace       used 3558K, committed 3776K, reserved 1114112K
  class space    used 328K, committed 448K, reserved 1048576K
}
Event: 7.562 GC heap after
{Heap after GC invocations=8 (full 0):
 garbage-first heap   total 260096K, used 4319K [0x0000000703600000, 0x0000000800000000)
  region size 2048K, 3 young (6144K), 3 survivors (6144K)
 Metaspace       used 3558K, committed 3776K, reserved 1114112K
  class space    used 328K, committed 448K, reserved 1048576K
}
Event: 7.631 GC heap before
{Heap before GC invocations=8 (full 0):
 garbage-first heap   total 260096K, used 153823K [0x0000000703600000, 0x0000000800000000)
  region size 2048K, 76 young (155648K), 3 survivors (6144K)
 Metaspace       used 3560K, committed 3776K, reserved 1114112K
  class space    used 328K, committed 448K, reserved 1048576K
}
Event: 7.634 GC heap after
{Heap after GC invocations=9 (full 0):
 garbage-first heap   total 260096K, used 6368K [0x0000000703600000, 0x0000000800000000)
  region size 2048K, 4 young (8192K), 4 survivors (8192K)
 Metaspace       used 3560K, committed 3776K, reserved 1114112K
  class space    used 328K, committed 448K, reserved 1048576K
}
Event: 11.065 GC heap before
{Heap before GC invocations=9 (full 0):
 garbage-first heap   total 260096K, used 153824K [0x0000000703600000, 0x0000000800000000)
  region size 2048K, 76 young (155648K), 4 survivors (8192K)
 Metaspace       used 3562K, committed 3776K, reserved 1114112K
  class space    used 328K, committed 448K, reserved 1048576K
}

Dll operation events (11 events):
Event: 0.008 Loaded shared library C:\Users\61677\.jdks\openjdk-20.0.1\bin\java.dll
Event: 0.017 Loaded shared library C:\Users\61677\.jdks\openjdk-20.0.1\bin\jsvml.dll
Event: 0.066 Loaded shared library C:\Users\61677\.jdks\openjdk-20.0.1\bin\zip.dll
Event: 0.072 Loaded shared library C:\Users\61677\.jdks\openjdk-20.0.1\bin\instrument.dll
Event: 0.076 Loaded shared library C:\Users\61677\.jdks\openjdk-20.0.1\bin\net.dll
Event: 0.078 Loaded shared library C:\Users\61677\.jdks\openjdk-20.0.1\bin\nio.dll
Event: 0.081 Loaded shared library C:\Users\61677\.jdks\openjdk-20.0.1\bin\zip.dll
Event: 0.091 Loaded shared library C:\Program Files\JetBrains\IntelliJ IDEA Community Edition 2023.1.2\bin\breakgen64.dll
Event: 0.101 Loaded shared library C:\Users\61677\.jdks\openjdk-20.0.1\bin\extnet.dll
Event: 0.166 Loaded shared library C:\Program Files\IBM\ILOG\CPLEX_Studio2212\opl\bin\x64_win64\cplex2212.dll
Event: 1.057 Loaded shared library C:\Users\61677\.jdks\openjdk-20.0.1\bin\jimage.dll

Deoptimization events (20 events):
Event: 1.612 Thread 0x0000027a530f6960 DEOPT PACKING pc=0x0000027a5b2c597e sp=0x000000a114efea00
Event: 1.612 Thread 0x0000027a530f6960 DEOPT UNPACKING pc=0x0000027a6273e462 sp=0x000000a114efdf28 mode 0
Event: 1.613 Thread 0x0000027a530f6960 DEOPT PACKING pc=0x0000027a5b2c597e sp=0x000000a114efea00
Event: 1.613 Thread 0x0000027a530f6960 DEOPT UNPACKING pc=0x0000027a6273e462 sp=0x000000a114efdf28 mode 0
Event: 2.368 Thread 0x0000027a530f6960 DEOPT PACKING pc=0x0000027a5b2c57a5 sp=0x000000a114efea00
Event: 2.368 Thread 0x0000027a530f6960 DEOPT UNPACKING pc=0x0000027a6273e462 sp=0x000000a114efdf28 mode 0
Event: 2.368 Thread 0x0000027a530f6960 DEOPT PACKING pc=0x0000027a5b2c57a5 sp=0x000000a114efea00
Event: 2.368 Thread 0x0000027a530f6960 DEOPT UNPACKING pc=0x0000027a6273e462 sp=0x000000a114efdf28 mode 0
Event: 2.369 Thread 0x0000027a530f6960 DEOPT PACKING pc=0x0000027a5b2c57a5 sp=0x000000a114efea00
Event: 2.369 Thread 0x0000027a530f6960 DEOPT UNPACKING pc=0x0000027a6273e462 sp=0x000000a114efdf28 mode 0
Event: 2.370 Thread 0x0000027a530f6960 DEOPT PACKING pc=0x0000027a5b2c597e sp=0x000000a114efe8a0
Event: 2.370 Thread 0x0000027a530f6960 DEOPT UNPACKING pc=0x0000027a6273e462 sp=0x000000a114efddc8 mode 0
Event: 2.371 Thread 0x0000027a530f6960 DEOPT PACKING pc=0x0000027a5b2c597e sp=0x000000a114efe8a0
Event: 2.371 Thread 0x0000027a530f6960 DEOPT UNPACKING pc=0x0000027a6273e462 sp=0x000000a114efddc8 mode 0
Event: 2.371 Thread 0x0000027a530f6960 DEOPT PACKING pc=0x0000027a5b2c597e sp=0x000000a114efe8a0
Event: 2.371 Thread 0x0000027a530f6960 DEOPT UNPACKING pc=0x0000027a6273e462 sp=0x000000a114efddc8 mode 0
Event: 2.371 Thread 0x0000027a530f6960 DEOPT PACKING pc=0x0000027a5b2c597e sp=0x000000a114efe8a0
Event: 2.371 Thread 0x0000027a530f6960 DEOPT UNPACKING pc=0x0000027a6273e462 sp=0x000000a114efddc8 mode 0
Event: 7.602 Thread 0x0000027a530f6960 DEOPT PACKING pc=0x0000027a5b3a1e4a sp=0x000000a114efed50
Event: 7.602 Thread 0x0000027a530f6960 DEOPT UNPACKING pc=0x0000027a6273e462 sp=0x000000a114efe368 mode 0

Classes loaded (20 events):
Event: 1.066 Loading class java/time/zone/TzdbZoneRulesProvider
Event: 1.066 Loading class java/time/zone/TzdbZoneRulesProvider done
Event: 1.069 Loading class java/time/zone/Ser
Event: 1.069 Loading class java/io/Externalizable
Event: 1.069 Loading class java/io/Externalizable done
Event: 1.069 Loading class java/time/zone/Ser done
Event: 1.070 Loading class java/time/Month
Event: 1.070 Loading class java/time/Month done
Event: 1.070 Loading class java/time/DayOfWeek
Event: 1.070 Loading class java/time/DayOfWeek done
Event: 1.070 Loading class java/time/zone/ZoneOffsetTransitionRule$TimeDefinition
Event: 1.070 Loading class java/time/zone/ZoneOffsetTransitionRule$TimeDefinition done
Event: 1.071 Loading class java/time/zone/ZoneOffsetTransition
Event: 1.071 Loading class java/time/zone/ZoneOffsetTransition done
Event: 1.072 Loading class sun/util/cldr/CLDRBaseLocaleDataMetaInfo$TZCanonicalIDMapHolder
Event: 1.072 Loading class sun/util/cldr/CLDRBaseLocaleDataMetaInfo$TZCanonicalIDMapHolder done
Event: 1.073 Loading class sun/util/resources/TimeZoneNames
Event: 1.073 Loading class sun/util/resources/TimeZoneNames done
Event: 1.073 Loading class sun/util/resources/TimeZoneNames_en
Event: 1.073 Loading class sun/util/resources/TimeZoneNames_en done

Classes unloaded (0 events):
No events

Classes redefined (0 events):
No events

Internal exceptions (7 events):
Event: 0.084 Thread 0x0000027a530f6960 Exception <a 'java/lang/NoSuchMethodError'{0x000000071310b7f8}: 'void java.lang.invoke.DirectMethodHandle$Holder.invokeStatic(java.lang.Object, java.lang.Object, java.lang.Object)'> (0x000000071310b7f8) 
thrown [s\open\src\hotspot\share\interpreter\linkResolver.cpp, line 773]
Event: 0.087 Thread 0x0000027a530f6960 Exception <a 'java/lang/NoSuchMethodError'{0x0000000713122d00}: 'java.lang.Object java.lang.invoke.Invokers$Holder.invokeExact_MT(java.lang.Object, java.lang.Object, java.lang.Object, java.lang.Object, java.lang.Object)'> (0x0000000713122d00) 
thrown [s\open\src\hotspot\share\interpreter\linkResolver.cpp, line 773]
Event: 0.102 Thread 0x0000027a76811d60 Exception <a 'java/lang/NoSuchMethodError'{0x000000071315a2b8}: 'void java.lang.invoke.DirectMethodHandle$Holder.invokeStatic(java.lang.Object, java.lang.Object)'> (0x000000071315a2b8) 
thrown [s\open\src\hotspot\share\interpreter\linkResolver.cpp, line 773]
Event: 0.200 Thread 0x0000027a530f6960 Exception <a 'java/lang/NoSuchMethodError'{0x0000000712ac7c70}: 'int java.lang.invoke.DirectMethodHandle$Holder.invokeVirtual(java.lang.Object, java.lang.Object)'> (0x0000000712ac7c70) 
thrown [s\open\src\hotspot\share\interpreter\linkResolver.cpp, line 773]
Event: 0.201 Thread 0x0000027a530f6960 Exception <a 'java/lang/NoSuchMethodError'{0x0000000712ad21f0}: 'java.lang.Object java.lang.invoke.Invokers$Holder.invokeExact_MT(java.lang.Object, java.lang.Object, java.lang.Object, java.lang.Object, java.lang.Object, java.lang.Object)'> (0x0000000712ad21f0) 
thrown [s\open\src\hotspot\share\interpreter\linkResolver.cpp, line 773]
Event: 0.202 Thread 0x0000027a530f6960 Exception <a 'java/lang/NoSuchMethodError'{0x0000000712adc758}: 'int java.lang.invoke.DirectMethodHandle$Holder.invokeSpecialIFC(java.lang.Object, java.lang.Object, java.lang.Object, java.lang.Object, java.lang.Object)'> (0x0000000712adc758) 
thrown [s\open\src\hotspot\share\interpreter\linkResolver.cpp, line 773]
Event: 0.337 Thread 0x0000027a530f6960 Exception <a 'java/lang/NoSuchMethodError'{0x00000007120cbea8}: 'java.lang.Object java.lang.invoke.DirectMethodHandle$Holder.invokeSpecial(java.lang.Object, java.lang.Object, double, int)'> (0x00000007120cbea8) 
thrown [s\open\src\hotspot\share\interpreter\linkResolver.cpp, line 773]

VM Operations (20 events):
Event: 0.461 Executing VM operation: G1CollectForAllocation done
Event: 1.063 Executing VM operation: HandshakeAllThreads
Event: 1.063 Executing VM operation: HandshakeAllThreads done
Event: 1.535 Executing VM operation: G1CollectForAllocation
Event: 1.538 Executing VM operation: G1CollectForAllocation done
Event: 1.574 Executing VM operation: G1CollectForAllocation
Event: 1.576 Executing VM operation: G1CollectForAllocation done
Event: 2.333 Executing VM operation: G1CollectForAllocation
Event: 2.335 Executing VM operation: G1CollectForAllocation done
Event: 2.428 Executing VM operation: G1CollectForAllocation
Event: 2.431 Executing VM operation: G1CollectForAllocation done
Event: 3.333 Executing VM operation: G1CollectForAllocation
Event: 3.336 Executing VM operation: G1CollectForAllocation done
Event: 4.343 Executing VM operation: Cleanup
Event: 4.344 Executing VM operation: Cleanup done
Event: 7.560 Executing VM operation: G1CollectForAllocation
Event: 7.562 Executing VM operation: G1CollectForAllocation done
Event: 7.631 Executing VM operation: G1CollectForAllocation
Event: 7.634 Executing VM operation: G1CollectForAllocation done
Event: 11.065 Executing VM operation: G1CollectForAllocation

Events (20 events):
Event: 0.017 Thread 0x0000027a530f6960 Thread added: 0x0000027a530f6960
Event: 0.032 Thread 0x0000027a768060c0 Thread added: 0x0000027a768060c0
Event: 0.032 Thread 0x0000027a768068d0 Thread added: 0x0000027a768068d0
Event: 0.032 Thread 0x0000027a7680a530 Thread added: 0x0000027a7680a530
Event: 0.032 Thread 0x0000027a7680c360 Thread added: 0x0000027a7680c360
Event: 0.032 Thread 0x0000027a7680ecb0 Thread added: 0x0000027a7680ecb0
Event: 0.032 Thread 0x0000027a76812800 Thread added: 0x0000027a76812800
Event: 0.033 Thread 0x0000027a768203f0 Thread added: 0x0000027a768203f0
Event: 0.033 Thread 0x0000027a76824ad0 Thread added: 0x0000027a76824ad0
Event: 0.050 Thread 0x0000027a76812d50 Thread added: 0x0000027a76812d50
Event: 0.092 Thread 0x0000027a76811d60 Thread added: 0x0000027a76811d60
Event: 0.092 Thread 0x0000027a768132a0 Thread added: 0x0000027a768132a0
Event: 0.221 Thread 0x0000027a76d9b690 Thread added: 0x0000027a76d9b690
Event: 0.237 Thread 0x0000027a76d38bf0 Thread added: 0x0000027a76d38bf0
Event: 1.050 Thread 0x0000027a76d38bf0 Thread exited: 0x0000027a76d38bf0
Event: 1.213 Thread 0x0000027a76d9b690 Thread exited: 0x0000027a76d9b690
Event: 1.613 Thread 0x0000027a776e0e10 Thread added: 0x0000027a776e0e10
Event: 2.326 Thread 0x0000027a776e0e10 Thread exited: 0x0000027a776e0e10
Event: 7.609 Thread 0x0000027a77df0640 Thread added: 0x0000027a77df0640
Event: 11.038 Thread 0x0000027a77df0640 Thread exited: 0x0000027a77df0640


Dynamic libraries:
0x00007ff7881c0000 - 0x00007ff7881ce000 	C:\Users\61677\.jdks\openjdk-20.0.1\bin\java.exe
0x00007fff53a90000 - 0x00007fff53ca7000 	C:\WINDOWS\SYSTEM32\ntdll.dll
0x00007fff530c0000 - 0x00007fff53184000 	C:\WINDOWS\System32\KERNEL32.DLL
0x00007fff51230000 - 0x00007fff51601000 	C:\WINDOWS\System32\KERNELBASE.dll
0x00007fff51640000 - 0x00007fff51751000 	C:\WINDOWS\System32\ucrtbase.dll
0x00007fff3cef0000 - 0x00007fff3cf07000 	C:\Users\61677\.jdks\openjdk-20.0.1\bin\jli.dll
0x00007fff3bb20000 - 0x00007fff3bb3b000 	C:\Users\61677\.jdks\openjdk-20.0.1\bin\VCRUNTIME140.dll
0x00007fff51a40000 - 0x00007fff51bf1000 	C:\WINDOWS\System32\USER32.dll
0x00007fff51610000 - 0x00007fff51636000 	C:\WINDOWS\System32\win32u.dll
0x00007fff51cc0000 - 0x00007fff51ce9000 	C:\WINDOWS\System32\GDI32.dll
0x00007fff2c680000 - 0x00007fff2c912000 	C:\WINDOWS\WinSxS\amd64_microsoft.windows.common-controls_6595b64144ccf1df_6.0.22621.4830_none_270fe7d773858e80\COMCTL32.dll
0x00007fff50cf0000 - 0x00007fff50e0b000 	C:\WINDOWS\System32\gdi32full.dll
0x00007fff50c50000 - 0x00007fff50cea000 	C:\WINDOWS\System32\msvcp_win.dll
0x00007fff518e0000 - 0x00007fff51987000 	C:\WINDOWS\System32\msvcrt.dll
0x00007fff53800000 - 0x00007fff53831000 	C:\WINDOWS\System32\IMM32.DLL
0x00007fff4e970000 - 0x00007fff4e97c000 	C:\Users\61677\.jdks\openjdk-20.0.1\bin\vcruntime140_1.dll
0x00007fff39200000 - 0x00007fff3928e000 	C:\Users\61677\.jdks\openjdk-20.0.1\bin\msvcp140.dll
0x00007ffef8aa0000 - 0x00007ffef9737000 	C:\Users\61677\.jdks\openjdk-20.0.1\bin\server\jvm.dll
0x00007fff51c00000 - 0x00007fff51cb1000 	C:\WINDOWS\System32\ADVAPI32.dll
0x00007fff53010000 - 0x00007fff530b7000 	C:\WINDOWS\System32\sechost.dll
0x00007fff50f50000 - 0x00007fff50f78000 	C:\WINDOWS\System32\bcrypt.dll
0x00007fff532a0000 - 0x00007fff533b4000 	C:\WINDOWS\System32\RPCRT4.dll
0x00007fff4e910000 - 0x00007fff4e919000 	C:\WINDOWS\SYSTEM32\WSOCK32.dll
0x00007fff533d0000 - 0x00007fff53441000 	C:\WINDOWS\System32\WS2_32.dll
0x00007fff4c7f0000 - 0x00007fff4c7fa000 	C:\WINDOWS\SYSTEM32\VERSION.dll
0x00007fff4aa00000 - 0x00007fff4aa34000 	C:\WINDOWS\SYSTEM32\WINMM.dll
0x00007fff4fd10000 - 0x00007fff4fd28000 	C:\WINDOWS\SYSTEM32\kernel.appcore.dll
0x00007fff415f0000 - 0x00007fff415fa000 	C:\Users\61677\.jdks\openjdk-20.0.1\bin\jimage.dll
0x00007fff4db00000 - 0x00007fff4dd32000 	C:\WINDOWS\SYSTEM32\DBGHELP.DLL
0x00007fff53470000 - 0x00007fff53800000 	C:\WINDOWS\System32\combase.dll
0x00007fff51760000 - 0x00007fff51837000 	C:\WINDOWS\System32\OLEAUT32.dll
0x00007fff4d840000 - 0x00007fff4d872000 	C:\WINDOWS\SYSTEM32\dbgcore.DLL
0x00007fff50bd0000 - 0x00007fff50c4b000 	C:\WINDOWS\System32\bcryptPrimitives.dll
0x00007fff415c0000 - 0x00007fff415ce000 	C:\Users\61677\.jdks\openjdk-20.0.1\bin\instrument.dll
0x00007fff3baf0000 - 0x00007fff3bb16000 	C:\Users\61677\.jdks\openjdk-20.0.1\bin\java.dll
0x00007fff39120000 - 0x00007fff391f7000 	C:\Users\61677\.jdks\openjdk-20.0.1\bin\jsvml.dll
0x00007fff51cf0000 - 0x00007fff52578000 	C:\WINDOWS\System32\SHELL32.dll
0x00007fff50f80000 - 0x00007fff510bf000 	C:\WINDOWS\System32\wintypes.dll
0x00007fff4eb40000 - 0x00007fff4f44d000 	C:\WINDOWS\SYSTEM32\windows.storage.dll
0x00007fff53840000 - 0x00007fff5394a000 	C:\WINDOWS\System32\SHCORE.dll
0x00007fff52f30000 - 0x00007fff52f8e000 	C:\WINDOWS\System32\shlwapi.dll
0x00007fff50b00000 - 0x00007fff50b2b000 	C:\WINDOWS\SYSTEM32\profapi.dll
0x00007fff3a020000 - 0x00007fff3a038000 	C:\Users\61677\.jdks\openjdk-20.0.1\bin\zip.dll
0x00007fff3bad0000 - 0x00007fff3bae3000 	C:\Users\61677\.jdks\openjdk-20.0.1\bin\net.dll
0x00007fff4bc40000 - 0x00007fff4bd6c000 	C:\WINDOWS\SYSTEM32\WINHTTP.dll
0x00007fff50180000 - 0x00007fff501ea000 	C:\WINDOWS\system32\mswsock.dll
0x00007fff3a070000 - 0x00007fff3a086000 	C:\Users\61677\.jdks\openjdk-20.0.1\bin\nio.dll
0x00007fff39320000 - 0x00007fff3933a000 	C:\Program Files\JetBrains\IntelliJ IDEA Community Edition 2023.1.2\bin\breakgen64.dll
0x00007fff41460000 - 0x00007fff41467000 	C:\Users\61677\.jdks\openjdk-20.0.1\bin\extnet.dll
0x00007ffeca670000 - 0x00007ffecc1a2000 	C:\Program Files\IBM\ILOG\CPLEX_Studio2212\opl\bin\x64_win64\cplex2212.dll

dbghelp: loaded successfully - version: 4.0.5 - missing functions: none
symbol engine: initialized successfully - sym options: 0x614 - pdb path: .;C:\Users\61677\.jdks\openjdk-20.0.1\bin;C:\WINDOWS\SYSTEM32;C:\WINDOWS\WinSxS\amd64_microsoft.windows.common-controls_6595b64144ccf1df_6.0.22621.4830_none_270fe7d773858e80;C:\Users\61677\.jdks\openjdk-20.0.1\bin\server;C:\Program Files\JetBrains\IntelliJ IDEA Community Edition 2023.1.2\bin;C:\Program Files\IBM\ILOG\CPLEX_Studio2212\opl\bin\x64_win64

VM Arguments:
jvm_args: -javaagent:C:\Program Files\JetBrains\IntelliJ IDEA Community Edition 2023.1.2\lib\idea_rt.jar=62634:C:\Program Files\JetBrains\IntelliJ IDEA Community Edition 2023.1.2\bin -Dfile.encoding=UTF-8 -Dsun.stdout.encoding=UTF-8 -Dsun.stderr.encoding=UTF-8 
java_command: Benchmark.BenchmarkForDriverScheduleCG -d D:\testWhetherRecover\4(3)Decomposed-DriverSchedule-TW-CGforDriverSchedulingProblem - onlyLabeling\instances -initial D:\testWhetherRecover\4(3)Decomposed-DriverSchedule-TW-CGforDriverSchedulingProblem - onlyLabeling\initialSchedules -result D:\testWhetherRecover\results -out D:\testWhetherRecover\result.csv
java_class_path (initial): D:\testWhetherRecover\4(3)Decomposed-DriverSchedule-TW-CGforDriverSchedulingProblem - onlyLabeling\out\production\RoutingAndScheduling;C:\Program Files\IBM\ILOG\CPLEX_Studio2212\cplex\lib\cplex.jar
Launcher Type: SUN_STANDARD

[Global flags]
     intx CICompilerCount                          = 4                                         {product} {ergonomic}
     uint ConcGCThreads                            = 2                                         {product} {ergonomic}
     uint G1ConcRefinementThreads                  = 8                                         {product} {ergonomic}
   size_t G1HeapRegionSize                         = 2097152                                   {product} {ergonomic}
    uintx GCDrainStackTargetSize                   = 64                                        {product} {ergonomic}
   size_t InitialHeapSize                          = 266338304                                 {product} {ergonomic}
   size_t MarkStackSize                            = 4194304                                   {product} {ergonomic}
   size_t MaxHeapSize                              = 4238344192                                {product} {ergonomic}
   size_t MaxNewSize                               = 2541748224                                {product} {ergonomic}
   size_t MinHeapDeltaBytes                        = 2097152                                   {product} {ergonomic}
   size_t MinHeapSize                              = 8388608                                   {product} {ergonomic}
    uintx NonNMethodCodeHeapSize                   = 5839372                                {pd product} {ergonomic}
    uintx NonProfiledCodeHeapSize                  = 122909434                              {pd product} {ergonomic}
    uintx ProfiledCodeHeapSize                     = 122909434                              {pd product} {ergonomic}
    uintx ReservedCodeCacheSize                    = 251658240                              {pd product} {ergonomic}
     bool SegmentedCodeCache                       = true                                      {product} {ergonomic}
   size_t SoftMaxHeapSize                          = 4238344192                             {manageable} {ergonomic}
     bool UseCompressedClassPointers               = true                           {product lp64_product} {ergonomic}
     bool UseCompressedOops                        = true                           {product lp64_product} {ergonomic}
     bool UseG1GC                                  = true                                      {product} {ergonomic}
     bool UseLargePagesIndividualAllocation        = false                                  {pd product} {ergonomic}

Logging:
Log output configuration:
 #0: stdout all=warning uptime,level,tags foldmultilines=false
 #1: stderr all=off uptime,level,tags foldmultilines=false

Environment Variables:
PATH=C:\Program Files\IBM\ILOG\CPLEX_Studio2212\opl\bin\x64_win64;C:\Program Files\IBM\ILOG\CPLEX_Studio2212\opl\oplide\;C:\Program Files\IBM\ILOG\CPLEX_Studio2212\cplex\bin\x64_win64;C:\Program Files\IBM\ILOG\CPLEX_Studio2212\cpoptimizer\bin\x64_win64;C:\Program Files\Common Files\Oracle\Java\javapath;C:\Program Files (x86)\Common Files\Oracle\Java\java8path;C:\Program Files (x86)\Common Files\Oracle\Java\javapath;C:\Program Files\Artelys\Knitro 13.0.1\knitroampl;C:\Program Files\Artelys\Knitro 13.0.1\lib;C:\Program Files\IBM\ILOG\CPLEX_Studio1263\opl\bin\x64_win64;C:\Program Files\IBM\ILOG\CPLEX_Studio1263\opl\oplide\;C:\Program Files\IBM\ILOG\CPLEX_Studio1263\cplex\bin\x64_win64;C:\Program Files\IBM\ILOG\CPLEX_Studio1263\cpoptimizer\bin\x64_win64;C:\Windows\system32;C:\Windows;C:\Windows\System32\Wbem;C:\Windows\System32\WindowsPowerShell\v1.0\;C:\Windows\System32\OpenSSH\;C:\Program Files (x86)\NVIDIA Corporation\PhysX\Common;C:\Program Files\NVIDIA Corporation\NVIDIA NvDLISR;C:\WINDOWS\system32;C:\WINDOWS;C:\WINDOWS\System32\Wbem;C:\WINDOWS\System32\WindowsPowerShell\v1.0\;C:\WINDOWS\System32\OpenSSH\;C:\Program Files\MiKTeX\miktex\bin\x64\;D:\LenovoSoftstore\Install\c\bin;D:\LenovoSoftstore\Install\perl\site\bin;D:\LenovoSoftstore\Install\perl\bin;D:\LenovoSoftstore\Git\cmd;C:\Users\61677\AppData\Local\Programs\Python\Launcher\;C:\Users\61677\AppData\Local\Microsoft\WindowsApps;D:\LenovoSoftstore\Install\\;C:\Program Files\JetBrains\IntelliJ IDEA Community Edition 2022.1.4\bin;;C:\Users\61677\AppData\Local\Programs\MiKTeX\miktex\bin\x64\;D:\LenovoQMDownload\SoftMgr\texlive\2022\bin\wi??;
USERNAME=Sun
OS=Windows_NT
PROCESSOR_IDENTIFIER=Intel64 Family 6 Model 140 Stepping 1, GenuineIntel
TMP=C:\Users\61677\AppData\Local\Temp
TEMP=C:\Users\61677\AppData\Local\Temp




---------------  S Y S T E M  ---------------

OS:
 Windows 11 , 64 bit Build 22621 (10.0.22621.4974)
OS uptime: 14 days 21:43 hours

CPU: total 8 (initial active 8) (4 cores per cpu, 2 threads per core) family 6 model 140 stepping 1 microcode 0xa4, cx8, cmov, fxsr, ht, mmx, 3dnowpref, sse, sse2, sse3, ssse3, sse4.1, sse4.2, popcnt, lzcnt, tsc, tscinvbit, avx, avx2, aes, erms, clmul, bmi1, bmi2, adx, avx512f, avx512dq, avx512cd, avx512bw, avx512vl, sha, fma, vzeroupper, avx512_vpopcntdq, avx512_vpclmulqdq, avx512_vaes, avx512_vnni, clflush, clflushopt, clwb, avx512_vbmi2, avx512_vbmi, rdtscp, rdpid, fsrm, gfni, avx512_bitalg, f16c, pku, cet_ibt, cet_ss, avx512_ifma

Memory: 4k page, system-wide physical 16167M (1881M free)
TotalPageFile size 16187M (AvailPageFile size 43M)
current process WorkingSet (physical memory assigned to process): 212M, peak: 240M
current process commit charge ("private bytes"): 354M, peak: 434M

vm_info: OpenJDK 64-Bit Server VM (20.0.1+9-29) for windows-amd64 JRE (20.0.1+9-29), built on 2023-03-07T13:56:11Z by "mach5one" with MS VC++ 17.1 (VS2022)

END.
