#
# There is insufficient memory for the Java Runtime Environment to continue.
# Native memory allocation (mmap) failed to map 717225984 bytes for G1 virtual space
# Possible reasons:
#   The system is out of physical RAM or swap space
#   The process is running with CompressedOops enabled, and the Java Heap may be blocking the growth of the native heap
# Possible solutions:
#   Reduce memory load on the system
#   Increase physical memory or swap space
#   Check if swap backing store is full
#   Decrease Java heap size (-Xmx/-Xms)
#   Decrease number of Java threads
#   Decrease Java thread stack sizes (-Xss)
#   Set larger code cache with -XX:ReservedCodeCacheSize=
#   JVM is running with Zero Based Compressed Oops mode in which the Java heap is
#     placed in the first 32GB address space. The Java Heap base address is the
#     maximum limit for the native heap growth. Please use -XX:HeapBaseMinAddress
#     to set the Java Heap base and to place the Java Heap above 32GB virtual address.
# This output file may be truncated or incomplete.
#
#  Out of Memory Error (os_windows.cpp:3528), pid=3952, tid=5744
#
# JRE version: OpenJDK Runtime Environment (20.0.1+9) (build 20.0.1+9-29)
# Java VM: OpenJDK 64-Bit Server VM (20.0.1+9-29, mixed mode, sharing, tiered, compressed oops, compressed class ptrs, g1 gc, windows-amd64)
# No core dump will be written. Minidumps are not enabled by default on client versions of Windows
#

---------------  S U M M A R Y ------------

Command Line: -javaagent:C:\Program Files\JetBrains\IntelliJ IDEA Community Edition 2023.1.2\lib\idea_rt.jar=63416:C:\Program Files\JetBrains\IntelliJ IDEA Community Edition 2023.1.2\bin -Dfile.encoding=UTF-8 -Dsun.stdout.encoding=UTF-8 -Dsun.stderr.encoding=UTF-8 Benchmark.BenchmarkForDriverScheduleCG -d D:\testWhetherRecover\4(3)Decomposed-DriverSchedule-TW-CGforDriverSchedulingProblem - onlyLabeling\instances -initial D:\testWhetherRecover\4(3)Decomposed-DriverSchedule-TW-CGforDriverSchedulingProblem - onlyLabeling\initialSchedules -result D:\testWhetherRecover\results -out D:\testWhetherRecover\result.csv

Host: 11th Gen Intel(R) Core(TM) i5-1135G7 @ 2.40GHz, 8 cores, 15G,  Windows 11 , 64 bit Build 22621 (10.0.22621.4974)
Time: Wed Apr  2 17:06:55 2025  Windows 11 , 64 bit Build 22621 (10.0.22621.4974) elapsed time: 76.438076 seconds (0d 0h 1m 16s)

---------------  T H R E A D  ---------------

Current thread (0x000002217ce39040):  VMThread "VM Thread" [stack: 0x000000485d200000,0x000000485d300000] [id=5744]

Stack: [0x000000485d200000,0x000000485d300000]
Native frames: (J=compiled Java code, j=interpreted, Vv=VM code, C=native code)
V  [jvm.dll+0x6bb95a]
V  [jvm.dll+0x8485fa]
V  [jvm.dll+0x84a1f5]
V  [jvm.dll+0x84a8f3]
V  [jvm.dll+0x280b0f]
V  [jvm.dll+0x6b86e9]
V  [jvm.dll+0x6ad2da]
V  [jvm.dll+0x35adf5]
V  [jvm.dll+0x363016]
V  [jvm.dll+0x3b3b3e]
V  [jvm.dll+0x3b3dc5]
V  [jvm.dll+0x32b50a]
V  [jvm.dll+0x32b5b7]
V  [jvm.dll+0x373942]
V  [jvm.dll+0x372140]
V  [jvm.dll+0x32ac51]
V  [jvm.dll+0x371836]
V  [jvm.dll+0x85023e]
V  [jvm.dll+0x851351]
V  [jvm.dll+0x851859]
V  [jvm.dll+0x851ad3]
V  [jvm.dll+0x7f4b56]
V  [jvm.dll+0x6ba5cb]
C  [ucrtbase.dll+0x29333]
C  [KERNEL32.DLL+0x1259d]
C  [ntdll.dll+0x5af38]

VM_Operation (0x000000485ccff170): G1CollectForAllocation, mode: safepoint, requested by thread 0x000002216c934120


---------------  P R O C E S S  ---------------

Threads class SMR info:
_java_thread_list=0x000002217e48b760, length=12, elements={
0x000002216c934120, 0x000002217ce5d0d0, 0x000002217ce5e160, 0x000002217ce5fb90,
0x000002217ce617d0, 0x000002217ce643b0, 0x000002217ce650b0, 0x000002217ce670f0,
0x000002217ce70b50, 0x000002217ce24a10, 0x000002217d14b420, 0x000002217d14b970
}

Java Threads: ( => current thread )
  0x000002216c934120 JavaThread "main" [_thread_blocked, id=952, stack(0x000000485cc00000,0x000000485cd00000)]
  0x000002217ce5d0d0 JavaThread "Reference Handler" daemon [_thread_blocked, id=19888, stack(0x000000485d300000,0x000000485d400000)]
  0x000002217ce5e160 JavaThread "Finalizer" daemon [_thread_blocked, id=27400, stack(0x000000485d400000,0x000000485d500000)]
  0x000002217ce5fb90 JavaThread "Signal Dispatcher" daemon [_thread_blocked, id=15852, stack(0x000000485d500000,0x000000485d600000)]
  0x000002217ce617d0 JavaThread "Attach Listener" daemon [_thread_blocked, id=28696, stack(0x000000485d600000,0x000000485d700000)]
  0x000002217ce643b0 JavaThread "Service Thread" daemon [_thread_blocked, id=16788, stack(0x000000485d700000,0x000000485d800000)]
  0x000002217ce650b0 JavaThread "Monitor Deflation Thread" daemon [_thread_blocked, id=18940, stack(0x000000485d800000,0x000000485d900000)]
  0x000002217ce670f0 JavaThread "C2 CompilerThread0" daemon [_thread_blocked, id=9624, stack(0x000000485d900000,0x000000485da00000)]
  0x000002217ce70b50 JavaThread "C1 CompilerThread0" daemon [_thread_blocked, id=832, stack(0x000000485da00000,0x000000485db00000)]
  0x000002217ce24a10 JavaThread "Common-Cleaner" daemon [_thread_blocked, id=1296, stack(0x000000485db00000,0x000000485dc00000)]
  0x000002217d14b420 JavaThread "Monitor Ctrl-Break" daemon [_thread_in_native, id=25616, stack(0x000000485dd00000,0x000000485de00000)]
  0x000002217d14b970 JavaThread "Notification Thread" daemon [_thread_blocked, id=11560, stack(0x000000485de00000,0x000000485df00000)]

Other Threads:
=>0x000002217ce39040 VMThread "VM Thread" [stack: 0x000000485d200000,0x000000485d300000] [id=5744]
  0x000002217d09a780 WatcherThread "VM Periodic Task Thread" [stack: 0x000000485df00000,0x000000485e000000] [id=6404]
  0x000002216c9a4e70 WorkerThread "GC Thread#0" [stack: 0x000000485cd00000,0x000000485ce00000] [id=27580]
  0x000002217defc2b0 WorkerThread "GC Thread#1" [stack: 0x000000485e100000,0x000000485e200000] [id=27468]
  0x000002217d2b8d30 WorkerThread "GC Thread#2" [stack: 0x000000485e200000,0x000000485e300000] [id=20316]
  0x000002217df0d690 WorkerThread "GC Thread#3" [stack: 0x000000485e300000,0x000000485e400000] [id=25816]
  0x000002217df0dc30 WorkerThread "GC Thread#4" [stack: 0x000000485e400000,0x000000485e500000] [id=26492]
  0x000002217df0d960 WorkerThread "GC Thread#5" [stack: 0x000000485e500000,0x000000485e600000] [id=12188]
  0x000002217df0df00 WorkerThread "GC Thread#6" [stack: 0x000000485e000000,0x000000485e100000] [id=27524]
  0x000002217df0d0f0 WorkerThread "GC Thread#7" [stack: 0x000000485dc00000,0x000000485dd00000] [id=13036]
  0x000002216c9b5a10 ConcurrentGCThread "G1 Main Marker" [stack: 0x000000485ce00000,0x000000485cf00000] [id=11448]
  0x000002216c9b6440 WorkerThread "G1 Conc#0" [stack: 0x000000485cf00000,0x000000485d000000] [id=9116]
  0x000002216c9eebf0 ConcurrentGCThread "G1 Refine#0" [stack: 0x000000485d000000,0x000000485d100000] [id=23424]
  0x000002217ccf98b0 ConcurrentGCThread "G1 Service" [stack: 0x000000485d100000,0x000000485d200000] [id=6932]

Threads with active compile tasks:
C2 CompilerThread0    76453 1414   !   4       ColumnGe.MasterProblem::getDualFromConstraintLinkShortConnection (129 bytes)

VM state: at safepoint (normal execution)

VM Mutex/Monitor currently owned by a thread:  ([mutex/lock_event])
[0x000002216c92eed0] Threads_lock - owner thread: 0x000002217ce39040
[0x000002216c930310] Heap_lock - owner thread: 0x000002216c934120

Heap address: 0x0000000703600000, size: 4042 MB, Compressed Oops mode: Zero based, Oop shift amount: 3

CDS archive(s) mapped at: [0x0000000800000000-0x0000000800c60000-0x0000000800c60000), size 12976128, SharedBaseAddress: 0x0000000800000000, ArchiveRelocationMode: 0.
Compressed class space mapped at: 0x0000000801000000-0x0000000841000000, reserved size: 1073741824
Narrow klass base: 0x0000000800000000, Narrow klass shift: 0, Narrow klass range: 0x100000000

GC Precious Log:
 CardTable entry size: 512
 Card Set container configuration: InlinePtr #cards 4 size 8 Array Of Cards #cards 16 size 48 Howl #buckets 8 coarsen threshold 3686 Howl Bitmap #cards 512 size 80 coarsen threshold 460 Card regions per heap region 1 cards per card region 4096
 CPUs: 8 total, 8 available
 Memory: 16167M
 Large Page Support: Disabled
 NUMA Support: Disabled
 Compressed Oops: Enabled (Zero based)
 Heap Region Size: 2M
 Heap Min Capacity: 8M
 Heap Initial Capacity: 254M
 Heap Max Capacity: 4042M
 Pre-touch: Disabled
 Parallel Workers: 8
 Concurrent Workers: 2
 Concurrent Refinement Workers: 8
 Periodic GC: Disabled

Heap:
 garbage-first heap   total 446464K, used 92988K [0x0000000703600000, 0x0000000800000000)
  region size 2048K, 3 young (6144K), 3 survivors (6144K)
 Metaspace       used 3802K, committed 4032K, reserved 1114112K
  class space    used 347K, committed 448K, reserved 1048576K

Heap Regions: E=young(eden), S=young(survivor), O=old, HS=humongous(starts), HC=humongous(continues), CS=collection set, F=free, OA=open archive, CA=closed archive, TAMS=top-at-mark-start, PB=parsable bottom
|   0|0x0000000703600000, 0x0000000703800000, 0x0000000703800000|100%| O|  |TAMS 0x0000000703600000| PB 0x0000000703600000| Untracked 
|   1|0x0000000703800000, 0x0000000703a00000, 0x0000000703a00000|100%| O|  |TAMS 0x0000000703800000| PB 0x0000000703800000| Untracked 
|   2|0x0000000703a00000, 0x0000000703c00000, 0x0000000703c00000|100%| O|  |TAMS 0x0000000703a00000| PB 0x0000000703a00000| Untracked 
|   3|0x0000000703c00000, 0x0000000703e00000, 0x0000000703e00000|100%| O|  |TAMS 0x0000000703c00000| PB 0x0000000703c00000| Untracked 
|   4|0x0000000703e00000, 0x0000000704000000, 0x0000000704000000|100%| O|  |TAMS 0x0000000703e00000| PB 0x0000000703e00000| Untracked 
|   5|0x0000000704000000, 0x0000000704200000, 0x0000000704200000|100%| O|  |TAMS 0x0000000704000000| PB 0x0000000704000000| Untracked 
|   6|0x0000000704200000, 0x0000000704400000, 0x0000000704400000|100%| O|  |TAMS 0x0000000704200000| PB 0x0000000704200000| Untracked 
|   7|0x0000000704400000, 0x0000000704600000, 0x0000000704600000|100%| O|  |TAMS 0x0000000704400000| PB 0x0000000704400000| Untracked 
|   8|0x0000000704600000, 0x0000000704800000, 0x0000000704800000|100%| O|  |TAMS 0x0000000704600000| PB 0x0000000704600000| Untracked 
|   9|0x0000000704800000, 0x0000000704a00000, 0x0000000704a00000|100%| O|  |TAMS 0x0000000704800000| PB 0x0000000704800000| Untracked 
|  10|0x0000000704a00000, 0x0000000704c00000, 0x0000000704c00000|100%| O|  |TAMS 0x0000000704a00000| PB 0x0000000704a00000| Untracked 
|  11|0x0000000704c00000, 0x0000000704e00000, 0x0000000704e00000|100%| O|  |TAMS 0x0000000704c00000| PB 0x0000000704c00000| Untracked 
|  12|0x0000000704e00000, 0x0000000705000000, 0x0000000705000000|100%| O|  |TAMS 0x0000000704e00000| PB 0x0000000704e00000| Untracked 
|  13|0x0000000705000000, 0x0000000705200000, 0x0000000705200000|100%| O|  |TAMS 0x0000000705000000| PB 0x0000000705000000| Untracked 
|  14|0x0000000705200000, 0x0000000705400000, 0x0000000705400000|100%| O|  |TAMS 0x0000000705200000| PB 0x0000000705200000| Untracked 
|  15|0x0000000705400000, 0x0000000705600000, 0x0000000705600000|100%| O|  |TAMS 0x0000000705400000| PB 0x0000000705400000| Untracked 
|  16|0x0000000705600000, 0x0000000705800000, 0x0000000705800000|100%| O|  |TAMS 0x0000000705600000| PB 0x0000000705600000| Untracked 
|  17|0x0000000705800000, 0x0000000705a00000, 0x0000000705a00000|100%| O|  |TAMS 0x0000000705800000| PB 0x0000000705800000| Untracked 
|  18|0x0000000705a00000, 0x0000000705c00000, 0x0000000705c00000|100%| O|  |TAMS 0x0000000705a00000| PB 0x0000000705a00000| Untracked 
|  19|0x0000000705c00000, 0x0000000705e00000, 0x0000000705e00000|100%| O|  |TAMS 0x0000000705c00000| PB 0x0000000705c00000| Untracked 
|  20|0x0000000705e00000, 0x0000000706000000, 0x0000000706000000|100%| O|  |TAMS 0x0000000705e00000| PB 0x0000000705e00000| Untracked 
|  21|0x0000000706000000, 0x0000000706200000, 0x0000000706200000|100%| O|  |TAMS 0x0000000706000000| PB 0x0000000706000000| Untracked 
|  22|0x0000000706200000, 0x0000000706400000, 0x0000000706400000|100%| O|  |TAMS 0x0000000706200000| PB 0x0000000706200000| Untracked 
|  23|0x0000000706400000, 0x0000000706600000, 0x0000000706600000|100%| O|  |TAMS 0x0000000706400000| PB 0x0000000706400000| Untracked 
|  24|0x0000000706600000, 0x0000000706800000, 0x0000000706800000|100%| O|  |TAMS 0x0000000706600000| PB 0x0000000706600000| Untracked 
|  25|0x0000000706800000, 0x0000000706a00000, 0x0000000706a00000|100%| O|  |TAMS 0x0000000706800000| PB 0x0000000706800000| Untracked 
|  26|0x0000000706a00000, 0x0000000706c00000, 0x0000000706c00000|100%| O|  |TAMS 0x0000000706a00000| PB 0x0000000706a00000| Untracked 
|  27|0x0000000706c00000, 0x0000000706e00000, 0x0000000706e00000|100%| O|  |TAMS 0x0000000706c00000| PB 0x0000000706c00000| Untracked 
|  28|0x0000000706e00000, 0x0000000707000000, 0x0000000707000000|100%| O|  |TAMS 0x0000000706e00000| PB 0x0000000706e00000| Untracked 
|  29|0x0000000707000000, 0x0000000707200000, 0x0000000707200000|100%| O|  |TAMS 0x0000000707000000| PB 0x0000000707000000| Untracked 
|  30|0x0000000707200000, 0x0000000707400000, 0x0000000707400000|100%| O|  |TAMS 0x0000000707200000| PB 0x0000000707200000| Untracked 
|  31|0x0000000707400000, 0x0000000707600000, 0x0000000707600000|100%| O|  |TAMS 0x0000000707400000| PB 0x0000000707400000| Untracked 
|  32|0x0000000707600000, 0x0000000707800000, 0x0000000707800000|100%| O|  |TAMS 0x0000000707600000| PB 0x0000000707600000| Untracked 
|  33|0x0000000707800000, 0x0000000707a00000, 0x0000000707a00000|100%| O|  |TAMS 0x0000000707800000| PB 0x0000000707800000| Untracked 
|  34|0x0000000707a00000, 0x0000000707c00000, 0x0000000707c00000|100%| O|  |TAMS 0x0000000707a00000| PB 0x0000000707a00000| Untracked 
|  35|0x0000000707c00000, 0x0000000707e00000, 0x0000000707e00000|100%| O|  |TAMS 0x0000000707c00000| PB 0x0000000707c00000| Untracked 
|  36|0x0000000707e00000, 0x0000000708000000, 0x0000000708000000|100%| O|  |TAMS 0x0000000707e00000| PB 0x0000000707e00000| Untracked 
|  37|0x0000000708000000, 0x0000000708200000, 0x0000000708200000|100%| O|  |TAMS 0x0000000708000000| PB 0x0000000708000000| Untracked 
|  38|0x0000000708200000, 0x0000000708400000, 0x0000000708400000|100%| O|  |TAMS 0x0000000708200000| PB 0x0000000708200000| Untracked 
|  39|0x0000000708400000, 0x0000000708600000, 0x0000000708600000|100%| O|  |TAMS 0x0000000708400000| PB 0x0000000708400000| Untracked 
|  40|0x0000000708600000, 0x0000000708800000, 0x0000000708800000|100%| O|  |TAMS 0x0000000708600000| PB 0x0000000708600000| Untracked 
|  41|0x0000000708800000, 0x0000000708a00000, 0x0000000708a00000|100%| O|  |TAMS 0x0000000708800000| PB 0x0000000708800000| Untracked 
|  42|0x0000000708a00000, 0x0000000708c00000, 0x0000000708c00000|100%| O|  |TAMS 0x0000000708a00000| PB 0x0000000708a00000| Untracked 
|  43|0x0000000708c00000, 0x0000000708c00000, 0x0000000708e00000|  0%| F|  |TAMS 0x0000000708c00000| PB 0x0000000708c00000| Untracked 
|  44|0x0000000708e00000, 0x0000000708e00000, 0x0000000709000000|  0%| F|  |TAMS 0x0000000708e00000| PB 0x0000000708e00000| Untracked 
|  45|0x0000000709000000, 0x0000000709000000, 0x0000000709200000|  0%| F|  |TAMS 0x0000000709000000| PB 0x0000000709000000| Untracked 
|  46|0x0000000709200000, 0x0000000709200000, 0x0000000709400000|  0%| F|  |TAMS 0x0000000709200000| PB 0x0000000709200000| Untracked 
|  47|0x0000000709400000, 0x0000000709400000, 0x0000000709600000|  0%| F|  |TAMS 0x0000000709400000| PB 0x0000000709400000| Untracked 
|  48|0x0000000709600000, 0x0000000709600000, 0x0000000709800000|  0%| F|  |TAMS 0x0000000709600000| PB 0x0000000709600000| Untracked 
|  49|0x0000000709800000, 0x0000000709800000, 0x0000000709a00000|  0%| F|  |TAMS 0x0000000709800000| PB 0x0000000709800000| Untracked 
|  50|0x0000000709a00000, 0x0000000709a00000, 0x0000000709c00000|  0%| F|  |TAMS 0x0000000709a00000| PB 0x0000000709a00000| Untracked 
|  51|0x0000000709c00000, 0x0000000709c00000, 0x0000000709e00000|  0%| F|  |TAMS 0x0000000709c00000| PB 0x0000000709c00000| Untracked 
|  52|0x0000000709e00000, 0x0000000709e00000, 0x000000070a000000|  0%| F|  |TAMS 0x0000000709e00000| PB 0x0000000709e00000| Untracked 
|  53|0x000000070a000000, 0x000000070a000000, 0x000000070a200000|  0%| F|  |TAMS 0x000000070a000000| PB 0x000000070a000000| Untracked 
|  54|0x000000070a200000, 0x000000070a200000, 0x000000070a400000|  0%| F|  |TAMS 0x000000070a200000| PB 0x000000070a200000| Untracked 
|  55|0x000000070a400000, 0x000000070a400000, 0x000000070a600000|  0%| F|  |TAMS 0x000000070a400000| PB 0x000000070a400000| Untracked 
|  56|0x000000070a600000, 0x000000070a600000, 0x000000070a800000|  0%| F|  |TAMS 0x000000070a600000| PB 0x000000070a600000| Untracked 
|  57|0x000000070a800000, 0x000000070a800000, 0x000000070aa00000|  0%| F|  |TAMS 0x000000070a800000| PB 0x000000070a800000| Untracked 
|  58|0x000000070aa00000, 0x000000070aa00000, 0x000000070ac00000|  0%| F|  |TAMS 0x000000070aa00000| PB 0x000000070aa00000| Untracked 
|  59|0x000000070ac00000, 0x000000070ac00000, 0x000000070ae00000|  0%| F|  |TAMS 0x000000070ac00000| PB 0x000000070ac00000| Untracked 
|  60|0x000000070ae00000, 0x000000070ae00000, 0x000000070b000000|  0%| F|  |TAMS 0x000000070ae00000| PB 0x000000070ae00000| Untracked 
|  61|0x000000070b000000, 0x000000070b000000, 0x000000070b200000|  0%| F|  |TAMS 0x000000070b000000| PB 0x000000070b000000| Untracked 
|  62|0x000000070b200000, 0x000000070b200000, 0x000000070b400000|  0%| F|  |TAMS 0x000000070b200000| PB 0x000000070b200000| Untracked 
|  63|0x000000070b400000, 0x000000070b400000, 0x000000070b600000|  0%| F|  |TAMS 0x000000070b400000| PB 0x000000070b400000| Untracked 
|  64|0x000000070b600000, 0x000000070b600000, 0x000000070b800000|  0%| F|  |TAMS 0x000000070b600000| PB 0x000000070b600000| Untracked 
|  65|0x000000070b800000, 0x000000070b800000, 0x000000070ba00000|  0%| F|  |TAMS 0x000000070b800000| PB 0x000000070b800000| Untracked 
|  66|0x000000070ba00000, 0x000000070ba00000, 0x000000070bc00000|  0%| F|  |TAMS 0x000000070ba00000| PB 0x000000070ba00000| Untracked 
|  67|0x000000070bc00000, 0x000000070bc00000, 0x000000070be00000|  0%| F|  |TAMS 0x000000070bc00000| PB 0x000000070bc00000| Untracked 
|  68|0x000000070be00000, 0x000000070be00000, 0x000000070c000000|  0%| F|  |TAMS 0x000000070be00000| PB 0x000000070be00000| Untracked 
|  69|0x000000070c000000, 0x000000070c000000, 0x000000070c200000|  0%| F|  |TAMS 0x000000070c000000| PB 0x000000070c000000| Untracked 
|  70|0x000000070c200000, 0x000000070c200000, 0x000000070c400000|  0%| F|  |TAMS 0x000000070c200000| PB 0x000000070c200000| Untracked 
|  71|0x000000070c400000, 0x000000070c400000, 0x000000070c600000|  0%| F|  |TAMS 0x000000070c400000| PB 0x000000070c400000| Untracked 
|  72|0x000000070c600000, 0x000000070c600000, 0x000000070c800000|  0%| F|  |TAMS 0x000000070c600000| PB 0x000000070c600000| Untracked 
|  73|0x000000070c800000, 0x000000070c800000, 0x000000070ca00000|  0%| F|  |TAMS 0x000000070c800000| PB 0x000000070c800000| Untracked 
|  74|0x000000070ca00000, 0x000000070ca00000, 0x000000070cc00000|  0%| F|  |TAMS 0x000000070ca00000| PB 0x000000070ca00000| Untracked 
|  75|0x000000070cc00000, 0x000000070cc00000, 0x000000070ce00000|  0%| F|  |TAMS 0x000000070cc00000| PB 0x000000070cc00000| Untracked 
|  76|0x000000070ce00000, 0x000000070ce00000, 0x000000070d000000|  0%| F|  |TAMS 0x000000070ce00000| PB 0x000000070ce00000| Untracked 
|  77|0x000000070d000000, 0x000000070d000000, 0x000000070d200000|  0%| F|  |TAMS 0x000000070d000000| PB 0x000000070d000000| Untracked 
|  78|0x000000070d200000, 0x000000070d200000, 0x000000070d400000|  0%| F|  |TAMS 0x000000070d200000| PB 0x000000070d200000| Untracked 
|  79|0x000000070d400000, 0x000000070d400000, 0x000000070d600000|  0%| F|  |TAMS 0x000000070d400000| PB 0x000000070d400000| Untracked 
|  80|0x000000070d600000, 0x000000070d600000, 0x000000070d800000|  0%| F|  |TAMS 0x000000070d600000| PB 0x000000070d600000| Untracked 
|  81|0x000000070d800000, 0x000000070d800000, 0x000000070da00000|  0%| F|  |TAMS 0x000000070d800000| PB 0x000000070d800000| Untracked 
|  82|0x000000070da00000, 0x000000070da00000, 0x000000070dc00000|  0%| F|  |TAMS 0x000000070da00000| PB 0x000000070da00000| Untracked 
|  83|0x000000070dc00000, 0x000000070dc00000, 0x000000070de00000|  0%| F|  |TAMS 0x000000070dc00000| PB 0x000000070dc00000| Untracked 
|  84|0x000000070de00000, 0x000000070de00000, 0x000000070e000000|  0%| F|  |TAMS 0x000000070de00000| PB 0x000000070de00000| Untracked 
|  85|0x000000070e000000, 0x000000070e000000, 0x000000070e200000|  0%| F|  |TAMS 0x000000070e000000| PB 0x000000070e000000| Untracked 
|  86|0x000000070e200000, 0x000000070e200000, 0x000000070e400000|  0%| F|  |TAMS 0x000000070e200000| PB 0x000000070e200000| Untracked 
|  87|0x000000070e400000, 0x000000070e400000, 0x000000070e600000|  0%| F|  |TAMS 0x000000070e400000| PB 0x000000070e400000| Untracked 
|  88|0x000000070e600000, 0x000000070e600000, 0x000000070e800000|  0%| F|  |TAMS 0x000000070e600000| PB 0x000000070e600000| Untracked 
|  89|0x000000070e800000, 0x000000070e800000, 0x000000070ea00000|  0%| F|  |TAMS 0x000000070e800000| PB 0x000000070e800000| Untracked 
|  90|0x000000070ea00000, 0x000000070ea00000, 0x000000070ec00000|  0%| F|  |TAMS 0x000000070ea00000| PB 0x000000070ea00000| Untracked 
|  91|0x000000070ec00000, 0x000000070ec00000, 0x000000070ee00000|  0%| F|  |TAMS 0x000000070ec00000| PB 0x000000070ec00000| Untracked 
|  92|0x000000070ee00000, 0x000000070ee00000, 0x000000070f000000|  0%| F|  |TAMS 0x000000070ee00000| PB 0x000000070ee00000| Untracked 
|  93|0x000000070f000000, 0x000000070f000000, 0x000000070f200000|  0%| F|  |TAMS 0x000000070f000000| PB 0x000000070f000000| Untracked 
|  94|0x000000070f200000, 0x000000070f200000, 0x000000070f400000|  0%| F|  |TAMS 0x000000070f200000| PB 0x000000070f200000| Untracked 
|  95|0x000000070f400000, 0x000000070f400000, 0x000000070f600000|  0%| F|  |TAMS 0x000000070f400000| PB 0x000000070f400000| Untracked 
|  96|0x000000070f600000, 0x000000070f600000, 0x000000070f800000|  0%| F|  |TAMS 0x000000070f600000| PB 0x000000070f600000| Untracked 
|  97|0x000000070f800000, 0x000000070f800000, 0x000000070fa00000|  0%| F|  |TAMS 0x000000070f800000| PB 0x000000070f800000| Untracked 
|  98|0x000000070fa00000, 0x000000070fa00000, 0x000000070fc00000|  0%| F|  |TAMS 0x000000070fa00000| PB 0x000000070fa00000| Untracked 
|  99|0x000000070fc00000, 0x000000070fc00000, 0x000000070fe00000|  0%| F|  |TAMS 0x000000070fc00000| PB 0x000000070fc00000| Untracked 
| 100|0x000000070fe00000, 0x000000070fe00000, 0x0000000710000000|  0%| F|  |TAMS 0x000000070fe00000| PB 0x000000070fe00000| Untracked 
| 101|0x0000000710000000, 0x0000000710000000, 0x0000000710200000|  0%| F|  |TAMS 0x0000000710000000| PB 0x0000000710000000| Untracked 
| 102|0x0000000710200000, 0x0000000710200000, 0x0000000710400000|  0%| F|  |TAMS 0x0000000710200000| PB 0x0000000710200000| Untracked 
| 103|0x0000000710400000, 0x0000000710400000, 0x0000000710600000|  0%| F|  |TAMS 0x0000000710400000| PB 0x0000000710400000| Untracked 
| 104|0x0000000710600000, 0x0000000710600000, 0x0000000710800000|  0%| F|  |TAMS 0x0000000710600000| PB 0x0000000710600000| Untracked 
| 105|0x0000000710800000, 0x0000000710800000, 0x0000000710a00000|  0%| F|  |TAMS 0x0000000710800000| PB 0x0000000710800000| Untracked 
| 106|0x0000000710a00000, 0x0000000710a00000, 0x0000000710c00000|  0%| F|  |TAMS 0x0000000710a00000| PB 0x0000000710a00000| Untracked 
| 107|0x0000000710c00000, 0x0000000710c00000, 0x0000000710e00000|  0%| F|  |TAMS 0x0000000710c00000| PB 0x0000000710c00000| Untracked 
| 108|0x0000000710e00000, 0x0000000710e00000, 0x0000000711000000|  0%| F|  |TAMS 0x0000000710e00000| PB 0x0000000710e00000| Untracked 
| 109|0x0000000711000000, 0x0000000711000000, 0x0000000711200000|  0%| F|  |TAMS 0x0000000711000000| PB 0x0000000711000000| Untracked 
| 110|0x0000000711200000, 0x0000000711200000, 0x0000000711400000|  0%| F|  |TAMS 0x0000000711200000| PB 0x0000000711200000| Untracked 
| 111|0x0000000711400000, 0x0000000711400000, 0x0000000711600000|  0%| F|  |TAMS 0x0000000711400000| PB 0x0000000711400000| Untracked 
| 112|0x0000000711600000, 0x0000000711600000, 0x0000000711800000|  0%| F|  |TAMS 0x0000000711600000| PB 0x0000000711600000| Untracked 
| 113|0x0000000711800000, 0x0000000711800000, 0x0000000711a00000|  0%| F|  |TAMS 0x0000000711800000| PB 0x0000000711800000| Untracked 
| 114|0x0000000711a00000, 0x0000000711a00000, 0x0000000711c00000|  0%| F|  |TAMS 0x0000000711a00000| PB 0x0000000711a00000| Untracked 
| 115|0x0000000711c00000, 0x0000000711c00000, 0x0000000711e00000|  0%| F|  |TAMS 0x0000000711c00000| PB 0x0000000711c00000| Untracked 
| 116|0x0000000711e00000, 0x0000000711e00000, 0x0000000712000000|  0%| F|  |TAMS 0x0000000711e00000| PB 0x0000000711e00000| Untracked 
| 117|0x0000000712000000, 0x0000000712000000, 0x0000000712200000|  0%| F|  |TAMS 0x0000000712000000| PB 0x0000000712000000| Untracked 
| 118|0x0000000712200000, 0x0000000712200000, 0x0000000712400000|  0%| F|  |TAMS 0x0000000712200000| PB 0x0000000712200000| Untracked 
| 119|0x0000000712400000, 0x0000000712400000, 0x0000000712600000|  0%| F|  |TAMS 0x0000000712400000| PB 0x0000000712400000| Untracked 
| 120|0x0000000712600000, 0x0000000712600000, 0x0000000712800000|  0%| F|  |TAMS 0x0000000712600000| PB 0x0000000712600000| Untracked 
| 121|0x0000000712800000, 0x0000000712800000, 0x0000000712a00000|  0%| F|  |TAMS 0x0000000712800000| PB 0x0000000712800000| Untracked 
| 122|0x0000000712a00000, 0x0000000712acf060, 0x0000000712c00000| 40%| S|CS|TAMS 0x0000000712a00000| PB 0x0000000712a00000| Complete 
| 123|0x0000000712c00000, 0x0000000712e00000, 0x0000000712e00000|100%| S|CS|TAMS 0x0000000712c00000| PB 0x0000000712c00000| Complete 
| 124|0x0000000712e00000, 0x0000000713000000, 0x0000000713000000|100%| S|CS|TAMS 0x0000000712e00000| PB 0x0000000712e00000| Complete 
| 125|0x0000000713000000, 0x0000000713000000, 0x0000000713200000|  0%| F|  |TAMS 0x0000000713000000| PB 0x0000000713000000| Untracked 
| 126|0x0000000713200000, 0x0000000713200000, 0x0000000713400000|  0%| F|  |TAMS 0x0000000713200000| PB 0x0000000713200000| Untracked 
| 127|0x0000000713400000, 0x0000000713400000, 0x0000000713600000|  0%| F|  |TAMS 0x0000000713400000| PB 0x0000000713400000| Untracked 
| 128|0x0000000713600000, 0x0000000713600000, 0x0000000713800000|  0%| F|  |TAMS 0x0000000713600000| PB 0x0000000713600000| Untracked 
| 129|0x0000000713800000, 0x0000000713800000, 0x0000000713a00000|  0%| F|  |TAMS 0x0000000713800000| PB 0x0000000713800000| Untracked 
| 130|0x0000000713a00000, 0x0000000713a00000, 0x0000000713c00000|  0%| F|  |TAMS 0x0000000713a00000| PB 0x0000000713a00000| Untracked 
| 131|0x0000000713c00000, 0x0000000713c00000, 0x0000000713e00000|  0%| F|  |TAMS 0x0000000713c00000| PB 0x0000000713c00000| Untracked 
| 132|0x0000000713e00000, 0x0000000713e00000, 0x0000000714000000|  0%| F|  |TAMS 0x0000000713e00000| PB 0x0000000713e00000| Untracked 
| 133|0x0000000714000000, 0x0000000714000000, 0x0000000714200000|  0%| F|  |TAMS 0x0000000714000000| PB 0x0000000714000000| Untracked 
| 134|0x0000000714200000, 0x0000000714200000, 0x0000000714400000|  0%| F|  |TAMS 0x0000000714200000| PB 0x0000000714200000| Untracked 
| 135|0x0000000714400000, 0x0000000714400000, 0x0000000714600000|  0%| F|  |TAMS 0x0000000714400000| PB 0x0000000714400000| Untracked 
| 136|0x0000000714600000, 0x0000000714600000, 0x0000000714800000|  0%| F|  |TAMS 0x0000000714600000| PB 0x0000000714600000| Untracked 
| 137|0x0000000714800000, 0x0000000714800000, 0x0000000714a00000|  0%| F|  |TAMS 0x0000000714800000| PB 0x0000000714800000| Untracked 
| 138|0x0000000714a00000, 0x0000000714a00000, 0x0000000714c00000|  0%| F|  |TAMS 0x0000000714a00000| PB 0x0000000714a00000| Untracked 
| 139|0x0000000714c00000, 0x0000000714c00000, 0x0000000714e00000|  0%| F|  |TAMS 0x0000000714c00000| PB 0x0000000714c00000| Untracked 
| 140|0x0000000714e00000, 0x0000000714e00000, 0x0000000715000000|  0%| F|  |TAMS 0x0000000714e00000| PB 0x0000000714e00000| Untracked 
| 141|0x0000000715000000, 0x0000000715000000, 0x0000000715200000|  0%| F|  |TAMS 0x0000000715000000| PB 0x0000000715000000| Untracked 
| 142|0x0000000715200000, 0x0000000715200000, 0x0000000715400000|  0%| F|  |TAMS 0x0000000715200000| PB 0x0000000715200000| Untracked 
| 143|0x0000000715400000, 0x0000000715400000, 0x0000000715600000|  0%| F|  |TAMS 0x0000000715400000| PB 0x0000000715400000| Untracked 
| 144|0x0000000715600000, 0x0000000715600000, 0x0000000715800000|  0%| F|  |TAMS 0x0000000715600000| PB 0x0000000715600000| Untracked 
| 145|0x0000000715800000, 0x0000000715800000, 0x0000000715a00000|  0%| F|  |TAMS 0x0000000715800000| PB 0x0000000715800000| Untracked 
| 146|0x0000000715a00000, 0x0000000715a00000, 0x0000000715c00000|  0%| F|  |TAMS 0x0000000715a00000| PB 0x0000000715a00000| Untracked 
| 147|0x0000000715c00000, 0x0000000715c00000, 0x0000000715e00000|  0%| F|  |TAMS 0x0000000715c00000| PB 0x0000000715c00000| Untracked 
| 148|0x0000000715e00000, 0x0000000715e00000, 0x0000000716000000|  0%| F|  |TAMS 0x0000000715e00000| PB 0x0000000715e00000| Untracked 
| 149|0x0000000716000000, 0x0000000716000000, 0x0000000716200000|  0%| F|  |TAMS 0x0000000716000000| PB 0x0000000716000000| Untracked 
| 150|0x0000000716200000, 0x0000000716200000, 0x0000000716400000|  0%| F|  |TAMS 0x0000000716200000| PB 0x0000000716200000| Untracked 
| 151|0x0000000716400000, 0x0000000716400000, 0x0000000716600000|  0%| F|  |TAMS 0x0000000716400000| PB 0x0000000716400000| Untracked 
| 152|0x0000000716600000, 0x0000000716600000, 0x0000000716800000|  0%| F|  |TAMS 0x0000000716600000| PB 0x0000000716600000| Untracked 
| 153|0x0000000716800000, 0x0000000716800000, 0x0000000716a00000|  0%| F|  |TAMS 0x0000000716800000| PB 0x0000000716800000| Untracked 
| 154|0x0000000716a00000, 0x0000000716a00000, 0x0000000716c00000|  0%| F|  |TAMS 0x0000000716a00000| PB 0x0000000716a00000| Untracked 
| 155|0x0000000716c00000, 0x0000000716c00000, 0x0000000716e00000|  0%| F|  |TAMS 0x0000000716c00000| PB 0x0000000716c00000| Untracked 
| 156|0x0000000716e00000, 0x0000000716e00000, 0x0000000717000000|  0%| F|  |TAMS 0x0000000716e00000| PB 0x0000000716e00000| Untracked 
| 157|0x0000000717000000, 0x0000000717000000, 0x0000000717200000|  0%| F|  |TAMS 0x0000000717000000| PB 0x0000000717000000| Untracked 
| 158|0x0000000717200000, 0x0000000717200000, 0x0000000717400000|  0%| F|  |TAMS 0x0000000717200000| PB 0x0000000717200000| Untracked 
| 159|0x0000000717400000, 0x0000000717400000, 0x0000000717600000|  0%| F|  |TAMS 0x0000000717400000| PB 0x0000000717400000| Untracked 
| 160|0x0000000717600000, 0x0000000717600000, 0x0000000717800000|  0%| F|  |TAMS 0x0000000717600000| PB 0x0000000717600000| Untracked 
| 161|0x0000000717800000, 0x0000000717800000, 0x0000000717a00000|  0%| F|  |TAMS 0x0000000717800000| PB 0x0000000717800000| Untracked 
| 162|0x0000000717a00000, 0x0000000717a00000, 0x0000000717c00000|  0%| F|  |TAMS 0x0000000717a00000| PB 0x0000000717a00000| Untracked 
| 163|0x0000000717c00000, 0x0000000717c00000, 0x0000000717e00000|  0%| F|  |TAMS 0x0000000717c00000| PB 0x0000000717c00000| Untracked 
| 164|0x0000000717e00000, 0x0000000717e00000, 0x0000000718000000|  0%| F|  |TAMS 0x0000000717e00000| PB 0x0000000717e00000| Untracked 
| 165|0x0000000718000000, 0x0000000718000000, 0x0000000718200000|  0%| F|  |TAMS 0x0000000718000000| PB 0x0000000718000000| Untracked 
| 166|0x0000000718200000, 0x0000000718200000, 0x0000000718400000|  0%| F|  |TAMS 0x0000000718200000| PB 0x0000000718200000| Untracked 
| 167|0x0000000718400000, 0x0000000718400000, 0x0000000718600000|  0%| F|  |TAMS 0x0000000718400000| PB 0x0000000718400000| Untracked 
| 168|0x0000000718600000, 0x0000000718600000, 0x0000000718800000|  0%| F|  |TAMS 0x0000000718600000| PB 0x0000000718600000| Untracked 
| 169|0x0000000718800000, 0x0000000718800000, 0x0000000718a00000|  0%| F|  |TAMS 0x0000000718800000| PB 0x0000000718800000| Untracked 
| 170|0x0000000718a00000, 0x0000000718a00000, 0x0000000718c00000|  0%| F|  |TAMS 0x0000000718a00000| PB 0x0000000718a00000| Untracked 
| 171|0x0000000718c00000, 0x0000000718c00000, 0x0000000718e00000|  0%| F|  |TAMS 0x0000000718c00000| PB 0x0000000718c00000| Untracked 
| 172|0x0000000718e00000, 0x0000000718e00000, 0x0000000719000000|  0%| F|  |TAMS 0x0000000718e00000| PB 0x0000000718e00000| Untracked 
| 173|0x0000000719000000, 0x0000000719000000, 0x0000000719200000|  0%| F|  |TAMS 0x0000000719000000| PB 0x0000000719000000| Untracked 
| 174|0x0000000719200000, 0x0000000719200000, 0x0000000719400000|  0%| F|  |TAMS 0x0000000719200000| PB 0x0000000719200000| Untracked 
| 175|0x0000000719400000, 0x0000000719400000, 0x0000000719600000|  0%| F|  |TAMS 0x0000000719400000| PB 0x0000000719400000| Untracked 
| 176|0x0000000719600000, 0x0000000719600000, 0x0000000719800000|  0%| F|  |TAMS 0x0000000719600000| PB 0x0000000719600000| Untracked 
| 177|0x0000000719800000, 0x0000000719800000, 0x0000000719a00000|  0%| F|  |TAMS 0x0000000719800000| PB 0x0000000719800000| Untracked 
| 178|0x0000000719a00000, 0x0000000719a00000, 0x0000000719c00000|  0%| F|  |TAMS 0x0000000719a00000| PB 0x0000000719a00000| Untracked 
| 179|0x0000000719c00000, 0x0000000719c00000, 0x0000000719e00000|  0%| F|  |TAMS 0x0000000719c00000| PB 0x0000000719c00000| Untracked 
| 180|0x0000000719e00000, 0x0000000719e00000, 0x000000071a000000|  0%| F|  |TAMS 0x0000000719e00000| PB 0x0000000719e00000| Untracked 
| 181|0x000000071a000000, 0x000000071a000000, 0x000000071a200000|  0%| F|  |TAMS 0x000000071a000000| PB 0x000000071a000000| Untracked 
| 182|0x000000071a200000, 0x000000071a200000, 0x000000071a400000|  0%| F|  |TAMS 0x000000071a200000| PB 0x000000071a200000| Untracked 
| 183|0x000000071a400000, 0x000000071a400000, 0x000000071a600000|  0%| F|  |TAMS 0x000000071a400000| PB 0x000000071a400000| Untracked 
| 184|0x000000071a600000, 0x000000071a600000, 0x000000071a800000|  0%| F|  |TAMS 0x000000071a600000| PB 0x000000071a600000| Untracked 
| 185|0x000000071a800000, 0x000000071a800000, 0x000000071aa00000|  0%| F|  |TAMS 0x000000071a800000| PB 0x000000071a800000| Untracked 
| 186|0x000000071aa00000, 0x000000071aa00000, 0x000000071ac00000|  0%| F|  |TAMS 0x000000071aa00000| PB 0x000000071aa00000| Untracked 
| 187|0x000000071ac00000, 0x000000071ac00000, 0x000000071ae00000|  0%| F|  |TAMS 0x000000071ac00000| PB 0x000000071ac00000| Untracked 
| 188|0x000000071ae00000, 0x000000071ae00000, 0x000000071b000000|  0%| F|  |TAMS 0x000000071ae00000| PB 0x000000071ae00000| Untracked 
| 189|0x000000071b000000, 0x000000071b000000, 0x000000071b200000|  0%| F|  |TAMS 0x000000071b000000| PB 0x000000071b000000| Untracked 
| 190|0x000000071b200000, 0x000000071b200000, 0x000000071b400000|  0%| F|  |TAMS 0x000000071b200000| PB 0x000000071b200000| Untracked 
| 191|0x000000071b400000, 0x000000071b400000, 0x000000071b600000|  0%| F|  |TAMS 0x000000071b400000| PB 0x000000071b400000| Untracked 
| 192|0x000000071b600000, 0x000000071b600000, 0x000000071b800000|  0%| F|  |TAMS 0x000000071b600000| PB 0x000000071b600000| Untracked 
| 193|0x000000071b800000, 0x000000071b800000, 0x000000071ba00000|  0%| F|  |TAMS 0x000000071b800000| PB 0x000000071b800000| Untracked 
| 194|0x000000071ba00000, 0x000000071ba00000, 0x000000071bc00000|  0%| F|  |TAMS 0x000000071ba00000| PB 0x000000071ba00000| Untracked 
| 195|0x000000071bc00000, 0x000000071bc00000, 0x000000071be00000|  0%| F|  |TAMS 0x000000071bc00000| PB 0x000000071bc00000| Untracked 
| 196|0x000000071be00000, 0x000000071be00000, 0x000000071c000000|  0%| F|  |TAMS 0x000000071be00000| PB 0x000000071be00000| Untracked 
| 197|0x000000071c000000, 0x000000071c000000, 0x000000071c200000|  0%| F|  |TAMS 0x000000071c000000| PB 0x000000071c000000| Untracked 
| 198|0x000000071c200000, 0x000000071c200000, 0x000000071c400000|  0%| F|  |TAMS 0x000000071c200000| PB 0x000000071c200000| Untracked 
| 199|0x000000071c400000, 0x000000071c400000, 0x000000071c600000|  0%| F|  |TAMS 0x000000071c400000| PB 0x000000071c400000| Untracked 
| 200|0x000000071c600000, 0x000000071c600000, 0x000000071c800000|  0%| F|  |TAMS 0x000000071c600000| PB 0x000000071c600000| Untracked 
| 201|0x000000071c800000, 0x000000071c800000, 0x000000071ca00000|  0%| F|  |TAMS 0x000000071c800000| PB 0x000000071c800000| Untracked 
| 202|0x000000071ca00000, 0x000000071ca00000, 0x000000071cc00000|  0%| F|  |TAMS 0x000000071ca00000| PB 0x000000071ca00000| Untracked 
| 203|0x000000071cc00000, 0x000000071cc00000, 0x000000071ce00000|  0%| F|  |TAMS 0x000000071cc00000| PB 0x000000071cc00000| Untracked 
| 204|0x000000071ce00000, 0x000000071ce00000, 0x000000071d000000|  0%| F|  |TAMS 0x000000071ce00000| PB 0x000000071ce00000| Untracked 
| 205|0x000000071d000000, 0x000000071d000000, 0x000000071d200000|  0%| F|  |TAMS 0x000000071d000000| PB 0x000000071d000000| Untracked 
| 206|0x000000071d200000, 0x000000071d200000, 0x000000071d400000|  0%| F|  |TAMS 0x000000071d200000| PB 0x000000071d200000| Untracked 
| 207|0x000000071d400000, 0x000000071d400000, 0x000000071d600000|  0%| F|  |TAMS 0x000000071d400000| PB 0x000000071d400000| Untracked 
| 208|0x000000071d600000, 0x000000071d600000, 0x000000071d800000|  0%| F|  |TAMS 0x000000071d600000| PB 0x000000071d600000| Untracked 
| 209|0x000000071d800000, 0x000000071d800000, 0x000000071da00000|  0%| F|  |TAMS 0x000000071d800000| PB 0x000000071d800000| Untracked 
| 210|0x000000071da00000, 0x000000071da00000, 0x000000071dc00000|  0%| F|  |TAMS 0x000000071da00000| PB 0x000000071da00000| Untracked 
| 211|0x000000071dc00000, 0x000000071dc00000, 0x000000071de00000|  0%| F|  |TAMS 0x000000071dc00000| PB 0x000000071dc00000| Untracked 
| 212|0x000000071de00000, 0x000000071de00000, 0x000000071e000000|  0%| F|  |TAMS 0x000000071de00000| PB 0x000000071de00000| Untracked 
| 213|0x000000071e000000, 0x000000071e000000, 0x000000071e200000|  0%| F|  |TAMS 0x000000071e000000| PB 0x000000071e000000| Untracked 
| 214|0x000000071e200000, 0x000000071e200000, 0x000000071e400000|  0%| F|  |TAMS 0x000000071e200000| PB 0x000000071e200000| Untracked 
| 215|0x000000071e400000, 0x000000071e400000, 0x000000071e600000|  0%| F|  |TAMS 0x000000071e400000| PB 0x000000071e400000| Untracked 
| 216|0x000000071e600000, 0x000000071e600000, 0x000000071e800000|  0%| F|  |TAMS 0x000000071e600000| PB 0x000000071e600000| Untracked 
| 217|0x000000071e800000, 0x000000071e800000, 0x000000071ea00000|  0%| F|  |TAMS 0x000000071e800000| PB 0x000000071e800000| Untracked 

Card table byte_map: [0x0000022175510000,0x0000022175d00000] _byte_map_base: 0x0000022171cf5000

Marking Bits: (CMBitMap*) 0x000002216c9a54a0
 Bits: [0x00000221764f0000, 0x000002217a418000)

Polling page: 0x000002216c0f0000

Metaspace:

Usage:
  Non-class:      3.37 MB used.
      Class:    347.73 KB used.
       Both:      3.71 MB used.

Virtual space:
  Non-class space:       64.00 MB reserved,       3.50 MB (  5%) committed,  1 nodes.
      Class space:        1.00 GB reserved,     448.00 KB ( <1%) committed,  1 nodes.
             Both:        1.06 GB reserved,       3.94 MB ( <1%) committed. 

Chunk freelists:
   Non-Class:  2.13 MB
       Class:  3.45 MB
        Both:  5.58 MB

MaxMetaspaceSize: unlimited
CompressedClassSpaceSize: 1.00 GB
Initial GC threshold: 21.00 MB
Current GC threshold: 21.00 MB
CDS: on
MetaspaceReclaimPolicy: balanced
 - commit_granule_bytes: 65536.
 - commit_granule_words: 8192.
 - virtual_space_node_default_size: 8388608.
 - enlarge_chunks_in_place: 1.
 - new_chunks_are_fully_committed: 0.
 - uncommit_free_chunks: 1.
 - use_allocation_guard: 0.


Internal statistics:

num_allocs_failed_limit: 0.
num_arena_births: 268.
num_arena_deaths: 0.
num_vsnodes_births: 2.
num_vsnodes_deaths: 0.
num_space_committed: 63.
num_space_uncommitted: 0.
num_chunks_returned_to_freelist: 0.
num_chunks_taken_from_freelist: 403.
num_chunk_merges: 0.
num_chunk_splits: 255.
num_chunks_enlarged: 134.
num_inconsistent_stats: 0.

CodeHeap 'non-profiled nmethods': size=120000Kb used=1318Kb max_used=1318Kb free=118681Kb
 bounds [0x0000022107ad0000, 0x0000022107d40000, 0x000002210f000000]
CodeHeap 'profiled nmethods': size=120000Kb used=2627Kb max_used=2627Kb free=117372Kb
 bounds [0x0000022100000000, 0x00000221002a0000, 0x0000022107530000]
CodeHeap 'non-nmethods': size=5760Kb used=1777Kb max_used=1831Kb free=3982Kb
 bounds [0x0000022107530000, 0x00000221077a0000, 0x0000022107ad0000]
 total_blobs=2044 nmethods=1413 adapters=542
 compilation: enabled
              stopped_count=0, restarted_count=0
 full_count=0

Compilation events (20 events):
Event: 58.390 Thread 0x000002217ce70b50 nmethod 1404 0x000002210028ed10 code [0x000002210028f080, 0x00000221002905f0]
Event: 58.443 Thread 0x000002217ce670f0 1405   !   4       ColumnGe.MasterProblem::getDualFromConstraintShortConnectionOut (116 bytes)
Event: 58.450 Thread 0x000002217ce670f0 nmethod 1405 0x0000022107bfd710 code [0x0000022107bfd8e0, 0x0000022107bfe0a0]
Event: 58.450 Thread 0x000002217ce670f0 1408 % !   4       ColumnGe.MasterProblem::getDualFromConstraintLinkShortConnection @ 34 (129 bytes)
Event: 58.457 Thread 0x000002217ce670f0 nmethod 1408% 0x0000022107bfe810 code [0x0000022107bfe9e0, 0x0000022107bff168]
Event: 58.457 Thread 0x000002217ce670f0 1406   !   4       ColumnGe.MasterProblem::getDualFromConstraintShortConnectionIn (116 bytes)
Event: 58.489 Thread 0x000002217ce670f0 nmethod 1406 0x0000022107bff990 code [0x0000022107bffb60, 0x0000022107c00318]
Event: 58.489 Thread 0x000002217ce670f0 1407 % !   4       ColumnGe.MasterProblem::getDualFromConstraintWhetherSelectShortConnection @ 34 (141 bytes)
Event: 58.497 Thread 0x000002217ce670f0 nmethod 1407% 0x0000022107c00a90 code [0x0000022107c00c60, 0x0000022107c01400]
Event: 58.521 Thread 0x000002217ce670f0 1409       4       ColumnGe.MasterProblem::solve (1747 bytes)
Event: 58.777 Thread 0x000002217ce670f0 nmethod 1409 0x0000022107c01c10 code [0x0000022107c02880, 0x0000022107c0c938]
Event: 58.778 Thread 0x000002217ce670f0 1412       4       java.lang.Object::equals (11 bytes)
Event: 58.778 Thread 0x000002217ce670f0 nmethod 1412 0x0000022107c17310 code [0x0000022107c17480, 0x0000022107c17518]
Event: 58.778 Thread 0x000002217ce670f0 1410       4       ilog.cplex.IloCplex::getValue (41 bytes)
Event: 58.780 Thread 0x000002217ce670f0 nmethod 1410 0x0000022107c17610 code [0x0000022107c177c0, 0x0000022107c17e40]
Event: 58.780 Thread 0x000002217ce670f0 1411       4       ilog.cplex.CplexI::getXcache (29 bytes)
Event: 58.780 Thread 0x000002217ce670f0 nmethod 1411 0x0000022107c18190 code [0x0000022107c18320, 0x0000022107c18498]
Event: 76.425 Thread 0x000002217ce670f0 1413   !   4       ColumnGe.MasterProblem::getDualFromConstraintWhetherSelectShortConnection (141 bytes)
Event: 76.432 Thread 0x000002217ce670f0 nmethod 1413 0x0000022107c18610 code [0x0000022107c187e0, 0x0000022107c19038]
Event: 76.432 Thread 0x000002217ce670f0 1414   !   4       ColumnGe.MasterProblem::getDualFromConstraintLinkShortConnection (129 bytes)

GC Heap History (20 events):
Event: 23.177 GC heap after
{Heap after GC invocations=15 (full 0):
 garbage-first heap   total 370688K, used 5394K [0x0000000703600000, 0x0000000800000000)
  region size 2048K, 3 young (6144K), 3 survivors (6144K)
 Metaspace       used 3783K, committed 4032K, reserved 1114112K
  class space    used 347K, committed 448K, reserved 1048576K
}
Event: 30.031 GC heap before
{Heap before GC invocations=15 (full 0):
 garbage-first heap   total 370688K, used 220434K [0x0000000703600000, 0x0000000800000000)
  region size 2048K, 108 young (221184K), 3 survivors (6144K)
 Metaspace       used 3785K, committed 4032K, reserved 1114112K
  class space    used 347K, committed 448K, reserved 1048576K
}
Event: 30.034 GC heap after
{Heap after GC invocations=16 (full 0):
 garbage-first heap   total 446464K, used 5691K [0x0000000703600000, 0x0000000800000000)
  region size 2048K, 3 young (6144K), 3 survivors (6144K)
 Metaspace       used 3785K, committed 4032K, reserved 1114112K
  class space    used 347K, committed 448K, reserved 1048576K
}
Event: 30.337 GC heap before
{Heap before GC invocations=16 (full 0):
 garbage-first heap   total 446464K, used 265787K [0x0000000703600000, 0x0000000800000000)
  region size 2048K, 130 young (266240K), 3 survivors (6144K)
 Metaspace       used 3785K, committed 4032K, reserved 1114112K
  class space    used 347K, committed 448K, reserved 1048576K
}
Event: 30.340 GC heap after
{Heap after GC invocations=17 (full 0):
 garbage-first heap   total 446464K, used 7887K [0x0000000703600000, 0x0000000800000000)
  region size 2048K, 3 young (6144K), 3 survivors (6144K)
 Metaspace       used 3785K, committed 4032K, reserved 1114112K
  class space    used 347K, committed 448K, reserved 1048576K
}
Event: 35.068 GC heap before
{Heap before GC invocations=17 (full 0):
 garbage-first heap   total 446464K, used 267983K [0x0000000703600000, 0x0000000800000000)
  region size 2048K, 130 young (266240K), 3 survivors (6144K)
 Metaspace       used 3786K, committed 4032K, reserved 1114112K
  class space    used 347K, committed 448K, reserved 1048576K
}
Event: 35.070 GC heap after
{Heap after GC invocations=18 (full 0):
 garbage-first heap   total 446464K, used 6046K [0x0000000703600000, 0x0000000800000000)
  region size 2048K, 2 young (4096K), 2 survivors (4096K)
 Metaspace       used 3786K, committed 4032K, reserved 1114112K
  class space    used 347K, committed 448K, reserved 1048576K
}
Event: 35.575 GC heap before
{Heap before GC invocations=18 (full 0):
 garbage-first heap   total 446464K, used 268190K [0x0000000703600000, 0x0000000800000000)
  region size 2048K, 130 young (266240K), 2 survivors (4096K)
 Metaspace       used 3787K, committed 4032K, reserved 1114112K
  class space    used 347K, committed 448K, reserved 1048576K
}
Event: 35.590 GC heap after
{Heap after GC invocations=19 (full 0):
 garbage-first heap   total 446464K, used 32952K [0x0000000703600000, 0x0000000800000000)
  region size 2048K, 15 young (30720K), 15 survivors (30720K)
 Metaspace       used 3787K, committed 4032K, reserved 1114112K
  class space    used 347K, committed 448K, reserved 1048576K
}
Event: 45.904 GC heap before
{Heap before GC invocations=19 (full 0):
 garbage-first heap   total 446464K, used 268472K [0x0000000703600000, 0x0000000800000000)
  region size 2048K, 130 young (266240K), 15 survivors (30720K)
 Metaspace       used 3787K, committed 4032K, reserved 1114112K
  class space    used 347K, committed 448K, reserved 1048576K
}
Event: 45.905 GC heap after
{Heap after GC invocations=20 (full 0):
 garbage-first heap   total 446464K, used 8214K [0x0000000703600000, 0x0000000800000000)
  region size 2048K, 2 young (4096K), 2 survivors (4096K)
 Metaspace       used 3787K, committed 4032K, reserved 1114112K
  class space    used 347K, committed 448K, reserved 1048576K
}
Event: 46.623 GC heap before
{Heap before GC invocations=20 (full 0):
 garbage-first heap   total 446464K, used 270358K [0x0000000703600000, 0x0000000800000000)
  region size 2048K, 130 young (266240K), 2 survivors (4096K)
 Metaspace       used 3801K, committed 4032K, reserved 1114112K
  class space    used 347K, committed 448K, reserved 1048576K
}
Event: 46.645 GC heap after
{Heap after GC invocations=21 (full 0):
 garbage-first heap   total 446464K, used 44852K [0x0000000703600000, 0x0000000800000000)
  region size 2048K, 17 young (34816K), 17 survivors (34816K)
 Metaspace       used 3801K, committed 4032K, reserved 1114112K
  class space    used 347K, committed 448K, reserved 1048576K
}
Event: 58.461 GC heap before
{Heap before GC invocations=21 (full 0):
 garbage-first heap   total 446464K, used 276276K [0x0000000703600000, 0x0000000800000000)
  region size 2048K, 130 young (266240K), 17 survivors (34816K)
 Metaspace       used 3802K, committed 4032K, reserved 1114112K
  class space    used 347K, committed 448K, reserved 1048576K
}
Event: 58.486 GC heap after
{Heap after GC invocations=22 (full 0):
 garbage-first heap   total 446464K, used 37551K [0x0000000703600000, 0x0000000800000000)
  region size 2048K, 6 young (12288K), 6 survivors (12288K)
 Metaspace       used 3802K, committed 4032K, reserved 1114112K
  class space    used 347K, committed 448K, reserved 1048576K
}
Event: 59.053 GC heap before
{Heap before GC invocations=22 (full 0):
 garbage-first heap   total 446464K, used 291503K [0x0000000703600000, 0x0000000800000000)
  region size 2048K, 130 young (266240K), 6 survivors (12288K)
 Metaspace       used 3802K, committed 4032K, reserved 1114112K
  class space    used 347K, committed 448K, reserved 1048576K
}
Event: 59.084 GC heap after
{Heap after GC invocations=23 (full 0):
 garbage-first heap   total 446464K, used 84594K [0x0000000703600000, 0x0000000800000000)
  region size 2048K, 17 young (34816K), 17 survivors (34816K)
 Metaspace       used 3802K, committed 4032K, reserved 1114112K
  class space    used 347K, committed 448K, reserved 1048576K
}
Event: 59.089 GC heap before
{Heap before GC invocations=23 (full 0):
 garbage-first heap   total 446464K, used 86642K [0x0000000703600000, 0x0000000800000000)
  region size 2048K, 18 young (36864K), 17 survivors (34816K)
 Metaspace       used 3802K, committed 4032K, reserved 1114112K
  class space    used 347K, committed 448K, reserved 1048576K
}
Event: 59.107 GC heap after
{Heap after GC invocations=24 (full 0):
 garbage-first heap   total 446464K, used 92160K [0x0000000703600000, 0x0000000800000000)
  region size 2048K, 2 young (4096K), 2 survivors (4096K)
 Metaspace       used 3802K, committed 4032K, reserved 1114112K
  class space    used 347K, committed 448K, reserved 1048576K
}
Event: 76.434 GC heap before
{Heap before GC invocations=24 (full 0):
 garbage-first heap   total 446464K, used 278528K [0x0000000703600000, 0x0000000800000000)
  region size 2048K, 93 young (190464K), 2 survivors (4096K)
 Metaspace       used 3802K, committed 4032K, reserved 1114112K
  class space    used 347K, committed 448K, reserved 1048576K
}

Dll operation events (11 events):
Event: 0.008 Loaded shared library C:\Users\61677\.jdks\openjdk-20.0.1\bin\java.dll
Event: 0.016 Loaded shared library C:\Users\61677\.jdks\openjdk-20.0.1\bin\jsvml.dll
Event: 0.062 Loaded shared library C:\Users\61677\.jdks\openjdk-20.0.1\bin\zip.dll
Event: 0.067 Loaded shared library C:\Users\61677\.jdks\openjdk-20.0.1\bin\instrument.dll
Event: 0.072 Loaded shared library C:\Users\61677\.jdks\openjdk-20.0.1\bin\net.dll
Event: 0.074 Loaded shared library C:\Users\61677\.jdks\openjdk-20.0.1\bin\nio.dll
Event: 0.078 Loaded shared library C:\Users\61677\.jdks\openjdk-20.0.1\bin\zip.dll
Event: 0.087 Loaded shared library C:\Program Files\JetBrains\IntelliJ IDEA Community Edition 2023.1.2\bin\breakgen64.dll
Event: 0.094 Loaded shared library C:\Users\61677\.jdks\openjdk-20.0.1\bin\extnet.dll
Event: 0.176 Loaded shared library C:\Program Files\IBM\ILOG\CPLEX_Studio2212\opl\bin\x64_win64\cplex2212.dll
Event: 1.019 Loaded shared library C:\Users\61677\.jdks\openjdk-20.0.1\bin\jimage.dll

Deoptimization events (20 events):
Event: 45.953 Thread 0x000002216c934120 DEOPT PACKING pc=0x000002210023ed17 sp=0x000000485ccff060
Event: 45.953 Thread 0x000002216c934120 DEOPT UNPACKING pc=0x000002210759e462 sp=0x000000485ccfeab8 mode 0
Event: 45.959 Thread 0x000002216c934120 DEOPT PACKING pc=0x000002210023ed17 sp=0x000000485ccff060
Event: 45.959 Thread 0x000002216c934120 DEOPT UNPACKING pc=0x000002210759e462 sp=0x000000485ccfeab8 mode 0
Event: 45.965 Thread 0x000002216c934120 DEOPT PACKING pc=0x000002210026de4b sp=0x000000485ccff050
Event: 45.965 Thread 0x000002216c934120 DEOPT UNPACKING pc=0x000002210759e462 sp=0x000000485ccfeab8 mode 0
Event: 58.443 Thread 0x000002216c934120 DEOPT PACKING pc=0x0000022100219399 sp=0x000000485ccfeea0
Event: 58.443 Thread 0x000002216c934120 DEOPT UNPACKING pc=0x000002210759e462 sp=0x000000485ccfe360 mode 0
Event: 58.443 Thread 0x000002216c934120 DEOPT PACKING pc=0x000002210021a019 sp=0x000000485ccfeea0
Event: 58.443 Thread 0x000002216c934120 DEOPT UNPACKING pc=0x000002210759e462 sp=0x000000485ccfe360 mode 0
Event: 58.443 Thread 0x000002216c934120 DEOPT PACKING pc=0x000002210021a019 sp=0x000000485ccfeea0
Event: 58.443 Thread 0x000002216c934120 DEOPT UNPACKING pc=0x000002210759e462 sp=0x000000485ccfe360 mode 0
Event: 58.521 Thread 0x000002216c934120 DEOPT PACKING pc=0x000002210026de4b sp=0x000000485ccff050
Event: 58.521 Thread 0x000002216c934120 DEOPT UNPACKING pc=0x000002210759e462 sp=0x000000485ccfeab8 mode 0
Event: 76.425 Thread 0x000002216c934120 DEOPT PACKING pc=0x000002210021ad57 sp=0x000000485ccff500
Event: 76.425 Thread 0x000002216c934120 DEOPT UNPACKING pc=0x000002210759e462 sp=0x000000485ccfe9d0 mode 0
Event: 76.425 Thread 0x000002216c934120 DEOPT PACKING pc=0x000002210021ad57 sp=0x000000485ccff500
Event: 76.425 Thread 0x000002216c934120 DEOPT UNPACKING pc=0x000002210759e462 sp=0x000000485ccfe9d0 mode 0
Event: 76.425 Thread 0x000002216c934120 DEOPT PACKING pc=0x0000022100214d87 sp=0x000000485ccff510
Event: 76.425 Thread 0x000002216c934120 DEOPT UNPACKING pc=0x000002210759e462 sp=0x000000485ccfe9d0 mode 0

Classes loaded (20 events):
Event: 1.026 Loading class java/time/zone/TzdbZoneRulesProvider
Event: 1.026 Loading class java/time/zone/TzdbZoneRulesProvider done
Event: 1.029 Loading class java/time/zone/Ser
Event: 1.029 Loading class java/io/Externalizable
Event: 1.029 Loading class java/io/Externalizable done
Event: 1.030 Loading class java/time/zone/Ser done
Event: 1.030 Loading class java/time/Month
Event: 1.030 Loading class java/time/Month done
Event: 1.030 Loading class java/time/DayOfWeek
Event: 1.030 Loading class java/time/DayOfWeek done
Event: 1.030 Loading class java/time/zone/ZoneOffsetTransitionRule$TimeDefinition
Event: 1.030 Loading class java/time/zone/ZoneOffsetTransitionRule$TimeDefinition done
Event: 1.031 Loading class java/time/zone/ZoneOffsetTransition
Event: 1.031 Loading class java/time/zone/ZoneOffsetTransition done
Event: 1.031 Loading class sun/util/cldr/CLDRBaseLocaleDataMetaInfo$TZCanonicalIDMapHolder
Event: 1.032 Loading class sun/util/cldr/CLDRBaseLocaleDataMetaInfo$TZCanonicalIDMapHolder done
Event: 1.033 Loading class sun/util/resources/TimeZoneNames
Event: 1.033 Loading class sun/util/resources/TimeZoneNames done
Event: 1.033 Loading class sun/util/resources/TimeZoneNames_en
Event: 1.033 Loading class sun/util/resources/TimeZoneNames_en done

Classes unloaded (0 events):
No events

Classes redefined (0 events):
No events

Internal exceptions (10 events):
Event: 0.081 Thread 0x000002216c934120 Exception <a 'java/lang/NoSuchMethodError'{0x000000071310b7f8}: 'void java.lang.invoke.DirectMethodHandle$Holder.invokeStatic(java.lang.Object, java.lang.Object, java.lang.Object)'> (0x000000071310b7f8) 
thrown [s\open\src\hotspot\share\interpreter\linkResolver.cpp, line 773]
Event: 0.084 Thread 0x000002216c934120 Exception <a 'java/lang/NoSuchMethodError'{0x0000000713122d00}: 'java.lang.Object java.lang.invoke.Invokers$Holder.invokeExact_MT(java.lang.Object, java.lang.Object, java.lang.Object, java.lang.Object, java.lang.Object)'> (0x0000000713122d00) 
thrown [s\open\src\hotspot\share\interpreter\linkResolver.cpp, line 773]
Event: 0.095 Thread 0x000002217d14b420 Exception <a 'java/lang/NoSuchMethodError'{0x000000071315a2b8}: 'void java.lang.invoke.DirectMethodHandle$Holder.invokeStatic(java.lang.Object, java.lang.Object)'> (0x000000071315a2b8) 
thrown [s\open\src\hotspot\share\interpreter\linkResolver.cpp, line 773]
Event: 0.123 Thread 0x000002216c934120 Exception <a 'java/lang/NoSuchMethodError'{0x0000000712eedd40}: 'java.lang.Object java.lang.invoke.DirectMethodHandle$Holder.invokeStatic(java.lang.Object, java.lang.Object, java.lang.Object, java.lang.Object, java.lang.Object, java.lang.Object, java.lang.Object, java.lang.Object, java.lang.Object, java.lang.Object, java.lang.Object, java.lang.Object, java.lang.Object)'> (0x0000000712eedd40) 
thrown [s\open\src\hotspot\share\interpreter\linkResolver.cpp, line 773]
Event: 0.125 Thread 0x000002216c934120 Exception <a 'java/lang/NoSuchMethodError'{0x0000000712f0d7a8}: 'java.lang.Object java.lang.invoke.DirectMethodHandle$Holder.invokeStatic(java.lang.Object, java.lang.Object, java.lang.Object, java.lang.Object, java.lang.Object, java.lang.Object, java.lang.Object, java.lang.Object, java.lang.Object, java.lang.Object, java.lang.Object, java.lang.Object, java.lang.Object, java.lang.Object)'> (0x0000000712f0d7a8) 
thrown [s\open\src\hotspot\share\interpreter\linkResolver.cpp, line 773]
Event: 0.127 Thread 0x000002216c934120 Exception <a 'java/lang/NoSuchMethodError'{0x0000000712f2d8c8}: 'java.lang.Object java.lang.invoke.DirectMethodHandle$Holder.invokeStatic(java.lang.Object, java.lang.Object, java.lang.Object, java.lang.Object, java.lang.Object, java.lang.Object, java.lang.Object, java.lang.Object, java.lang.Object, java.lang.Object, java.lang.Object, java.lang.Object, java.lang.Object, java.lang.Object, java.lang.Object)'> (0x0000000712f2d8c8) 
thrown [s\open\src\hotspot\share\interpreter\linkResolver.cpp, line 773]
Event: 0.211 Thread 0x000002216c934120 Exception <a 'java/lang/NoSuchMethodError'{0x0000000712bbc8c0}: 'int java.lang.invoke.DirectMethodHandle$Holder.invokeVirtual(java.lang.Object, java.lang.Object)'> (0x0000000712bbc8c0) 
thrown [s\open\src\hotspot\share\interpreter\linkResolver.cpp, line 773]
Event: 0.212 Thread 0x000002216c934120 Exception <a 'java/lang/NoSuchMethodError'{0x0000000712bc6c80}: 'java.lang.Object java.lang.invoke.Invokers$Holder.invokeExact_MT(java.lang.Object, java.lang.Object, java.lang.Object, java.lang.Object, java.lang.Object, java.lang.Object)'> (0x0000000712bc6c80) 
thrown [s\open\src\hotspot\share\interpreter\linkResolver.cpp, line 773]
Event: 0.213 Thread 0x000002216c934120 Exception <a 'java/lang/NoSuchMethodError'{0x0000000712bd1428}: 'int java.lang.invoke.DirectMethodHandle$Holder.invokeSpecialIFC(java.lang.Object, java.lang.Object, java.lang.Object, java.lang.Object, java.lang.Object)'> (0x0000000712bd1428) 
thrown [s\open\src\hotspot\share\interpreter\linkResolver.cpp, line 773]
Event: 0.350 Thread 0x000002216c934120 Exception <a 'java/lang/NoSuchMethodError'{0x000000071218e348}: 'java.lang.Object java.lang.invoke.DirectMethodHandle$Holder.invokeSpecial(java.lang.Object, java.lang.Object, double, int)'> (0x000000071218e348) 
thrown [s\open\src\hotspot\share\interpreter\linkResolver.cpp, line 773]

VM Operations (20 events):
Event: 23.177 Executing VM operation: G1CollectForAllocation done
Event: 30.031 Executing VM operation: G1CollectForAllocation
Event: 30.034 Executing VM operation: G1CollectForAllocation done
Event: 30.337 Executing VM operation: G1CollectForAllocation
Event: 30.340 Executing VM operation: G1CollectForAllocation done
Event: 35.068 Executing VM operation: G1CollectForAllocation
Event: 35.070 Executing VM operation: G1CollectForAllocation done
Event: 35.575 Executing VM operation: G1CollectForAllocation
Event: 35.590 Executing VM operation: G1CollectForAllocation done
Event: 45.904 Executing VM operation: G1CollectForAllocation
Event: 45.905 Executing VM operation: G1CollectForAllocation done
Event: 46.623 Executing VM operation: G1CollectForAllocation
Event: 46.645 Executing VM operation: G1CollectForAllocation done
Event: 58.461 Executing VM operation: G1CollectForAllocation
Event: 58.486 Executing VM operation: G1CollectForAllocation done
Event: 59.053 Executing VM operation: G1CollectForAllocation
Event: 59.084 Executing VM operation: G1CollectForAllocation done
Event: 59.089 Executing VM operation: G1CollectForAllocation
Event: 59.107 Executing VM operation: G1CollectForAllocation done
Event: 76.433 Executing VM operation: G1CollectForAllocation

Events (20 events):
Event: 0.016 Thread 0x000002216c934120 Thread added: 0x000002216c934120
Event: 0.028 Thread 0x000002217ce5d0d0 Thread added: 0x000002217ce5d0d0
Event: 0.028 Thread 0x000002217ce5e160 Thread added: 0x000002217ce5e160
Event: 0.029 Thread 0x000002217ce5fb90 Thread added: 0x000002217ce5fb90
Event: 0.029 Thread 0x000002217ce617d0 Thread added: 0x000002217ce617d0
Event: 0.029 Thread 0x000002217ce643b0 Thread added: 0x000002217ce643b0
Event: 0.029 Thread 0x000002217ce650b0 Thread added: 0x000002217ce650b0
Event: 0.029 Thread 0x000002217ce670f0 Thread added: 0x000002217ce670f0
Event: 0.029 Thread 0x000002217ce70b50 Thread added: 0x000002217ce70b50
Event: 0.046 Thread 0x000002217ce24a10 Thread added: 0x000002217ce24a10
Event: 0.064 Thread 0x000002217d13c3f0 Thread added: 0x000002217d13c3f0
Event: 0.087 Thread 0x000002217d14b420 Thread added: 0x000002217d14b420
Event: 0.087 Thread 0x000002217d14b970 Thread added: 0x000002217d14b970
Event: 0.262 Thread 0x000002217d62f190 Thread added: 0x000002217d62f190
Event: 1.012 Thread 0x000002217d62f190 Thread exited: 0x000002217d62f190
Event: 1.036 Thread 0x000002217de79760 Thread added: 0x000002217de79760
Event: 1.639 Thread 0x000002217de79760 Thread exited: 0x000002217de79760
Event: 2.754 Thread 0x000002217d13c3f0 Thread exited: 0x000002217d13c3f0
Event: 5.101 Thread 0x000002217e82dab0 Thread added: 0x000002217e82dab0
Event: 10.457 Thread 0x000002217e82dab0 Thread exited: 0x000002217e82dab0


Dynamic libraries:
0x00007ff7881c0000 - 0x00007ff7881ce000 	C:\Users\61677\.jdks\openjdk-20.0.1\bin\java.exe
0x00007fff53a90000 - 0x00007fff53ca7000 	C:\WINDOWS\SYSTEM32\ntdll.dll
0x00007fff530c0000 - 0x00007fff53184000 	C:\WINDOWS\System32\KERNEL32.DLL
0x00007fff51230000 - 0x00007fff51601000 	C:\WINDOWS\System32\KERNELBASE.dll
0x00007fff51640000 - 0x00007fff51751000 	C:\WINDOWS\System32\ucrtbase.dll
0x00007fff3bb20000 - 0x00007fff3bb3b000 	C:\Users\61677\.jdks\openjdk-20.0.1\bin\VCRUNTIME140.dll
0x00007fff3cef0000 - 0x00007fff3cf07000 	C:\Users\61677\.jdks\openjdk-20.0.1\bin\jli.dll
0x00007fff51a40000 - 0x00007fff51bf1000 	C:\WINDOWS\System32\USER32.dll
0x00007fff51610000 - 0x00007fff51636000 	C:\WINDOWS\System32\win32u.dll
0x00007fff51cc0000 - 0x00007fff51ce9000 	C:\WINDOWS\System32\GDI32.dll
0x00007fff2c680000 - 0x00007fff2c912000 	C:\WINDOWS\WinSxS\amd64_microsoft.windows.common-controls_6595b64144ccf1df_6.0.22621.4830_none_270fe7d773858e80\COMCTL32.dll
0x00007fff50cf0000 - 0x00007fff50e0b000 	C:\WINDOWS\System32\gdi32full.dll
0x00007fff518e0000 - 0x00007fff51987000 	C:\WINDOWS\System32\msvcrt.dll
0x00007fff50c50000 - 0x00007fff50cea000 	C:\WINDOWS\System32\msvcp_win.dll
0x00007fff53800000 - 0x00007fff53831000 	C:\WINDOWS\System32\IMM32.DLL
0x00007fff4e970000 - 0x00007fff4e97c000 	C:\Users\61677\.jdks\openjdk-20.0.1\bin\vcruntime140_1.dll
0x00007fff39200000 - 0x00007fff3928e000 	C:\Users\61677\.jdks\openjdk-20.0.1\bin\msvcp140.dll
0x00007ffef8aa0000 - 0x00007ffef9737000 	C:\Users\61677\.jdks\openjdk-20.0.1\bin\server\jvm.dll
0x00007fff51c00000 - 0x00007fff51cb1000 	C:\WINDOWS\System32\ADVAPI32.dll
0x00007fff53010000 - 0x00007fff530b7000 	C:\WINDOWS\System32\sechost.dll
0x00007fff50f50000 - 0x00007fff50f78000 	C:\WINDOWS\System32\bcrypt.dll
0x00007fff532a0000 - 0x00007fff533b4000 	C:\WINDOWS\System32\RPCRT4.dll
0x00007fff4e910000 - 0x00007fff4e919000 	C:\WINDOWS\SYSTEM32\WSOCK32.dll
0x00007fff533d0000 - 0x00007fff53441000 	C:\WINDOWS\System32\WS2_32.dll
0x00007fff4c7f0000 - 0x00007fff4c7fa000 	C:\WINDOWS\SYSTEM32\VERSION.dll
0x00007fff4aa00000 - 0x00007fff4aa34000 	C:\WINDOWS\SYSTEM32\WINMM.dll
0x00007fff4fd10000 - 0x00007fff4fd28000 	C:\WINDOWS\SYSTEM32\kernel.appcore.dll
0x00007fff4c2c0000 - 0x00007fff4c2ca000 	C:\Users\61677\.jdks\openjdk-20.0.1\bin\jimage.dll
0x00007fff4db00000 - 0x00007fff4dd32000 	C:\WINDOWS\SYSTEM32\DBGHELP.DLL
0x00007fff53470000 - 0x00007fff53800000 	C:\WINDOWS\System32\combase.dll
0x00007fff51760000 - 0x00007fff51837000 	C:\WINDOWS\System32\OLEAUT32.dll
0x00007fff4d840000 - 0x00007fff4d872000 	C:\WINDOWS\SYSTEM32\dbgcore.DLL
0x00007fff50bd0000 - 0x00007fff50c4b000 	C:\WINDOWS\System32\bcryptPrimitives.dll
0x00007fff415f0000 - 0x00007fff415fe000 	C:\Users\61677\.jdks\openjdk-20.0.1\bin\instrument.dll
0x00007fff3baf0000 - 0x00007fff3bb16000 	C:\Users\61677\.jdks\openjdk-20.0.1\bin\java.dll
0x00007fff39120000 - 0x00007fff391f7000 	C:\Users\61677\.jdks\openjdk-20.0.1\bin\jsvml.dll
0x00007fff51cf0000 - 0x00007fff52578000 	C:\WINDOWS\System32\SHELL32.dll
0x00007fff50f80000 - 0x00007fff510bf000 	C:\WINDOWS\System32\wintypes.dll
0x00007fff4eb40000 - 0x00007fff4f44d000 	C:\WINDOWS\SYSTEM32\windows.storage.dll
0x00007fff53840000 - 0x00007fff5394a000 	C:\WINDOWS\System32\SHCORE.dll
0x00007fff52f30000 - 0x00007fff52f8e000 	C:\WINDOWS\System32\shlwapi.dll
0x00007fff50b00000 - 0x00007fff50b2b000 	C:\WINDOWS\SYSTEM32\profapi.dll
0x00007fff3a020000 - 0x00007fff3a038000 	C:\Users\61677\.jdks\openjdk-20.0.1\bin\zip.dll
0x00007fff3bad0000 - 0x00007fff3bae3000 	C:\Users\61677\.jdks\openjdk-20.0.1\bin\net.dll
0x00007fff4bc40000 - 0x00007fff4bd6c000 	C:\WINDOWS\SYSTEM32\WINHTTP.dll
0x00007fff50180000 - 0x00007fff501ea000 	C:\WINDOWS\system32\mswsock.dll
0x00007fff3a070000 - 0x00007fff3a086000 	C:\Users\61677\.jdks\openjdk-20.0.1\bin\nio.dll
0x00007fff39320000 - 0x00007fff3933a000 	C:\Program Files\JetBrains\IntelliJ IDEA Community Edition 2023.1.2\bin\breakgen64.dll
0x00007fff415c0000 - 0x00007fff415c7000 	C:\Users\61677\.jdks\openjdk-20.0.1\bin\extnet.dll
0x00007ffeca670000 - 0x00007ffecc1a2000 	C:\Program Files\IBM\ILOG\CPLEX_Studio2212\opl\bin\x64_win64\cplex2212.dll

dbghelp: loaded successfully - version: 4.0.5 - missing functions: none
symbol engine: initialized successfully - sym options: 0x614 - pdb path: .;C:\Users\61677\.jdks\openjdk-20.0.1\bin;C:\WINDOWS\SYSTEM32;C:\WINDOWS\WinSxS\amd64_microsoft.windows.common-controls_6595b64144ccf1df_6.0.22621.4830_none_270fe7d773858e80;C:\Users\61677\.jdks\openjdk-20.0.1\bin\server;C:\Program Files\JetBrains\IntelliJ IDEA Community Edition 2023.1.2\bin;C:\Program Files\IBM\ILOG\CPLEX_Studio2212\opl\bin\x64_win64

VM Arguments:
jvm_args: -javaagent:C:\Program Files\JetBrains\IntelliJ IDEA Community Edition 2023.1.2\lib\idea_rt.jar=63416:C:\Program Files\JetBrains\IntelliJ IDEA Community Edition 2023.1.2\bin -Dfile.encoding=UTF-8 -Dsun.stdout.encoding=UTF-8 -Dsun.stderr.encoding=UTF-8 
java_command: Benchmark.BenchmarkForDriverScheduleCG -d D:\testWhetherRecover\4(3)Decomposed-DriverSchedule-TW-CGforDriverSchedulingProblem - onlyLabeling\instances -initial D:\testWhetherRecover\4(3)Decomposed-DriverSchedule-TW-CGforDriverSchedulingProblem - onlyLabeling\initialSchedules -result D:\testWhetherRecover\results -out D:\testWhetherRecover\result.csv
java_class_path (initial): D:\testWhetherRecover\4(3)Decomposed-DriverSchedule-TW-CGforDriverSchedulingProblem - onlyLabeling\out\production\RoutingAndScheduling;C:\Program Files\IBM\ILOG\CPLEX_Studio2212\cplex\lib\cplex.jar
Launcher Type: SUN_STANDARD

[Global flags]
     intx CICompilerCount                          = 4                                         {product} {ergonomic}
     uint ConcGCThreads                            = 2                                         {product} {ergonomic}
     uint G1ConcRefinementThreads                  = 8                                         {product} {ergonomic}
   size_t G1HeapRegionSize                         = 2097152                                   {product} {ergonomic}
    uintx GCDrainStackTargetSize                   = 64                                        {product} {ergonomic}
   size_t InitialHeapSize                          = 266338304                                 {product} {ergonomic}
   size_t MarkStackSize                            = 4194304                                   {product} {ergonomic}
   size_t MaxHeapSize                              = 4238344192                                {product} {ergonomic}
   size_t MaxNewSize                               = 2541748224                                {product} {ergonomic}
   size_t MinHeapDeltaBytes                        = 2097152                                   {product} {ergonomic}
   size_t MinHeapSize                              = 8388608                                   {product} {ergonomic}
    uintx NonNMethodCodeHeapSize                   = 5839372                                {pd product} {ergonomic}
    uintx NonProfiledCodeHeapSize                  = 122909434                              {pd product} {ergonomic}
    uintx ProfiledCodeHeapSize                     = 122909434                              {pd product} {ergonomic}
    uintx ReservedCodeCacheSize                    = 251658240                              {pd product} {ergonomic}
     bool SegmentedCodeCache                       = true                                      {product} {ergonomic}
   size_t SoftMaxHeapSize                          = 4238344192                             {manageable} {ergonomic}
     bool UseCompressedClassPointers               = true                           {product lp64_product} {ergonomic}
     bool UseCompressedOops                        = true                           {product lp64_product} {ergonomic}
     bool UseG1GC                                  = true                                      {product} {ergonomic}
     bool UseLargePagesIndividualAllocation        = false                                  {pd product} {ergonomic}

Logging:
Log output configuration:
 #0: stdout all=warning uptime,level,tags foldmultilines=false
 #1: stderr all=off uptime,level,tags foldmultilines=false

Environment Variables:
PATH=C:\Program Files\IBM\ILOG\CPLEX_Studio2212\opl\bin\x64_win64;C:\Program Files\IBM\ILOG\CPLEX_Studio2212\opl\oplide\;C:\Program Files\IBM\ILOG\CPLEX_Studio2212\cplex\bin\x64_win64;C:\Program Files\IBM\ILOG\CPLEX_Studio2212\cpoptimizer\bin\x64_win64;C:\Program Files\Common Files\Oracle\Java\javapath;C:\Program Files (x86)\Common Files\Oracle\Java\java8path;C:\Program Files (x86)\Common Files\Oracle\Java\javapath;C:\Program Files\Artelys\Knitro 13.0.1\knitroampl;C:\Program Files\Artelys\Knitro 13.0.1\lib;C:\Program Files\IBM\ILOG\CPLEX_Studio1263\opl\bin\x64_win64;C:\Program Files\IBM\ILOG\CPLEX_Studio1263\opl\oplide\;C:\Program Files\IBM\ILOG\CPLEX_Studio1263\cplex\bin\x64_win64;C:\Program Files\IBM\ILOG\CPLEX_Studio1263\cpoptimizer\bin\x64_win64;C:\Windows\system32;C:\Windows;C:\Windows\System32\Wbem;C:\Windows\System32\WindowsPowerShell\v1.0\;C:\Windows\System32\OpenSSH\;C:\Program Files (x86)\NVIDIA Corporation\PhysX\Common;C:\Program Files\NVIDIA Corporation\NVIDIA NvDLISR;C:\WINDOWS\system32;C:\WINDOWS;C:\WINDOWS\System32\Wbem;C:\WINDOWS\System32\WindowsPowerShell\v1.0\;C:\WINDOWS\System32\OpenSSH\;C:\Program Files\MiKTeX\miktex\bin\x64\;D:\LenovoSoftstore\Install\c\bin;D:\LenovoSoftstore\Install\perl\site\bin;D:\LenovoSoftstore\Install\perl\bin;D:\LenovoSoftstore\Git\cmd;C:\Users\61677\AppData\Local\Programs\Python\Launcher\;C:\Users\61677\AppData\Local\Microsoft\WindowsApps;D:\LenovoSoftstore\Install\\;C:\Program Files\JetBrains\IntelliJ IDEA Community Edition 2022.1.4\bin;;C:\Users\61677\AppData\Local\Programs\MiKTeX\miktex\bin\x64\;D:\LenovoQMDownload\SoftMgr\texlive\2022\bin\wi??;
USERNAME=Sun
OS=Windows_NT
PROCESSOR_IDENTIFIER=Intel64 Family 6 Model 140 Stepping 1, GenuineIntel
TMP=C:\Users\61677\AppData\Local\Temp
TEMP=C:\Users\61677\AppData\Local\Temp




---------------  S Y S T E M  ---------------

OS:
 Windows 11 , 64 bit Build 22621 (10.0.22621.4974)
OS uptime: 14 days 22:13 hours

CPU: total 8 (initial active 8) (4 cores per cpu, 2 threads per core) family 6 model 140 stepping 1 microcode 0xa4, cx8, cmov, fxsr, ht, mmx, 3dnowpref, sse, sse2, sse3, ssse3, sse4.1, sse4.2, popcnt, lzcnt, tsc, tscinvbit, avx, avx2, aes, erms, clmul, bmi1, bmi2, adx, avx512f, avx512dq, avx512cd, avx512bw, avx512vl, sha, fma, vzeroupper, avx512_vpopcntdq, avx512_vpclmulqdq, avx512_vaes, avx512_vnni, clflush, clflushopt, clwb, avx512_vbmi2, avx512_vbmi, rdtscp, rdpid, fsrm, gfni, avx512_bitalg, f16c, pku, cet_ibt, cet_ss, avx512_ifma

Memory: 4k page, system-wide physical 16167M (1922M free)
TotalPageFile size 16187M (AvailPageFile size 322M)
current process WorkingSet (physical memory assigned to process): 496M, peak: 517M
current process commit charge ("private bytes"): 555M, peak: 1239M

vm_info: OpenJDK 64-Bit Server VM (20.0.1+9-29) for windows-amd64 JRE (20.0.1+9-29), built on 2023-03-07T13:56:11Z by "mach5one" with MS VC++ 17.1 (VS2022)

END.
