#
# There is insufficient memory for the Java Runtime Environment to continue.
# Native memory allocation (malloc) failed to allocate 32784 bytes for Chunk::new
# Possible reasons:
#   The system is out of physical RAM or swap space
#   The process is running with CompressedOops enabled, and the Java Heap may be blocking the growth of the native heap
# Possible solutions:
#   Reduce memory load on the system
#   Increase physical memory or swap space
#   Check if swap backing store is full
#   Decrease Java heap size (-Xmx/-Xms)
#   Decrease number of Java threads
#   Decrease Java thread stack sizes (-Xss)
#   Set larger code cache with -XX:ReservedCodeCacheSize=
#   JVM is running with Zero Based Compressed Oops mode in which the Java heap is
#     placed in the first 32GB address space. The Java Heap base address is the
#     maximum limit for the native heap growth. Please use -XX:HeapBaseMinAddress
#     to set the Java Heap base and to place the Java Heap above 32GB virtual address.
# This output file may be truncated or incomplete.
#
#  Out of Memory Error (arena.cpp:184), pid=5036, tid=25996
#
# JRE version: OpenJDK Runtime Environment (20.0.1+9) (build 20.0.1+9-29)
# Java VM: OpenJDK 64-Bit Server VM (20.0.1+9-29, mixed mode, sharing, tiered, compressed oops, compressed class ptrs, g1 gc, windows-amd64)
# No core dump will be written. Minidumps are not enabled by default on client versions of Windows
#

---------------  S U M M A R Y ------------

Command Line: -javaagent:C:\Program Files\JetBrains\IntelliJ IDEA Community Edition 2023.1.2\lib\idea_rt.jar=63533:C:\Program Files\JetBrains\IntelliJ IDEA Community Edition 2023.1.2\bin -Dfile.encoding=UTF-8 -Dsun.stdout.encoding=UTF-8 -Dsun.stderr.encoding=UTF-8 Benchmark.BenchmarkForDriverScheduleCG -d D:\testWhetherRecover\4(3)Decomposed-DriverSchedule-TW-CGforDriverSchedulingProblem - onlyLabeling\instances -initial D:\testWhetherRecover\4(3)Decomposed-DriverSchedule-TW-CGforDriverSchedulingProblem - onlyLabeling\initialSchedules -result D:\testWhetherRecover\results -out D:\testWhetherRecover\result.csv

Host: 11th Gen Intel(R) Core(TM) i5-1135G7 @ 2.40GHz, 8 cores, 15G,  Windows 11 , 64 bit Build 22621 (10.0.22621.4974)
Time: Wed Apr  2 17:08:25 2025  Windows 11 , 64 bit Build 22621 (10.0.22621.4974) elapsed time: 19.336002 seconds (0d 0h 0m 19s)

---------------  T H R E A D  ---------------

Current thread (0x000001bfdc002470):  JavaThread "C2 CompilerThread0" daemon [_thread_in_native, id=25996, stack(0x0000002aeb900000,0x0000002aeba00000)]


Current CompileTask:
C2:  19336 1256 %     4       ColumnGe.MasterProblem::solve @ 583 (1747 bytes)

Stack: [0x0000002aeb900000,0x0000002aeba00000]
Native frames: (J=compiled Java code, j=interpreted, Vv=VM code, C=native code)
V  [jvm.dll+0x6bb95a]
V  [jvm.dll+0x8485fa]
V  [jvm.dll+0x84a1f5]
V  [jvm.dll+0x84a8f3]
V  [jvm.dll+0x280b0f]
V  [jvm.dll+0xc2b11]
V  [jvm.dll+0xc2e35]
V  [jvm.dll+0xc2c34]
V  [jvm.dll+0x6e022f]
V  [jvm.dll+0x1d2a93]
V  [jvm.dll+0x6e23af]
V  [jvm.dll+0x3a06c2]
V  [jvm.dll+0x1d2117]
V  [jvm.dll+0x2f4fec]
V  [jvm.dll+0x6d3c22]
V  [jvm.dll+0x6cbca6]
V  [jvm.dll+0x6cb2f1]
V  [jvm.dll+0x6c94f4]
V  [jvm.dll+0x1d169c]
V  [jvm.dll+0x1d222b]
V  [jvm.dll+0x2f4fec]
V  [jvm.dll+0x6d3c22]
V  [jvm.dll+0x6cbca6]
V  [jvm.dll+0x6cb2f1]
V  [jvm.dll+0x6c94f4]
V  [jvm.dll+0x1d169c]
V  [jvm.dll+0x24a203]
V  [jvm.dll+0x1ce491]
V  [jvm.dll+0x259e1b]
V  [jvm.dll+0x2584f0]
V  [jvm.dll+0x3f2895]
V  [jvm.dll+0x7f4b56]
V  [jvm.dll+0x6ba5cb]
C  [ucrtbase.dll+0x29333]
C  [KERNEL32.DLL+0x1259d]
C  [ntdll.dll+0x5af38]


---------------  P R O C E S S  ---------------

Threads class SMR info:
_java_thread_list=0x000001bfe0aa8c10, length=12, elements={
0x000001bfdbff38b0, 0x000001bfdbff47a0, 0x000001bfdbff6f70, 0x000001bfdbff8bb0,
0x000001bfdbffbec0, 0x000001bfdbfff6f0, 0x000001bfdc002470, 0x000001bfdc0036c0,
0x000001bfe0901490, 0x000001bfe0903470, 0x000001bfe0900f40, 0x000001bfe0902480
}

Java Threads: ( => current thread )
  0x000001bfdbff38b0 JavaThread "Reference Handler" daemon [_thread_blocked, id=24048, stack(0x0000002aeb300000,0x0000002aeb400000)]
  0x000001bfdbff47a0 JavaThread "Finalizer" daemon [_thread_blocked, id=14184, stack(0x0000002aeb400000,0x0000002aeb500000)]
  0x000001bfdbff6f70 JavaThread "Signal Dispatcher" daemon [_thread_blocked, id=21916, stack(0x0000002aeb500000,0x0000002aeb600000)]
  0x000001bfdbff8bb0 JavaThread "Attach Listener" daemon [_thread_blocked, id=23652, stack(0x0000002aeb600000,0x0000002aeb700000)]
  0x000001bfdbffbec0 JavaThread "Service Thread" daemon [_thread_blocked, id=26512, stack(0x0000002aeb700000,0x0000002aeb800000)]
  0x000001bfdbfff6f0 JavaThread "Monitor Deflation Thread" daemon [_thread_blocked, id=18680, stack(0x0000002aeb800000,0x0000002aeb900000)]
=>0x000001bfdc002470 JavaThread "C2 CompilerThread0" daemon [_thread_in_native, id=25996, stack(0x0000002aeb900000,0x0000002aeba00000)]
  0x000001bfdc0036c0 JavaThread "C1 CompilerThread0" daemon [_thread_blocked, id=12380, stack(0x0000002aeba00000,0x0000002aebb00000)]
  0x000001bfe0901490 JavaThread "Common-Cleaner" daemon [_thread_blocked, id=26876, stack(0x0000002aebb00000,0x0000002aebc00000)]
  0x000001bfe0903470 JavaThread "Monitor Ctrl-Break" daemon [_thread_in_native, id=2336, stack(0x0000002aebc00000,0x0000002aebd00000)]
  0x000001bfe0900f40 JavaThread "Notification Thread" daemon [_thread_blocked, id=16668, stack(0x0000002aebd00000,0x0000002aebe00000)]
  0x000001bfe0902480 JavaThread "DestroyJavaVM" [_thread_blocked, id=29524, stack(0x0000002aeac00000,0x0000002aead00000)]

Other Threads:
  0x000001bfdbfd34a0 VMThread "VM Thread" [stack: 0x0000002aeb200000,0x0000002aeb300000] [id=14468]
  0x000001bfbd104f20 WatcherThread "VM Periodic Task Thread" [stack: 0x0000002aebe00000,0x0000002aebf00000] [id=12728]
  0x000001bfbd173be0 WorkerThread "GC Thread#0" [stack: 0x0000002aead00000,0x0000002aeae00000] [id=8924]
  0x000001bfe2256ca0 WorkerThread "GC Thread#1" [stack: 0x0000002aec100000,0x0000002aec200000] [id=27272]
  0x000001bfe1d92b20 WorkerThread "GC Thread#2" [stack: 0x0000002aec200000,0x0000002aec300000] [id=3092]
  0x000001bfe12d0250 WorkerThread "GC Thread#3" [stack: 0x0000002aec300000,0x0000002aec400000] [id=19260]
  0x000001bfe13eb710 WorkerThread "GC Thread#4" [stack: 0x0000002aec400000,0x0000002aec500000] [id=29008]
  0x000001bfe13eb9e0 WorkerThread "GC Thread#5" [stack: 0x0000002aec500000,0x0000002aec600000] [id=18916]
  0x000001bfe0f12ed0 WorkerThread "GC Thread#6" [stack: 0x0000002aec000000,0x0000002aec100000] [id=25744]
  0x000001bfbd184920 ConcurrentGCThread "G1 Main Marker" [stack: 0x0000002aeae00000,0x0000002aeaf00000] [id=8884]
  0x000001bfbd185350 WorkerThread "G1 Conc#0" [stack: 0x0000002aeaf00000,0x0000002aeb000000] [id=25804]
  0x000001bfdbe8de20 ConcurrentGCThread "G1 Refine#0" [stack: 0x0000002aeb000000,0x0000002aeb100000] [id=3572]
  0x000001bfdbe8e6d0 ConcurrentGCThread "G1 Service" [stack: 0x0000002aeb100000,0x0000002aeb200000] [id=1632]

Threads with active compile tasks:
C2 CompilerThread0    19359 1256 %     4       ColumnGe.MasterProblem::solve @ 583 (1747 bytes)

VM state: not at safepoint (normal execution)

VM Mutex/Monitor currently owned by a thread: None

Heap address: 0x0000000703600000, size: 4042 MB, Compressed Oops mode: Zero based, Oop shift amount: 3

CDS archive(s) mapped at: [0x0000000800000000-0x0000000800c60000-0x0000000800c60000), size 12976128, SharedBaseAddress: 0x0000000800000000, ArchiveRelocationMode: 0.
Compressed class space mapped at: 0x0000000801000000-0x0000000841000000, reserved size: 1073741824
Narrow klass base: 0x0000000800000000, Narrow klass shift: 0, Narrow klass range: 0x100000000

GC Precious Log:
 CardTable entry size: 512
 Card Set container configuration: InlinePtr #cards 4 size 8 Array Of Cards #cards 16 size 48 Howl #buckets 8 coarsen threshold 3686 Howl Bitmap #cards 512 size 80 coarsen threshold 460 Card regions per heap region 1 cards per card region 4096
 CPUs: 8 total, 8 available
 Memory: 16167M
 Large Page Support: Disabled
 NUMA Support: Disabled
 Compressed Oops: Enabled (Zero based)
 Heap Region Size: 2M
 Heap Min Capacity: 8M
 Heap Initial Capacity: 254M
 Heap Max Capacity: 4042M
 Pre-touch: Disabled
 Parallel Workers: 8
 Concurrent Workers: 2
 Concurrent Refinement Workers: 8
 Periodic GC: Disabled

Heap:
 garbage-first heap   total 335872K, used 193809K [0x0000000703600000, 0x0000000800000000)
  region size 2048K, 96 young (196608K), 11 survivors (22528K)
 Metaspace       used 3647K, committed 3904K, reserved 1114112K
  class space    used 329K, committed 448K, reserved 1048576K

Heap Regions: E=young(eden), S=young(survivor), O=old, HS=humongous(starts), HC=humongous(continues), CS=collection set, F=free, OA=open archive, CA=closed archive, TAMS=top-at-mark-start, PB=parsable bottom
|   0|0x0000000703600000, 0x0000000703600000, 0x0000000703800000|  0%| F|  |TAMS 0x0000000703600000| PB 0x0000000703600000| Untracked 
|   1|0x0000000703800000, 0x0000000703800000, 0x0000000703a00000|  0%| F|  |TAMS 0x0000000703800000| PB 0x0000000703800000| Untracked 
|   2|0x0000000703a00000, 0x0000000703a00000, 0x0000000703c00000|  0%| F|  |TAMS 0x0000000703a00000| PB 0x0000000703a00000| Untracked 
|   3|0x0000000703c00000, 0x0000000703c00000, 0x0000000703e00000|  0%| F|  |TAMS 0x0000000703c00000| PB 0x0000000703c00000| Untracked 
|   4|0x0000000703e00000, 0x0000000703e00000, 0x0000000704000000|  0%| F|  |TAMS 0x0000000703e00000| PB 0x0000000703e00000| Untracked 
|   5|0x0000000704000000, 0x0000000704000000, 0x0000000704200000|  0%| F|  |TAMS 0x0000000704000000| PB 0x0000000704000000| Untracked 
|   6|0x0000000704200000, 0x0000000704200000, 0x0000000704400000|  0%| F|  |TAMS 0x0000000704200000| PB 0x0000000704200000| Untracked 
|   7|0x0000000704400000, 0x0000000704400000, 0x0000000704600000|  0%| F|  |TAMS 0x0000000704400000| PB 0x0000000704400000| Untracked 
|   8|0x0000000704600000, 0x0000000704600000, 0x0000000704800000|  0%| F|  |TAMS 0x0000000704600000| PB 0x0000000704600000| Untracked 
|   9|0x0000000704800000, 0x0000000704800000, 0x0000000704a00000|  0%| F|  |TAMS 0x0000000704800000| PB 0x0000000704800000| Untracked 
|  10|0x0000000704a00000, 0x0000000704a00000, 0x0000000704c00000|  0%| F|  |TAMS 0x0000000704a00000| PB 0x0000000704a00000| Untracked 
|  11|0x0000000704c00000, 0x0000000704c00000, 0x0000000704e00000|  0%| F|  |TAMS 0x0000000704c00000| PB 0x0000000704c00000| Untracked 
|  12|0x0000000704e00000, 0x0000000704e00000, 0x0000000705000000|  0%| F|  |TAMS 0x0000000704e00000| PB 0x0000000704e00000| Untracked 
|  13|0x0000000705000000, 0x0000000705000000, 0x0000000705200000|  0%| F|  |TAMS 0x0000000705000000| PB 0x0000000705000000| Untracked 
|  14|0x0000000705200000, 0x0000000705200000, 0x0000000705400000|  0%| F|  |TAMS 0x0000000705200000| PB 0x0000000705200000| Untracked 
|  15|0x0000000705400000, 0x0000000705400000, 0x0000000705600000|  0%| F|  |TAMS 0x0000000705400000| PB 0x0000000705400000| Untracked 
|  16|0x0000000705600000, 0x0000000705600000, 0x0000000705800000|  0%| F|  |TAMS 0x0000000705600000| PB 0x0000000705600000| Untracked 
|  17|0x0000000705800000, 0x0000000705800000, 0x0000000705a00000|  0%| F|  |TAMS 0x0000000705800000| PB 0x0000000705800000| Untracked 
|  18|0x0000000705a00000, 0x0000000705a00000, 0x0000000705c00000|  0%| F|  |TAMS 0x0000000705a00000| PB 0x0000000705a00000| Untracked 
|  19|0x0000000705c00000, 0x0000000705c00000, 0x0000000705e00000|  0%| F|  |TAMS 0x0000000705c00000| PB 0x0000000705c00000| Untracked 
|  20|0x0000000705e00000, 0x0000000705e00000, 0x0000000706000000|  0%| F|  |TAMS 0x0000000705e00000| PB 0x0000000705e00000| Untracked 
|  21|0x0000000706000000, 0x0000000706000000, 0x0000000706200000|  0%| F|  |TAMS 0x0000000706000000| PB 0x0000000706000000| Untracked 
|  22|0x0000000706200000, 0x0000000706200000, 0x0000000706400000|  0%| F|  |TAMS 0x0000000706200000| PB 0x0000000706200000| Untracked 
|  23|0x0000000706400000, 0x0000000706400000, 0x0000000706600000|  0%| F|  |TAMS 0x0000000706400000| PB 0x0000000706400000| Untracked 
|  24|0x0000000706600000, 0x0000000706600000, 0x0000000706800000|  0%| F|  |TAMS 0x0000000706600000| PB 0x0000000706600000| Untracked 
|  25|0x0000000706800000, 0x0000000706800000, 0x0000000706a00000|  0%| F|  |TAMS 0x0000000706800000| PB 0x0000000706800000| Untracked 
|  26|0x0000000706a00000, 0x0000000706a00000, 0x0000000706c00000|  0%| F|  |TAMS 0x0000000706a00000| PB 0x0000000706a00000| Untracked 
|  27|0x0000000706c00000, 0x0000000706c00000, 0x0000000706e00000|  0%| F|  |TAMS 0x0000000706c00000| PB 0x0000000706c00000| Untracked 
|  28|0x0000000706e00000, 0x0000000706e00000, 0x0000000707000000|  0%| F|  |TAMS 0x0000000706e00000| PB 0x0000000706e00000| Untracked 
|  29|0x0000000707000000, 0x0000000707000000, 0x0000000707200000|  0%| F|  |TAMS 0x0000000707000000| PB 0x0000000707000000| Untracked 
|  30|0x0000000707200000, 0x0000000707200000, 0x0000000707400000|  0%| F|  |TAMS 0x0000000707200000| PB 0x0000000707200000| Untracked 
|  31|0x0000000707400000, 0x0000000707400000, 0x0000000707600000|  0%| F|  |TAMS 0x0000000707400000| PB 0x0000000707400000| Untracked 
|  32|0x0000000707600000, 0x0000000707600000, 0x0000000707800000|  0%| F|  |TAMS 0x0000000707600000| PB 0x0000000707600000| Untracked 
|  33|0x0000000707800000, 0x0000000707800000, 0x0000000707a00000|  0%| F|  |TAMS 0x0000000707800000| PB 0x0000000707800000| Untracked 
|  34|0x0000000707a00000, 0x0000000707a00000, 0x0000000707c00000|  0%| F|  |TAMS 0x0000000707a00000| PB 0x0000000707a00000| Untracked 
|  35|0x0000000707c00000, 0x0000000707c00000, 0x0000000707e00000|  0%| F|  |TAMS 0x0000000707c00000| PB 0x0000000707c00000| Untracked 
|  36|0x0000000707e00000, 0x0000000707e00000, 0x0000000708000000|  0%| F|  |TAMS 0x0000000707e00000| PB 0x0000000707e00000| Untracked 
|  37|0x0000000708000000, 0x0000000708000000, 0x0000000708200000|  0%| F|  |TAMS 0x0000000708000000| PB 0x0000000708000000| Untracked 
|  38|0x0000000708200000, 0x0000000708200000, 0x0000000708400000|  0%| F|  |TAMS 0x0000000708200000| PB 0x0000000708200000| Untracked 
|  39|0x0000000708400000, 0x0000000708400000, 0x0000000708600000|  0%| F|  |TAMS 0x0000000708400000| PB 0x0000000708400000| Untracked 
|  40|0x0000000708600000, 0x0000000708600000, 0x0000000708800000|  0%| F|  |TAMS 0x0000000708600000| PB 0x0000000708600000| Untracked 
|  41|0x0000000708800000, 0x0000000708800000, 0x0000000708a00000|  0%| F|  |TAMS 0x0000000708800000| PB 0x0000000708800000| Untracked 
|  42|0x0000000708a00000, 0x0000000708a00000, 0x0000000708c00000|  0%| F|  |TAMS 0x0000000708a00000| PB 0x0000000708a00000| Untracked 
|  43|0x0000000708c00000, 0x0000000708c00000, 0x0000000708e00000|  0%| F|  |TAMS 0x0000000708c00000| PB 0x0000000708c00000| Untracked 
|  44|0x0000000708e00000, 0x0000000708e00000, 0x0000000709000000|  0%| F|  |TAMS 0x0000000708e00000| PB 0x0000000708e00000| Untracked 
|  45|0x0000000709000000, 0x0000000709000000, 0x0000000709200000|  0%| F|  |TAMS 0x0000000709000000| PB 0x0000000709000000| Untracked 
|  46|0x0000000709200000, 0x0000000709200000, 0x0000000709400000|  0%| F|  |TAMS 0x0000000709200000| PB 0x0000000709200000| Untracked 
|  47|0x0000000709400000, 0x0000000709400000, 0x0000000709600000|  0%| F|  |TAMS 0x0000000709400000| PB 0x0000000709400000| Untracked 
|  48|0x0000000709600000, 0x0000000709600000, 0x0000000709800000|  0%| F|  |TAMS 0x0000000709600000| PB 0x0000000709600000| Untracked 
|  49|0x0000000709800000, 0x0000000709800000, 0x0000000709a00000|  0%| F|  |TAMS 0x0000000709800000| PB 0x0000000709800000| Untracked 
|  50|0x0000000709a00000, 0x0000000709a00000, 0x0000000709c00000|  0%| F|  |TAMS 0x0000000709a00000| PB 0x0000000709a00000| Untracked 
|  51|0x0000000709c00000, 0x0000000709c00000, 0x0000000709e00000|  0%| F|  |TAMS 0x0000000709c00000| PB 0x0000000709c00000| Untracked 
|  52|0x0000000709e00000, 0x0000000709e00000, 0x000000070a000000|  0%| F|  |TAMS 0x0000000709e00000| PB 0x0000000709e00000| Untracked 
|  53|0x000000070a000000, 0x000000070a000000, 0x000000070a200000|  0%| F|  |TAMS 0x000000070a000000| PB 0x000000070a000000| Untracked 
|  54|0x000000070a200000, 0x000000070a200000, 0x000000070a400000|  0%| F|  |TAMS 0x000000070a200000| PB 0x000000070a200000| Untracked 
|  55|0x000000070a400000, 0x000000070a5447e0, 0x000000070a600000| 63%| S|CS|TAMS 0x000000070a400000| PB 0x000000070a400000| Complete 
|  56|0x000000070a600000, 0x000000070a800000, 0x000000070a800000|100%| S|CS|TAMS 0x000000070a600000| PB 0x000000070a600000| Complete 
|  57|0x000000070a800000, 0x000000070aa00000, 0x000000070aa00000|100%| S|CS|TAMS 0x000000070a800000| PB 0x000000070a800000| Complete 
|  58|0x000000070aa00000, 0x000000070ac00000, 0x000000070ac00000|100%| S|CS|TAMS 0x000000070aa00000| PB 0x000000070aa00000| Complete 
|  59|0x000000070ac00000, 0x000000070ae00000, 0x000000070ae00000|100%| S|CS|TAMS 0x000000070ac00000| PB 0x000000070ac00000| Complete 
|  60|0x000000070ae00000, 0x000000070b000000, 0x000000070b000000|100%| S|CS|TAMS 0x000000070ae00000| PB 0x000000070ae00000| Complete 
|  61|0x000000070b000000, 0x000000070b200000, 0x000000070b200000|100%| S|CS|TAMS 0x000000070b000000| PB 0x000000070b000000| Complete 
|  62|0x000000070b200000, 0x000000070b400000, 0x000000070b400000|100%| S|CS|TAMS 0x000000070b200000| PB 0x000000070b200000| Complete 
|  63|0x000000070b400000, 0x000000070b400000, 0x000000070b600000|  0%| F|  |TAMS 0x000000070b400000| PB 0x000000070b400000| Untracked 
|  64|0x000000070b600000, 0x000000070b600000, 0x000000070b800000|  0%| F|  |TAMS 0x000000070b600000| PB 0x000000070b600000| Untracked 
|  65|0x000000070b800000, 0x000000070b800000, 0x000000070ba00000|  0%| F|  |TAMS 0x000000070b800000| PB 0x000000070b800000| Untracked 
|  66|0x000000070ba00000, 0x000000070bc00000, 0x000000070bc00000|100%| S|CS|TAMS 0x000000070ba00000| PB 0x000000070ba00000| Complete 
|  67|0x000000070bc00000, 0x000000070be00000, 0x000000070be00000|100%| S|CS|TAMS 0x000000070bc00000| PB 0x000000070bc00000| Complete 
|  68|0x000000070be00000, 0x000000070c000000, 0x000000070c000000|100%| S|CS|TAMS 0x000000070be00000| PB 0x000000070be00000| Complete 
|  69|0x000000070c000000, 0x000000070c000000, 0x000000070c200000|  0%| F|  |TAMS 0x000000070c000000| PB 0x000000070c000000| Untracked 
|  70|0x000000070c200000, 0x000000070c200000, 0x000000070c400000|  0%| F|  |TAMS 0x000000070c200000| PB 0x000000070c200000| Untracked 
|  71|0x000000070c400000, 0x000000070c400000, 0x000000070c600000|  0%| F|  |TAMS 0x000000070c400000| PB 0x000000070c400000| Untracked 
|  72|0x000000070c600000, 0x000000070c600000, 0x000000070c800000|  0%| F|  |TAMS 0x000000070c600000| PB 0x000000070c600000| Untracked 
|  73|0x000000070c800000, 0x000000070c800000, 0x000000070ca00000|  0%| F|  |TAMS 0x000000070c800000| PB 0x000000070c800000| Untracked 
|  74|0x000000070ca00000, 0x000000070ca00000, 0x000000070cc00000|  0%| F|  |TAMS 0x000000070ca00000| PB 0x000000070ca00000| Untracked 
|  75|0x000000070cc00000, 0x000000070cc00000, 0x000000070ce00000|  0%| F|  |TAMS 0x000000070cc00000| PB 0x000000070cc00000| Untracked 
|  76|0x000000070ce00000, 0x000000070ce00000, 0x000000070d000000|  0%| F|  |TAMS 0x000000070ce00000| PB 0x000000070ce00000| Untracked 
|  77|0x000000070d000000, 0x000000070d000000, 0x000000070d200000|  0%| F|  |TAMS 0x000000070d000000| PB 0x000000070d000000| Untracked 
|  78|0x000000070d200000, 0x000000070d200000, 0x000000070d400000|  0%| F|  |TAMS 0x000000070d200000| PB 0x000000070d200000| Untracked 
|  79|0x000000070d400000, 0x000000070d400800, 0x000000070d600000|  0%| E|  |TAMS 0x000000070d400000| PB 0x000000070d400000| Complete 
|  80|0x000000070d600000, 0x000000070d800000, 0x000000070d800000|100%| E|CS|TAMS 0x000000070d600000| PB 0x000000070d600000| Complete 
|  81|0x000000070d800000, 0x000000070da00000, 0x000000070da00000|100%| E|CS|TAMS 0x000000070d800000| PB 0x000000070d800000| Complete 
|  82|0x000000070da00000, 0x000000070dc00000, 0x000000070dc00000|100%| E|CS|TAMS 0x000000070da00000| PB 0x000000070da00000| Complete 
|  83|0x000000070dc00000, 0x000000070de00000, 0x000000070de00000|100%| E|CS|TAMS 0x000000070dc00000| PB 0x000000070dc00000| Complete 
|  84|0x000000070de00000, 0x000000070e000000, 0x000000070e000000|100%| E|CS|TAMS 0x000000070de00000| PB 0x000000070de00000| Complete 
|  85|0x000000070e000000, 0x000000070e200000, 0x000000070e200000|100%| E|CS|TAMS 0x000000070e000000| PB 0x000000070e000000| Complete 
|  86|0x000000070e200000, 0x000000070e400000, 0x000000070e400000|100%| E|CS|TAMS 0x000000070e200000| PB 0x000000070e200000| Complete 
|  87|0x000000070e400000, 0x000000070e600000, 0x000000070e600000|100%| E|CS|TAMS 0x000000070e400000| PB 0x000000070e400000| Complete 
|  88|0x000000070e600000, 0x000000070e800000, 0x000000070e800000|100%| E|CS|TAMS 0x000000070e600000| PB 0x000000070e600000| Complete 
|  89|0x000000070e800000, 0x000000070ea00000, 0x000000070ea00000|100%| E|CS|TAMS 0x000000070e800000| PB 0x000000070e800000| Complete 
|  90|0x000000070ea00000, 0x000000070ec00000, 0x000000070ec00000|100%| E|CS|TAMS 0x000000070ea00000| PB 0x000000070ea00000| Complete 
|  91|0x000000070ec00000, 0x000000070ee00000, 0x000000070ee00000|100%| E|CS|TAMS 0x000000070ec00000| PB 0x000000070ec00000| Complete 
|  92|0x000000070ee00000, 0x000000070f000000, 0x000000070f000000|100%| E|CS|TAMS 0x000000070ee00000| PB 0x000000070ee00000| Complete 
|  93|0x000000070f000000, 0x000000070f200000, 0x000000070f200000|100%| E|CS|TAMS 0x000000070f000000| PB 0x000000070f000000| Complete 
|  94|0x000000070f200000, 0x000000070f400000, 0x000000070f400000|100%| E|CS|TAMS 0x000000070f200000| PB 0x000000070f200000| Complete 
|  95|0x000000070f400000, 0x000000070f600000, 0x000000070f600000|100%| E|CS|TAMS 0x000000070f400000| PB 0x000000070f400000| Complete 
|  96|0x000000070f600000, 0x000000070f800000, 0x000000070f800000|100%| E|CS|TAMS 0x000000070f600000| PB 0x000000070f600000| Complete 
|  97|0x000000070f800000, 0x000000070fa00000, 0x000000070fa00000|100%| E|CS|TAMS 0x000000070f800000| PB 0x000000070f800000| Complete 
|  98|0x000000070fa00000, 0x000000070fc00000, 0x000000070fc00000|100%| E|CS|TAMS 0x000000070fa00000| PB 0x000000070fa00000| Complete 
|  99|0x000000070fc00000, 0x000000070fe00000, 0x000000070fe00000|100%| E|CS|TAMS 0x000000070fc00000| PB 0x000000070fc00000| Complete 
| 100|0x000000070fe00000, 0x0000000710000000, 0x0000000710000000|100%| E|CS|TAMS 0x000000070fe00000| PB 0x000000070fe00000| Complete 
| 101|0x0000000710000000, 0x0000000710200000, 0x0000000710200000|100%| E|CS|TAMS 0x0000000710000000| PB 0x0000000710000000| Complete 
| 102|0x0000000710200000, 0x0000000710400000, 0x0000000710400000|100%| E|CS|TAMS 0x0000000710200000| PB 0x0000000710200000| Complete 
| 103|0x0000000710400000, 0x0000000710600000, 0x0000000710600000|100%| E|CS|TAMS 0x0000000710400000| PB 0x0000000710400000| Complete 
| 104|0x0000000710600000, 0x0000000710800000, 0x0000000710800000|100%| E|CS|TAMS 0x0000000710600000| PB 0x0000000710600000| Complete 
| 105|0x0000000710800000, 0x0000000710a00000, 0x0000000710a00000|100%| E|CS|TAMS 0x0000000710800000| PB 0x0000000710800000| Complete 
| 106|0x0000000710a00000, 0x0000000710c00000, 0x0000000710c00000|100%| E|CS|TAMS 0x0000000710a00000| PB 0x0000000710a00000| Complete 
| 107|0x0000000710c00000, 0x0000000710e00000, 0x0000000710e00000|100%| E|CS|TAMS 0x0000000710c00000| PB 0x0000000710c00000| Complete 
| 108|0x0000000710e00000, 0x0000000711000000, 0x0000000711000000|100%| E|CS|TAMS 0x0000000710e00000| PB 0x0000000710e00000| Complete 
| 109|0x0000000711000000, 0x0000000711200000, 0x0000000711200000|100%| E|CS|TAMS 0x0000000711000000| PB 0x0000000711000000| Complete 
| 110|0x0000000711200000, 0x0000000711400000, 0x0000000711400000|100%| E|CS|TAMS 0x0000000711200000| PB 0x0000000711200000| Complete 
| 111|0x0000000711400000, 0x0000000711600000, 0x0000000711600000|100%| E|CS|TAMS 0x0000000711400000| PB 0x0000000711400000| Complete 
| 112|0x0000000711600000, 0x0000000711800000, 0x0000000711800000|100%| E|CS|TAMS 0x0000000711600000| PB 0x0000000711600000| Complete 
| 113|0x0000000711800000, 0x0000000711a00000, 0x0000000711a00000|100%| E|CS|TAMS 0x0000000711800000| PB 0x0000000711800000| Complete 
| 114|0x0000000711a00000, 0x0000000711c00000, 0x0000000711c00000|100%| E|CS|TAMS 0x0000000711a00000| PB 0x0000000711a00000| Complete 
| 115|0x0000000711c00000, 0x0000000711e00000, 0x0000000711e00000|100%| E|CS|TAMS 0x0000000711c00000| PB 0x0000000711c00000| Complete 
| 116|0x0000000711e00000, 0x0000000712000000, 0x0000000712000000|100%| E|CS|TAMS 0x0000000711e00000| PB 0x0000000711e00000| Complete 
| 117|0x0000000712000000, 0x0000000712200000, 0x0000000712200000|100%| E|CS|TAMS 0x0000000712000000| PB 0x0000000712000000| Complete 
| 118|0x0000000712200000, 0x0000000712400000, 0x0000000712400000|100%| E|CS|TAMS 0x0000000712200000| PB 0x0000000712200000| Complete 
| 119|0x0000000712400000, 0x0000000712600000, 0x0000000712600000|100%| E|CS|TAMS 0x0000000712400000| PB 0x0000000712400000| Complete 
| 120|0x0000000712600000, 0x0000000712800000, 0x0000000712800000|100%| E|CS|TAMS 0x0000000712600000| PB 0x0000000712600000| Complete 
| 121|0x0000000712800000, 0x0000000712a00000, 0x0000000712a00000|100%| E|CS|TAMS 0x0000000712800000| PB 0x0000000712800000| Complete 
| 122|0x0000000712a00000, 0x0000000712c00000, 0x0000000712c00000|100%| E|CS|TAMS 0x0000000712a00000| PB 0x0000000712a00000| Complete 
| 123|0x0000000712c00000, 0x0000000712e00000, 0x0000000712e00000|100%| E|CS|TAMS 0x0000000712c00000| PB 0x0000000712c00000| Complete 
| 124|0x0000000712e00000, 0x0000000713000000, 0x0000000713000000|100%| E|CS|TAMS 0x0000000712e00000| PB 0x0000000712e00000| Complete 
| 125|0x0000000713000000, 0x0000000713200000, 0x0000000713200000|100%| E|CS|TAMS 0x0000000713000000| PB 0x0000000713000000| Complete 
| 126|0x0000000713200000, 0x0000000713400000, 0x0000000713400000|100%| E|CS|TAMS 0x0000000713200000| PB 0x0000000713200000| Complete 
| 127|0x0000000713400000, 0x0000000713600000, 0x0000000713600000|100%| E|CS|TAMS 0x0000000713400000| PB 0x0000000713400000| Complete 
| 128|0x0000000713600000, 0x0000000713800000, 0x0000000713800000|100%| E|CS|TAMS 0x0000000713600000| PB 0x0000000713600000| Complete 
| 129|0x0000000713800000, 0x0000000713a00000, 0x0000000713a00000|100%| E|CS|TAMS 0x0000000713800000| PB 0x0000000713800000| Complete 
| 130|0x0000000713a00000, 0x0000000713c00000, 0x0000000713c00000|100%| E|CS|TAMS 0x0000000713a00000| PB 0x0000000713a00000| Complete 
| 131|0x0000000713c00000, 0x0000000713e00000, 0x0000000713e00000|100%| E|CS|TAMS 0x0000000713c00000| PB 0x0000000713c00000| Complete 
| 132|0x0000000713e00000, 0x0000000714000000, 0x0000000714000000|100%| E|CS|TAMS 0x0000000713e00000| PB 0x0000000713e00000| Complete 
| 133|0x0000000714000000, 0x0000000714200000, 0x0000000714200000|100%| E|CS|TAMS 0x0000000714000000| PB 0x0000000714000000| Complete 
| 134|0x0000000714200000, 0x0000000714400000, 0x0000000714400000|100%| E|CS|TAMS 0x0000000714200000| PB 0x0000000714200000| Complete 
| 135|0x0000000714400000, 0x0000000714600000, 0x0000000714600000|100%| E|CS|TAMS 0x0000000714400000| PB 0x0000000714400000| Complete 
| 136|0x0000000714600000, 0x0000000714800000, 0x0000000714800000|100%| E|CS|TAMS 0x0000000714600000| PB 0x0000000714600000| Complete 
| 137|0x0000000714800000, 0x0000000714a00000, 0x0000000714a00000|100%| E|CS|TAMS 0x0000000714800000| PB 0x0000000714800000| Complete 
| 138|0x0000000714a00000, 0x0000000714c00000, 0x0000000714c00000|100%| E|CS|TAMS 0x0000000714a00000| PB 0x0000000714a00000| Complete 
| 139|0x0000000714c00000, 0x0000000714e00000, 0x0000000714e00000|100%| E|CS|TAMS 0x0000000714c00000| PB 0x0000000714c00000| Complete 
| 140|0x0000000714e00000, 0x0000000715000000, 0x0000000715000000|100%| E|CS|TAMS 0x0000000714e00000| PB 0x0000000714e00000| Complete 
| 141|0x0000000715000000, 0x0000000715200000, 0x0000000715200000|100%| E|CS|TAMS 0x0000000715000000| PB 0x0000000715000000| Complete 
| 142|0x0000000715200000, 0x0000000715400000, 0x0000000715400000|100%| E|CS|TAMS 0x0000000715200000| PB 0x0000000715200000| Complete 
| 143|0x0000000715400000, 0x0000000715600000, 0x0000000715600000|100%| E|CS|TAMS 0x0000000715400000| PB 0x0000000715400000| Complete 
| 144|0x0000000715600000, 0x0000000715800000, 0x0000000715800000|100%| E|CS|TAMS 0x0000000715600000| PB 0x0000000715600000| Complete 
| 145|0x0000000715800000, 0x0000000715a00000, 0x0000000715a00000|100%| E|CS|TAMS 0x0000000715800000| PB 0x0000000715800000| Complete 
| 146|0x0000000715a00000, 0x0000000715c00000, 0x0000000715c00000|100%| E|CS|TAMS 0x0000000715a00000| PB 0x0000000715a00000| Complete 
| 147|0x0000000715c00000, 0x0000000715e00000, 0x0000000715e00000|100%| E|CS|TAMS 0x0000000715c00000| PB 0x0000000715c00000| Complete 
| 148|0x0000000715e00000, 0x0000000716000000, 0x0000000716000000|100%| E|CS|TAMS 0x0000000715e00000| PB 0x0000000715e00000| Complete 
| 149|0x0000000716000000, 0x0000000716200000, 0x0000000716200000|100%| E|CS|TAMS 0x0000000716000000| PB 0x0000000716000000| Complete 
| 150|0x0000000716200000, 0x0000000716400000, 0x0000000716400000|100%| E|CS|TAMS 0x0000000716200000| PB 0x0000000716200000| Complete 
| 151|0x0000000716400000, 0x0000000716600000, 0x0000000716600000|100%| E|CS|TAMS 0x0000000716400000| PB 0x0000000716400000| Complete 
| 152|0x0000000716600000, 0x0000000716800000, 0x0000000716800000|100%| E|CS|TAMS 0x0000000716600000| PB 0x0000000716600000| Complete 
| 153|0x0000000716800000, 0x0000000716a00000, 0x0000000716a00000|100%| E|CS|TAMS 0x0000000716800000| PB 0x0000000716800000| Complete 
| 154|0x0000000716a00000, 0x0000000716c00000, 0x0000000716c00000|100%| E|CS|TAMS 0x0000000716a00000| PB 0x0000000716a00000| Complete 
| 155|0x0000000716c00000, 0x0000000716e00000, 0x0000000716e00000|100%| E|CS|TAMS 0x0000000716c00000| PB 0x0000000716c00000| Complete 
| 156|0x0000000716e00000, 0x0000000717000000, 0x0000000717000000|100%| E|CS|TAMS 0x0000000716e00000| PB 0x0000000716e00000| Complete 
| 157|0x0000000717000000, 0x0000000717200000, 0x0000000717200000|100%| E|CS|TAMS 0x0000000717000000| PB 0x0000000717000000| Complete 
| 158|0x0000000717200000, 0x0000000717400000, 0x0000000717400000|100%| E|CS|TAMS 0x0000000717200000| PB 0x0000000717200000| Complete 
| 159|0x0000000717400000, 0x0000000717600000, 0x0000000717600000|100%| E|CS|TAMS 0x0000000717400000| PB 0x0000000717400000| Complete 
| 160|0x0000000717600000, 0x0000000717800000, 0x0000000717800000|100%| E|CS|TAMS 0x0000000717600000| PB 0x0000000717600000| Complete 
| 161|0x0000000717800000, 0x0000000717a00000, 0x0000000717a00000|100%| E|CS|TAMS 0x0000000717800000| PB 0x0000000717800000| Complete 
| 162|0x0000000717a00000, 0x0000000717c00000, 0x0000000717c00000|100%| E|CS|TAMS 0x0000000717a00000| PB 0x0000000717a00000| Complete 
| 163|0x0000000717c00000, 0x0000000717e00000, 0x0000000717e00000|100%| E|CS|TAMS 0x0000000717c00000| PB 0x0000000717c00000| Complete 

Card table byte_map: [0x000001bfd4ce0000,0x000001bfd54d0000] _byte_map_base: 0x000001bfd14c5000

Marking Bits: (CMBitMap*) 0x000001bfbd174210
 Bits: [0x000001bfd5cc0000, 0x000001bfd9be8000)

Polling page: 0x000001bfbc8c0000

Metaspace:

Usage:
  Non-class:      3.24 MB used.
      Class:    329.56 KB used.
       Both:      3.56 MB used.

Virtual space:
  Non-class space:       64.00 MB reserved,       3.38 MB (  5%) committed,  1 nodes.
      Class space:        1.00 GB reserved,     448.00 KB ( <1%) committed,  1 nodes.
             Both:        1.06 GB reserved,       3.81 MB ( <1%) committed. 

Chunk freelists:
   Non-Class:  2.22 MB
       Class:  3.48 MB
        Both:  5.71 MB

MaxMetaspaceSize: unlimited
CompressedClassSpaceSize: 1.00 GB
Initial GC threshold: 21.00 MB
Current GC threshold: 21.00 MB
CDS: on
MetaspaceReclaimPolicy: balanced
 - commit_granule_bytes: 65536.
 - commit_granule_words: 8192.
 - virtual_space_node_default_size: 8388608.
 - enlarge_chunks_in_place: 1.
 - new_chunks_are_fully_committed: 0.
 - uncommit_free_chunks: 1.
 - use_allocation_guard: 0.


Internal statistics:

num_allocs_failed_limit: 0.
num_arena_births: 204.
num_arena_deaths: 0.
num_vsnodes_births: 2.
num_vsnodes_deaths: 0.
num_space_committed: 61.
num_space_uncommitted: 0.
num_chunks_returned_to_freelist: 0.
num_chunks_taken_from_freelist: 312.
num_chunk_merges: 0.
num_chunk_splits: 210.
num_chunks_enlarged: 123.
num_inconsistent_stats: 0.

CodeHeap 'non-profiled nmethods': size=120000Kb used=1069Kb max_used=1069Kb free=118930Kb
 bounds [0x000001bfccc80000, 0x000001bfccef0000, 0x000001bfd41b0000]
CodeHeap 'profiled nmethods': size=120000Kb used=2622Kb max_used=2622Kb free=117377Kb
 bounds [0x000001bfc51b0000, 0x000001bfc5440000, 0x000001bfcc6e0000]
CodeHeap 'non-nmethods': size=5760Kb used=1746Kb max_used=1796Kb free=4013Kb
 bounds [0x000001bfcc6e0000, 0x000001bfcc950000, 0x000001bfccc80000]
 total_blobs=1870 nmethods=1259 adapters=522
 compilation: enabled
              stopped_count=0, restarted_count=0
 full_count=0

Compilation events (20 events):
Event: 17.281 Thread 0x000001bfdc0036c0 nmethod 1246 0x000001bfc543a810 code [0x000001bfc543aa20, 0x000001bfc543b0a0]
Event: 17.282 Thread 0x000001bfdc0036c0 1247   !   3       ColumnGe.MasterProblem::getDualFromConstraintShortConnectionIn (116 bytes)
Event: 17.282 Thread 0x000001bfdc0036c0 nmethod 1247 0x000001bfc543b490 code [0x000001bfc543b6a0, 0x000001bfc543bd20]
Event: 17.283 Thread 0x000001bfdc0036c0 1248   !   3       ColumnGe.MasterProblem::getDualFromConstraintWhetherSelectShortConnection (141 bytes)
Event: 17.284 Thread 0x000001bfdc0036c0 nmethod 1248 0x000001bfc543c110 code [0x000001bfc543c340, 0x000001bfc543ca88]
Event: 17.286 Thread 0x000001bfdc0036c0 1249   !   3       ColumnGe.MasterProblem::getDualFromConstraintLinkShortConnection (129 bytes)
Event: 17.287 Thread 0x000001bfdc0036c0 nmethod 1249 0x000001bfc543d010 code [0x000001bfc543d220, 0x000001bfc543d888]
Event: 17.806 Thread 0x000001bfdc002470 1250 %     4       ColumnGe.MasterProblem::solve @ 686 (1747 bytes)
Event: 17.832 Thread 0x000001bfdc0036c0 1251       3       ilog.cplex.CplexI::getString (39 bytes)
Event: 17.832 Thread 0x000001bfdc0036c0 nmethod 1251 0x000001bfc543dd90 code [0x000001bfc543df40, 0x000001bfc543e1d8]
Event: 17.832 Thread 0x000001bfdc0036c0 1252       1       ilog.cplex.CplexI::output (5 bytes)
Event: 17.832 Thread 0x000001bfdc0036c0 nmethod 1252 0x000001bfccd74790 code [0x000001bfccd74900, 0x000001bfccd749d0]
Event: 17.905 Thread 0x000001bfdc0036c0 1254       3       java.util.ArrayList::fastRemove (44 bytes)
Event: 17.905 Thread 0x000001bfdc0036c0 nmethod 1254 0x000001bfc543e310 code [0x000001bfc543e4c0, 0x000001bfc543e8c8]
Event: 18.231 Thread 0x000001bfdc002470 nmethod 1250% 0x000001bfccd74a90 code [0x000001bfccd75a00, 0x000001bfccd80408]
Event: 18.232 Thread 0x000001bfdc002470 1253       4       java.lang.Object::equals (11 bytes)
Event: 18.232 Thread 0x000001bfdc002470 nmethod 1253 0x000001bfccd8af90 code [0x000001bfccd8b100, 0x000001bfccd8b198]
Event: 19.294 Thread 0x000001bfdc002470 1255       4       java.lang.invoke.DirectMethodHandle$Holder::invokeStatic (17 bytes)
Event: 19.295 Thread 0x000001bfdc002470 nmethod 1255 0x000001bfccd8b290 code [0x000001bfccd8b400, 0x000001bfccd8b4d8]
Event: 19.331 Thread 0x000001bfdc002470 1256 %     4       ColumnGe.MasterProblem::solve @ 583 (1747 bytes)

GC Heap History (20 events):
Event: 1.535 GC heap before
{Heap before GC invocations=3 (full 0):
 garbage-first heap   total 260096K, used 155294K [0x0000000703600000, 0x0000000800000000)
  region size 2048K, 76 young (155648K), 2 survivors (4096K)
 Metaspace       used 3504K, committed 3776K, reserved 1114112K
  class space    used 327K, committed 448K, reserved 1048576K
}
Event: 1.537 GC heap after
{Heap after GC invocations=4 (full 0):
 garbage-first heap   total 260096K, used 4001K [0x0000000703600000, 0x0000000800000000)
  region size 2048K, 2 young (4096K), 2 survivors (4096K)
 Metaspace       used 3504K, committed 3776K, reserved 1114112K
  class space    used 327K, committed 448K, reserved 1048576K
}
Event: 2.307 GC heap before
{Heap before GC invocations=4 (full 0):
 garbage-first heap   total 260096K, used 155553K [0x0000000703600000, 0x0000000800000000)
  region size 2048K, 76 young (155648K), 2 survivors (4096K)
 Metaspace       used 3538K, committed 3776K, reserved 1114112K
  class space    used 328K, committed 448K, reserved 1048576K
}
Event: 2.309 GC heap after
{Heap after GC invocations=5 (full 0):
 garbage-first heap   total 260096K, used 4028K [0x0000000703600000, 0x0000000800000000)
  region size 2048K, 2 young (4096K), 2 survivors (4096K)
 Metaspace       used 3538K, committed 3776K, reserved 1114112K
  class space    used 328K, committed 448K, reserved 1048576K
}
Event: 2.413 GC heap before
{Heap before GC invocations=5 (full 0):
 garbage-first heap   total 260096K, used 155580K [0x0000000703600000, 0x0000000800000000)
  region size 2048K, 76 young (155648K), 2 survivors (4096K)
 Metaspace       used 3548K, committed 3776K, reserved 1114112K
  class space    used 328K, committed 448K, reserved 1048576K
}
Event: 2.415 GC heap after
{Heap after GC invocations=6 (full 0):
 garbage-first heap   total 260096K, used 4096K [0x0000000703600000, 0x0000000800000000)
  region size 2048K, 2 young (4096K), 2 survivors (4096K)
 Metaspace       used 3548K, committed 3776K, reserved 1114112K
  class space    used 328K, committed 448K, reserved 1048576K
}
Event: 3.324 GC heap before
{Heap before GC invocations=6 (full 0):
 garbage-first heap   total 260096K, used 155648K [0x0000000703600000, 0x0000000800000000)
  region size 2048K, 76 young (155648K), 2 survivors (4096K)
 Metaspace       used 3549K, committed 3776K, reserved 1114112K
  class space    used 328K, committed 448K, reserved 1048576K
}
Event: 3.326 GC heap after
{Heap after GC invocations=7 (full 0):
 garbage-first heap   total 260096K, used 4308K [0x0000000703600000, 0x0000000800000000)
  region size 2048K, 3 young (6144K), 3 survivors (6144K)
 Metaspace       used 3549K, committed 3776K, reserved 1114112K
  class space    used 328K, committed 448K, reserved 1048576K
}
Event: 8.463 GC heap before
{Heap before GC invocations=7 (full 0):
 garbage-first heap   total 260096K, used 153812K [0x0000000703600000, 0x0000000800000000)
  region size 2048K, 76 young (155648K), 3 survivors (6144K)
 Metaspace       used 3558K, committed 3776K, reserved 1114112K
  class space    used 328K, committed 448K, reserved 1048576K
}
Event: 8.465 GC heap after
{Heap after GC invocations=8 (full 0):
 garbage-first heap   total 260096K, used 4204K [0x0000000703600000, 0x0000000800000000)
  region size 2048K, 3 young (6144K), 3 survivors (6144K)
 Metaspace       used 3558K, committed 3776K, reserved 1114112K
  class space    used 328K, committed 448K, reserved 1048576K
}
Event: 8.566 GC heap before
{Heap before GC invocations=8 (full 0):
 garbage-first heap   total 260096K, used 153708K [0x0000000703600000, 0x0000000800000000)
  region size 2048K, 76 young (155648K), 3 survivors (6144K)
 Metaspace       used 3560K, committed 3776K, reserved 1114112K
  class space    used 328K, committed 448K, reserved 1048576K
}
Event: 8.569 GC heap after
{Heap after GC invocations=9 (full 0):
 garbage-first heap   total 260096K, used 6817K [0x0000000703600000, 0x0000000800000000)
  region size 2048K, 4 young (8192K), 4 survivors (8192K)
 Metaspace       used 3560K, committed 3776K, reserved 1114112K
  class space    used 328K, committed 448K, reserved 1048576K
}
Event: 12.746 GC heap before
{Heap before GC invocations=9 (full 0):
 garbage-first heap   total 260096K, used 154273K [0x0000000703600000, 0x0000000800000000)
  region size 2048K, 76 young (155648K), 4 survivors (8192K)
 Metaspace       used 3561K, committed 3776K, reserved 1114112K
  class space    used 328K, committed 448K, reserved 1048576K
}
Event: 12.748 GC heap after
{Heap after GC invocations=10 (full 0):
 garbage-first heap   total 335872K, used 4756K [0x0000000703600000, 0x0000000800000000)
  region size 2048K, 3 young (6144K), 3 survivors (6144K)
 Metaspace       used 3561K, committed 3776K, reserved 1114112K
  class space    used 328K, committed 448K, reserved 1048576K
}
Event: 13.807 GC heap before
{Heap before GC invocations=10 (full 0):
 garbage-first heap   total 335872K, used 199316K [0x0000000703600000, 0x0000000800000000)
  region size 2048K, 98 young (200704K), 3 survivors (6144K)
 Metaspace       used 3572K, committed 3840K, reserved 1114112K
  class space    used 328K, committed 448K, reserved 1048576K
}
Event: 13.809 GC heap after
{Heap after GC invocations=11 (full 0):
 garbage-first heap   total 335872K, used 5048K [0x0000000703600000, 0x0000000800000000)
  region size 2048K, 3 young (6144K), 3 survivors (6144K)
 Metaspace       used 3572K, committed 3840K, reserved 1114112K
  class space    used 328K, committed 448K, reserved 1048576K
}
Event: 16.839 GC heap before
{Heap before GC invocations=11 (full 0):
 garbage-first heap   total 335872K, used 199608K [0x0000000703600000, 0x0000000800000000)
  region size 2048K, 98 young (200704K), 3 survivors (6144K)
 Metaspace       used 3637K, committed 3904K, reserved 1114112K
  class space    used 328K, committed 448K, reserved 1048576K
}
Event: 16.841 GC heap after
{Heap after GC invocations=12 (full 0):
 garbage-first heap   total 335872K, used 5167K [0x0000000703600000, 0x0000000800000000)
  region size 2048K, 3 young (6144K), 3 survivors (6144K)
 Metaspace       used 3637K, committed 3904K, reserved 1114112K
  class space    used 328K, committed 448K, reserved 1048576K
}
Event: 18.007 GC heap before
{Heap before GC invocations=12 (full 0):
 garbage-first heap   total 335872K, used 199727K [0x0000000703600000, 0x0000000800000000)
  region size 2048K, 98 young (200704K), 3 survivors (6144K)
 Metaspace       used 3638K, committed 3904K, reserved 1114112K
  class space    used 328K, committed 448K, reserved 1048576K
}
Event: 18.019 GC heap after
{Heap after GC invocations=13 (full 0):
 garbage-first heap   total 335872K, used 21777K [0x0000000703600000, 0x0000000800000000)
  region size 2048K, 11 young (22528K), 11 survivors (22528K)
 Metaspace       used 3638K, committed 3904K, reserved 1114112K
  class space    used 328K, committed 448K, reserved 1048576K
}

Dll operation events (11 events):
Event: 0.008 Loaded shared library C:\Users\61677\.jdks\openjdk-20.0.1\bin\java.dll
Event: 0.017 Loaded shared library C:\Users\61677\.jdks\openjdk-20.0.1\bin\jsvml.dll
Event: 0.060 Loaded shared library C:\Users\61677\.jdks\openjdk-20.0.1\bin\zip.dll
Event: 0.066 Loaded shared library C:\Users\61677\.jdks\openjdk-20.0.1\bin\instrument.dll
Event: 0.071 Loaded shared library C:\Users\61677\.jdks\openjdk-20.0.1\bin\net.dll
Event: 0.073 Loaded shared library C:\Users\61677\.jdks\openjdk-20.0.1\bin\nio.dll
Event: 0.076 Loaded shared library C:\Users\61677\.jdks\openjdk-20.0.1\bin\zip.dll
Event: 0.084 Loaded shared library C:\Program Files\JetBrains\IntelliJ IDEA Community Edition 2023.1.2\bin\breakgen64.dll
Event: 0.092 Loaded shared library C:\Users\61677\.jdks\openjdk-20.0.1\bin\extnet.dll
Event: 0.149 Loaded shared library C:\Program Files\IBM\ILOG\CPLEX_Studio2212\opl\bin\x64_win64\cplex2212.dll
Event: 1.016 Loaded shared library C:\Users\61677\.jdks\openjdk-20.0.1\bin\jimage.dll

Deoptimization events (20 events):
Event: 2.343 Thread 0x000001bfbd103f00 DEOPT PACKING pc=0x000001bfc52d8225 sp=0x0000002aeacfee50
Event: 2.343 Thread 0x000001bfbd103f00 DEOPT UNPACKING pc=0x000001bfcc74e462 sp=0x0000002aeacfe378 mode 0
Event: 2.344 Thread 0x000001bfbd103f00 DEOPT PACKING pc=0x000001bfc52d8225 sp=0x0000002aeacfee50
Event: 2.344 Thread 0x000001bfbd103f00 DEOPT UNPACKING pc=0x000001bfcc74e462 sp=0x0000002aeacfe378 mode 0
Event: 2.345 Thread 0x000001bfbd103f00 DEOPT PACKING pc=0x000001bfc52d8225 sp=0x0000002aeacfee50
Event: 2.345 Thread 0x000001bfbd103f00 DEOPT UNPACKING pc=0x000001bfcc74e462 sp=0x0000002aeacfe378 mode 0
Event: 2.346 Thread 0x000001bfbd103f00 DEOPT PACKING pc=0x000001bfc52d83fe sp=0x0000002aeacfecf0
Event: 2.346 Thread 0x000001bfbd103f00 DEOPT UNPACKING pc=0x000001bfcc74e462 sp=0x0000002aeacfe218 mode 0
Event: 2.346 Thread 0x000001bfbd103f00 DEOPT PACKING pc=0x000001bfc52d83fe sp=0x0000002aeacfecf0
Event: 2.346 Thread 0x000001bfbd103f00 DEOPT UNPACKING pc=0x000001bfcc74e462 sp=0x0000002aeacfe218 mode 0
Event: 2.347 Thread 0x000001bfbd103f00 DEOPT PACKING pc=0x000001bfc52d83fe sp=0x0000002aeacfecf0
Event: 2.347 Thread 0x000001bfbd103f00 DEOPT UNPACKING pc=0x000001bfcc74e462 sp=0x0000002aeacfe218 mode 0
Event: 2.347 Thread 0x000001bfbd103f00 DEOPT PACKING pc=0x000001bfc52d83fe sp=0x0000002aeacfecf0
Event: 2.347 Thread 0x000001bfbd103f00 DEOPT UNPACKING pc=0x000001bfcc74e462 sp=0x0000002aeacfe218 mode 0
Event: 8.523 Thread 0x000001bfbd103f00 DEOPT PACKING pc=0x000001bfc53b9dca sp=0x0000002aeacff1a0
Event: 8.523 Thread 0x000001bfbd103f00 DEOPT UNPACKING pc=0x000001bfcc74e462 sp=0x0000002aeacfe7b8 mode 0
Event: 19.334 Thread 0x000001bfbd103f00 Uncommon trap: trap_request=0xffffff45 fr.pc=0x000001bfccce357c relative=0x000000000000007c
Event: 19.334 Thread 0x000001bfbd103f00 Uncommon trap: reason=unstable_if action=reinterpret pc=0x000001bfccce357c method=ilog.cplex.CplexI.CALL(I)V @ 16 c2
Event: 19.334 Thread 0x000001bfbd103f00 DEOPT PACKING pc=0x000001bfccce357c sp=0x0000002aeacfeb50
Event: 19.334 Thread 0x000001bfbd103f00 DEOPT UNPACKING pc=0x000001bfcc6fd2a2 sp=0x0000002aeacfeae0 mode 2

Classes loaded (20 events):
Event: 1.025 Loading class java/time/zone/TzdbZoneRulesProvider
Event: 1.025 Loading class java/time/zone/TzdbZoneRulesProvider done
Event: 1.029 Loading class java/time/zone/Ser
Event: 1.029 Loading class java/io/Externalizable
Event: 1.029 Loading class java/io/Externalizable done
Event: 1.029 Loading class java/time/zone/Ser done
Event: 1.030 Loading class java/time/Month
Event: 1.030 Loading class java/time/Month done
Event: 1.030 Loading class java/time/DayOfWeek
Event: 1.030 Loading class java/time/DayOfWeek done
Event: 1.031 Loading class java/time/zone/ZoneOffsetTransitionRule$TimeDefinition
Event: 1.031 Loading class java/time/zone/ZoneOffsetTransitionRule$TimeDefinition done
Event: 1.032 Loading class java/time/zone/ZoneOffsetTransition
Event: 1.032 Loading class java/time/zone/ZoneOffsetTransition done
Event: 1.032 Loading class sun/util/cldr/CLDRBaseLocaleDataMetaInfo$TZCanonicalIDMapHolder
Event: 1.033 Loading class sun/util/cldr/CLDRBaseLocaleDataMetaInfo$TZCanonicalIDMapHolder done
Event: 1.034 Loading class sun/util/resources/TimeZoneNames
Event: 1.034 Loading class sun/util/resources/TimeZoneNames done
Event: 1.035 Loading class sun/util/resources/TimeZoneNames_en
Event: 1.035 Loading class sun/util/resources/TimeZoneNames_en done

Classes unloaded (0 events):
No events

Classes redefined (0 events):
No events

Internal exceptions (7 events):
Event: 0.078 Thread 0x000001bfbd103f00 Exception <a 'java/lang/NoSuchMethodError'{0x000000071310b7f8}: 'void java.lang.invoke.DirectMethodHandle$Holder.invokeStatic(java.lang.Object, java.lang.Object, java.lang.Object)'> (0x000000071310b7f8) 
thrown [s\open\src\hotspot\share\interpreter\linkResolver.cpp, line 773]
Event: 0.081 Thread 0x000001bfbd103f00 Exception <a 'java/lang/NoSuchMethodError'{0x0000000713122d00}: 'java.lang.Object java.lang.invoke.Invokers$Holder.invokeExact_MT(java.lang.Object, java.lang.Object, java.lang.Object, java.lang.Object, java.lang.Object)'> (0x0000000713122d00) 
thrown [s\open\src\hotspot\share\interpreter\linkResolver.cpp, line 773]
Event: 0.093 Thread 0x000001bfe0903470 Exception <a 'java/lang/NoSuchMethodError'{0x000000071315a2b8}: 'void java.lang.invoke.DirectMethodHandle$Holder.invokeStatic(java.lang.Object, java.lang.Object)'> (0x000000071315a2b8) 
thrown [s\open\src\hotspot\share\interpreter\linkResolver.cpp, line 773]
Event: 0.178 Thread 0x000001bfbd103f00 Exception <a 'java/lang/NoSuchMethodError'{0x0000000712ac7c68}: 'int java.lang.invoke.DirectMethodHandle$Holder.invokeVirtual(java.lang.Object, java.lang.Object)'> (0x0000000712ac7c68) 
thrown [s\open\src\hotspot\share\interpreter\linkResolver.cpp, line 773]
Event: 0.179 Thread 0x000001bfbd103f00 Exception <a 'java/lang/NoSuchMethodError'{0x0000000712ad2090}: 'java.lang.Object java.lang.invoke.Invokers$Holder.invokeExact_MT(java.lang.Object, java.lang.Object, java.lang.Object, java.lang.Object, java.lang.Object, java.lang.Object)'> (0x0000000712ad2090) 
thrown [s\open\src\hotspot\share\interpreter\linkResolver.cpp, line 773]
Event: 0.180 Thread 0x000001bfbd103f00 Exception <a 'java/lang/NoSuchMethodError'{0x0000000712adc5f8}: 'int java.lang.invoke.DirectMethodHandle$Holder.invokeSpecialIFC(java.lang.Object, java.lang.Object, java.lang.Object, java.lang.Object, java.lang.Object)'> (0x0000000712adc5f8) 
thrown [s\open\src\hotspot\share\interpreter\linkResolver.cpp, line 773]
Event: 0.312 Thread 0x000001bfbd103f00 Exception <a 'java/lang/NoSuchMethodError'{0x00000007120d35d0}: 'java.lang.Object java.lang.invoke.DirectMethodHandle$Holder.invokeSpecial(java.lang.Object, java.lang.Object, double, int)'> (0x00000007120d35d0) 
thrown [s\open\src\hotspot\share\interpreter\linkResolver.cpp, line 773]

VM Operations (20 events):
Event: 4.337 Executing VM operation: Cleanup
Event: 4.338 Executing VM operation: Cleanup done
Event: 8.378 Executing VM operation: Cleanup
Event: 8.378 Executing VM operation: Cleanup done
Event: 8.463 Executing VM operation: G1CollectForAllocation
Event: 8.465 Executing VM operation: G1CollectForAllocation done
Event: 8.566 Executing VM operation: G1CollectForAllocation
Event: 8.569 Executing VM operation: G1CollectForAllocation done
Event: 12.746 Executing VM operation: G1CollectForAllocation
Event: 12.748 Executing VM operation: G1CollectForAllocation done
Event: 13.754 Executing VM operation: Cleanup
Event: 13.754 Executing VM operation: Cleanup done
Event: 13.807 Executing VM operation: G1CollectForAllocation
Event: 13.809 Executing VM operation: G1CollectForAllocation done
Event: 14.821 Executing VM operation: Cleanup
Event: 14.822 Executing VM operation: Cleanup done
Event: 16.839 Executing VM operation: G1CollectForAllocation
Event: 16.841 Executing VM operation: G1CollectForAllocation done
Event: 18.006 Executing VM operation: G1CollectForAllocation
Event: 18.019 Executing VM operation: G1CollectForAllocation done

Events (20 events):
Event: 0.017 Thread 0x000001bfbd103f00 Thread added: 0x000001bfbd103f00
Event: 0.029 Thread 0x000001bfdbff38b0 Thread added: 0x000001bfdbff38b0
Event: 0.029 Thread 0x000001bfdbff47a0 Thread added: 0x000001bfdbff47a0
Event: 0.030 Thread 0x000001bfdbff6f70 Thread added: 0x000001bfdbff6f70
Event: 0.030 Thread 0x000001bfdbff8bb0 Thread added: 0x000001bfdbff8bb0
Event: 0.030 Thread 0x000001bfdbffbec0 Thread added: 0x000001bfdbffbec0
Event: 0.030 Thread 0x000001bfdbfff6f0 Thread added: 0x000001bfdbfff6f0
Event: 0.030 Thread 0x000001bfdc002470 Thread added: 0x000001bfdc002470
Event: 0.030 Thread 0x000001bfdc0036c0 Thread added: 0x000001bfdc0036c0
Event: 0.047 Thread 0x000001bfe0901490 Thread added: 0x000001bfe0901490
Event: 0.085 Thread 0x000001bfe0903470 Thread added: 0x000001bfe0903470
Event: 0.085 Thread 0x000001bfe0900f40 Thread added: 0x000001bfe0900f40
Event: 0.198 Thread 0x000001bfe0e6bbe0 Thread added: 0x000001bfe0e6bbe0
Event: 0.210 Thread 0x000001bfe0eb03a0 Thread added: 0x000001bfe0eb03a0
Event: 1.219 Thread 0x000001bfe0eb03a0 Thread exited: 0x000001bfe0eb03a0
Event: 1.496 Thread 0x000001bfe0e6bbe0 Thread exited: 0x000001bfe0e6bbe0
Event: 1.569 Thread 0x000001bfe0e6bbe0 Thread added: 0x000001bfe0e6bbe0
Event: 2.300 Thread 0x000001bfe0e6bbe0 Thread exited: 0x000001bfe0e6bbe0
Event: 8.528 Thread 0x000001bfe25fafc0 Thread added: 0x000001bfe25fafc0
Event: 12.147 Thread 0x000001bfe25fafc0 Thread exited: 0x000001bfe25fafc0


Dynamic libraries:
0x00007ff7881c0000 - 0x00007ff7881ce000 	C:\Users\61677\.jdks\openjdk-20.0.1\bin\java.exe
0x00007fff53a90000 - 0x00007fff53ca7000 	C:\WINDOWS\SYSTEM32\ntdll.dll
0x00007fff530c0000 - 0x00007fff53184000 	C:\WINDOWS\System32\KERNEL32.DLL
0x00007fff51230000 - 0x00007fff51601000 	C:\WINDOWS\System32\KERNELBASE.dll
0x00007fff51640000 - 0x00007fff51751000 	C:\WINDOWS\System32\ucrtbase.dll
0x00007fff3bb20000 - 0x00007fff3bb3b000 	C:\Users\61677\.jdks\openjdk-20.0.1\bin\VCRUNTIME140.dll
0x00007fff3cef0000 - 0x00007fff3cf07000 	C:\Users\61677\.jdks\openjdk-20.0.1\bin\jli.dll
0x00007fff51a40000 - 0x00007fff51bf1000 	C:\WINDOWS\System32\USER32.dll
0x00007fff51610000 - 0x00007fff51636000 	C:\WINDOWS\System32\win32u.dll
0x00007fff51cc0000 - 0x00007fff51ce9000 	C:\WINDOWS\System32\GDI32.dll
0x00007fff2c680000 - 0x00007fff2c912000 	C:\WINDOWS\WinSxS\amd64_microsoft.windows.common-controls_6595b64144ccf1df_6.0.22621.4830_none_270fe7d773858e80\COMCTL32.dll
0x00007fff50cf0000 - 0x00007fff50e0b000 	C:\WINDOWS\System32\gdi32full.dll
0x00007fff518e0000 - 0x00007fff51987000 	C:\WINDOWS\System32\msvcrt.dll
0x00007fff50c50000 - 0x00007fff50cea000 	C:\WINDOWS\System32\msvcp_win.dll
0x00007fff53800000 - 0x00007fff53831000 	C:\WINDOWS\System32\IMM32.DLL
0x00007fff4e970000 - 0x00007fff4e97c000 	C:\Users\61677\.jdks\openjdk-20.0.1\bin\vcruntime140_1.dll
0x00007fff39200000 - 0x00007fff3928e000 	C:\Users\61677\.jdks\openjdk-20.0.1\bin\msvcp140.dll
0x00007ffef8aa0000 - 0x00007ffef9737000 	C:\Users\61677\.jdks\openjdk-20.0.1\bin\server\jvm.dll
0x00007fff51c00000 - 0x00007fff51cb1000 	C:\WINDOWS\System32\ADVAPI32.dll
0x00007fff53010000 - 0x00007fff530b7000 	C:\WINDOWS\System32\sechost.dll
0x00007fff50f50000 - 0x00007fff50f78000 	C:\WINDOWS\System32\bcrypt.dll
0x00007fff532a0000 - 0x00007fff533b4000 	C:\WINDOWS\System32\RPCRT4.dll
0x00007fff4aa00000 - 0x00007fff4aa34000 	C:\WINDOWS\SYSTEM32\WINMM.dll
0x00007fff4e910000 - 0x00007fff4e919000 	C:\WINDOWS\SYSTEM32\WSOCK32.dll
0x00007fff4c7f0000 - 0x00007fff4c7fa000 	C:\WINDOWS\SYSTEM32\VERSION.dll
0x00007fff533d0000 - 0x00007fff53441000 	C:\WINDOWS\System32\WS2_32.dll
0x00007fff4fd10000 - 0x00007fff4fd28000 	C:\WINDOWS\SYSTEM32\kernel.appcore.dll
0x00007fff4c2c0000 - 0x00007fff4c2ca000 	C:\Users\61677\.jdks\openjdk-20.0.1\bin\jimage.dll
0x00007fff4db00000 - 0x00007fff4dd32000 	C:\WINDOWS\SYSTEM32\DBGHELP.DLL
0x00007fff53470000 - 0x00007fff53800000 	C:\WINDOWS\System32\combase.dll
0x00007fff51760000 - 0x00007fff51837000 	C:\WINDOWS\System32\OLEAUT32.dll
0x00007fff4d840000 - 0x00007fff4d872000 	C:\WINDOWS\SYSTEM32\dbgcore.DLL
0x00007fff50bd0000 - 0x00007fff50c4b000 	C:\WINDOWS\System32\bcryptPrimitives.dll
0x00007fff415c0000 - 0x00007fff415ce000 	C:\Users\61677\.jdks\openjdk-20.0.1\bin\instrument.dll
0x00007fff3baf0000 - 0x00007fff3bb16000 	C:\Users\61677\.jdks\openjdk-20.0.1\bin\java.dll
0x00007fff39120000 - 0x00007fff391f7000 	C:\Users\61677\.jdks\openjdk-20.0.1\bin\jsvml.dll
0x00007fff51cf0000 - 0x00007fff52578000 	C:\WINDOWS\System32\SHELL32.dll
0x00007fff50f80000 - 0x00007fff510bf000 	C:\WINDOWS\System32\wintypes.dll
0x00007fff4eb40000 - 0x00007fff4f44d000 	C:\WINDOWS\SYSTEM32\windows.storage.dll
0x00007fff53840000 - 0x00007fff5394a000 	C:\WINDOWS\System32\SHCORE.dll
0x00007fff52f30000 - 0x00007fff52f8e000 	C:\WINDOWS\System32\shlwapi.dll
0x00007fff50b00000 - 0x00007fff50b2b000 	C:\WINDOWS\SYSTEM32\profapi.dll
0x00007fff3a020000 - 0x00007fff3a038000 	C:\Users\61677\.jdks\openjdk-20.0.1\bin\zip.dll
0x00007fff3bad0000 - 0x00007fff3bae3000 	C:\Users\61677\.jdks\openjdk-20.0.1\bin\net.dll
0x00007fff4bc40000 - 0x00007fff4bd6c000 	C:\WINDOWS\SYSTEM32\WINHTTP.dll
0x00007fff50180000 - 0x00007fff501ea000 	C:\WINDOWS\system32\mswsock.dll
0x00007fff3a070000 - 0x00007fff3a086000 	C:\Users\61677\.jdks\openjdk-20.0.1\bin\nio.dll
0x00007fff39070000 - 0x00007fff3908a000 	C:\Program Files\JetBrains\IntelliJ IDEA Community Edition 2023.1.2\bin\breakgen64.dll
0x00007fff41460000 - 0x00007fff41467000 	C:\Users\61677\.jdks\openjdk-20.0.1\bin\extnet.dll
0x00007ffeca670000 - 0x00007ffecc1a2000 	C:\Program Files\IBM\ILOG\CPLEX_Studio2212\opl\bin\x64_win64\cplex2212.dll

dbghelp: loaded successfully - version: 4.0.5 - missing functions: none
symbol engine: initialized successfully - sym options: 0x614 - pdb path: .;C:\Users\61677\.jdks\openjdk-20.0.1\bin;C:\WINDOWS\SYSTEM32;C:\WINDOWS\WinSxS\amd64_microsoft.windows.common-controls_6595b64144ccf1df_6.0.22621.4830_none_270fe7d773858e80;C:\Users\61677\.jdks\openjdk-20.0.1\bin\server;C:\Program Files\JetBrains\IntelliJ IDEA Community Edition 2023.1.2\bin;C:\Program Files\IBM\ILOG\CPLEX_Studio2212\opl\bin\x64_win64

VM Arguments:
jvm_args: -javaagent:C:\Program Files\JetBrains\IntelliJ IDEA Community Edition 2023.1.2\lib\idea_rt.jar=63533:C:\Program Files\JetBrains\IntelliJ IDEA Community Edition 2023.1.2\bin -Dfile.encoding=UTF-8 -Dsun.stdout.encoding=UTF-8 -Dsun.stderr.encoding=UTF-8 
java_command: Benchmark.BenchmarkForDriverScheduleCG -d D:\testWhetherRecover\4(3)Decomposed-DriverSchedule-TW-CGforDriverSchedulingProblem - onlyLabeling\instances -initial D:\testWhetherRecover\4(3)Decomposed-DriverSchedule-TW-CGforDriverSchedulingProblem - onlyLabeling\initialSchedules -result D:\testWhetherRecover\results -out D:\testWhetherRecover\result.csv
java_class_path (initial): D:\testWhetherRecover\4(3)Decomposed-DriverSchedule-TW-CGforDriverSchedulingProblem - onlyLabeling\out\production\RoutingAndScheduling;C:\Program Files\IBM\ILOG\CPLEX_Studio2212\cplex\lib\cplex.jar
Launcher Type: SUN_STANDARD

[Global flags]
     intx CICompilerCount                          = 4                                         {product} {ergonomic}
     uint ConcGCThreads                            = 2                                         {product} {ergonomic}
     uint G1ConcRefinementThreads                  = 8                                         {product} {ergonomic}
   size_t G1HeapRegionSize                         = 2097152                                   {product} {ergonomic}
    uintx GCDrainStackTargetSize                   = 64                                        {product} {ergonomic}
   size_t InitialHeapSize                          = 266338304                                 {product} {ergonomic}
   size_t MarkStackSize                            = 4194304                                   {product} {ergonomic}
   size_t MaxHeapSize                              = 4238344192                                {product} {ergonomic}
   size_t MaxNewSize                               = 2541748224                                {product} {ergonomic}
   size_t MinHeapDeltaBytes                        = 2097152                                   {product} {ergonomic}
   size_t MinHeapSize                              = 8388608                                   {product} {ergonomic}
    uintx NonNMethodCodeHeapSize                   = 5839372                                {pd product} {ergonomic}
    uintx NonProfiledCodeHeapSize                  = 122909434                              {pd product} {ergonomic}
    uintx ProfiledCodeHeapSize                     = 122909434                              {pd product} {ergonomic}
    uintx ReservedCodeCacheSize                    = 251658240                              {pd product} {ergonomic}
     bool SegmentedCodeCache                       = true                                      {product} {ergonomic}
   size_t SoftMaxHeapSize                          = 4238344192                             {manageable} {ergonomic}
     bool UseCompressedClassPointers               = true                           {product lp64_product} {ergonomic}
     bool UseCompressedOops                        = true                           {product lp64_product} {ergonomic}
     bool UseG1GC                                  = true                                      {product} {ergonomic}
     bool UseLargePagesIndividualAllocation        = false                                  {pd product} {ergonomic}

Logging:
Log output configuration:
 #0: stdout all=warning uptime,level,tags foldmultilines=false
 #1: stderr all=off uptime,level,tags foldmultilines=false

Environment Variables:
PATH=C:\Program Files\IBM\ILOG\CPLEX_Studio2212\opl\bin\x64_win64;C:\Program Files\IBM\ILOG\CPLEX_Studio2212\opl\oplide\;C:\Program Files\IBM\ILOG\CPLEX_Studio2212\cplex\bin\x64_win64;C:\Program Files\IBM\ILOG\CPLEX_Studio2212\cpoptimizer\bin\x64_win64;C:\Program Files\Common Files\Oracle\Java\javapath;C:\Program Files (x86)\Common Files\Oracle\Java\java8path;C:\Program Files (x86)\Common Files\Oracle\Java\javapath;C:\Program Files\Artelys\Knitro 13.0.1\knitroampl;C:\Program Files\Artelys\Knitro 13.0.1\lib;C:\Program Files\IBM\ILOG\CPLEX_Studio1263\opl\bin\x64_win64;C:\Program Files\IBM\ILOG\CPLEX_Studio1263\opl\oplide\;C:\Program Files\IBM\ILOG\CPLEX_Studio1263\cplex\bin\x64_win64;C:\Program Files\IBM\ILOG\CPLEX_Studio1263\cpoptimizer\bin\x64_win64;C:\Windows\system32;C:\Windows;C:\Windows\System32\Wbem;C:\Windows\System32\WindowsPowerShell\v1.0\;C:\Windows\System32\OpenSSH\;C:\Program Files (x86)\NVIDIA Corporation\PhysX\Common;C:\Program Files\NVIDIA Corporation\NVIDIA NvDLISR;C:\WINDOWS\system32;C:\WINDOWS;C:\WINDOWS\System32\Wbem;C:\WINDOWS\System32\WindowsPowerShell\v1.0\;C:\WINDOWS\System32\OpenSSH\;C:\Program Files\MiKTeX\miktex\bin\x64\;D:\LenovoSoftstore\Install\c\bin;D:\LenovoSoftstore\Install\perl\site\bin;D:\LenovoSoftstore\Install\perl\bin;D:\LenovoSoftstore\Git\cmd;C:\Users\61677\AppData\Local\Programs\Python\Launcher\;C:\Users\61677\AppData\Local\Microsoft\WindowsApps;D:\LenovoSoftstore\Install\\;C:\Program Files\JetBrains\IntelliJ IDEA Community Edition 2022.1.4\bin;;C:\Users\61677\AppData\Local\Programs\MiKTeX\miktex\bin\x64\;D:\LenovoQMDownload\SoftMgr\texlive\2022\bin\wi??;
USERNAME=Sun
OS=Windows_NT
PROCESSOR_IDENTIFIER=Intel64 Family 6 Model 140 Stepping 1, GenuineIntel
TMP=C:\Users\61677\AppData\Local\Temp
TEMP=C:\Users\61677\AppData\Local\Temp




---------------  S Y S T E M  ---------------

OS:
 Windows 11 , 64 bit Build 22621 (10.0.22621.4974)
OS uptime: 14 days 22:14 hours

CPU: total 8 (initial active 8) (4 cores per cpu, 2 threads per core) family 6 model 140 stepping 1 microcode 0xa4, cx8, cmov, fxsr, ht, mmx, 3dnowpref, sse, sse2, sse3, ssse3, sse4.1, sse4.2, popcnt, lzcnt, tsc, tscinvbit, avx, avx2, aes, erms, clmul, bmi1, bmi2, adx, avx512f, avx512dq, avx512cd, avx512bw, avx512vl, sha, fma, vzeroupper, avx512_vpopcntdq, avx512_vpclmulqdq, avx512_vaes, avx512_vnni, clflush, clflushopt, clwb, avx512_vbmi2, avx512_vbmi, rdtscp, rdpid, fsrm, gfni, avx512_bitalg, f16c, pku, cet_ibt, cet_ss, avx512_ifma

Memory: 4k page, system-wide physical 16167M (1801M free)
TotalPageFile size 16187M (AvailPageFile size 2M)
current process WorkingSet (physical memory assigned to process): 319M, peak: 329M
current process commit charge ("private bytes"): 462M, peak: 473M

vm_info: OpenJDK 64-Bit Server VM (20.0.1+9-29) for windows-amd64 JRE (20.0.1+9-29), built on 2023-03-07T13:56:11Z by "mach5one" with MS VC++ 17.1 (VS2022)

END.
