#
# There is insufficient memory for the Java Runtime Environment to continue.
# Native memory allocation (mmap) failed to map 67108864 bytes for G1 virtual space
# Possible reasons:
#   The system is out of physical RAM or swap space
#   The process is running with CompressedOops enabled, and the Java Heap may be blocking the growth of the native heap
# Possible solutions:
#   Reduce memory load on the system
#   Increase physical memory or swap space
#   Check if swap backing store is full
#   Decrease Java heap size (-Xmx/-Xms)
#   Decrease number of Java threads
#   Decrease Java thread stack sizes (-Xss)
#   Set larger code cache with -XX:ReservedCodeCacheSize=
#   JVM is running with Zero Based Compressed Oops mode in which the Java heap is
#     placed in the first 32GB address space. The Java Heap base address is the
#     maximum limit for the native heap growth. Please use -XX:HeapBaseMinAddress
#     to set the Java Heap base and to place the Java Heap above 32GB virtual address.
# This output file may be truncated or incomplete.
#
#  Out of Memory Error (os_windows.cpp:3528), pid=2256, tid=29156
#
# JRE version: OpenJDK Runtime Environment (20.0.1+9) (build 20.0.1+9-29)
# Java VM: OpenJDK 64-Bit Server VM (20.0.1+9-29, mixed mode, sharing, tiered, compressed oops, compressed class ptrs, g1 gc, windows-amd64)
# No core dump will be written. Minidumps are not enabled by default on client versions of Windows
#

---------------  S U M M A R Y ------------

Command Line: -javaagent:C:\Program Files\JetBrains\IntelliJ IDEA Community Edition 2023.1.2\lib\idea_rt.jar=62568:C:\Program Files\JetBrains\IntelliJ IDEA Community Edition 2023.1.2\bin -Dfile.encoding=UTF-8 -Dsun.stdout.encoding=UTF-8 -Dsun.stderr.encoding=UTF-8 Benchmark.BenchmarkForDriverScheduleCG -d D:\testWhetherRecover\4(3)Decomposed-DriverSchedule-TW-CGforDriverSchedulingProblem - onlyLabeling\instances -initial D:\testWhetherRecover\4(3)Decomposed-DriverSchedule-TW-CGforDriverSchedulingProblem - onlyLabeling\initialSchedules -result D:\testWhetherRecover\results -out D:\testWhetherRecover\result.csv

Host: 11th Gen Intel(R) Core(TM) i5-1135G7 @ 2.40GHz, 8 cores, 15G,  Windows 11 , 64 bit Build 22621 (10.0.22621.4974)
Time: Wed Apr  2 16:36:07 2025  Windows 11 , 64 bit Build 22621 (10.0.22621.4974) elapsed time: 13.902340 seconds (0d 0h 0m 13s)

---------------  T H R E A D  ---------------

Current thread (0x000001e478f31830):  VMThread "VM Thread" [stack: 0x00000007eec00000,0x00000007eed00000] [id=29156]

Stack: [0x00000007eec00000,0x00000007eed00000]
Native frames: (J=compiled Java code, j=interpreted, Vv=VM code, C=native code)
V  [jvm.dll+0x6bb95a]
V  [jvm.dll+0x8485fa]
V  [jvm.dll+0x84a1f5]
V  [jvm.dll+0x84a8f3]
V  [jvm.dll+0x280b0f]
V  [jvm.dll+0x6b86e9]
V  [jvm.dll+0x6ad2da]
V  [jvm.dll+0x35adf5]
V  [jvm.dll+0x363016]
V  [jvm.dll+0x3b3b3e]
V  [jvm.dll+0x3b3dc5]
V  [jvm.dll+0x32b50a]
V  [jvm.dll+0x32b5b7]
V  [jvm.dll+0x373942]
V  [jvm.dll+0x372140]
V  [jvm.dll+0x32ac51]
V  [jvm.dll+0x371836]
V  [jvm.dll+0x85023e]
V  [jvm.dll+0x851351]
V  [jvm.dll+0x851859]
V  [jvm.dll+0x851ad3]
V  [jvm.dll+0x7f4b56]
V  [jvm.dll+0x6ba5cb]
C  [ucrtbase.dll+0x29333]
C  [KERNEL32.DLL+0x1259d]
C  [ntdll.dll+0x5af38]

VM_Operation (0x00000007ee6fee70): G1CollectForAllocation, mode: safepoint, requested by thread 0x000001e469073d10


---------------  P R O C E S S  ---------------

Threads class SMR info:
_java_thread_list=0x000001e47dc8c760, length=12, elements={
0x000001e469073d10, 0x000001e478f51c40, 0x000001e478f52b30, 0x000001e478f55300,
0x000001e478f570a0, 0x000001e478f59be0, 0x000001e478f5b680, 0x000001e478f67480,
0x000001e47d800480, 0x000001e47d906090, 0x000001e47d9ee380, 0x000001e47d9ee8d0
}

Java Threads: ( => current thread )
  0x000001e469073d10 JavaThread "main" [_thread_blocked, id=15472, stack(0x00000007ee600000,0x00000007ee700000)]
  0x000001e478f51c40 JavaThread "Reference Handler" daemon [_thread_blocked, id=3584, stack(0x00000007eed00000,0x00000007eee00000)]
  0x000001e478f52b30 JavaThread "Finalizer" daemon [_thread_blocked, id=18276, stack(0x00000007eee00000,0x00000007eef00000)]
  0x000001e478f55300 JavaThread "Signal Dispatcher" daemon [_thread_blocked, id=26208, stack(0x00000007eef00000,0x00000007ef000000)]
  0x000001e478f570a0 JavaThread "Attach Listener" daemon [_thread_blocked, id=18752, stack(0x00000007ef000000,0x00000007ef100000)]
  0x000001e478f59be0 JavaThread "Service Thread" daemon [_thread_blocked, id=9200, stack(0x00000007ef100000,0x00000007ef200000)]
  0x000001e478f5b680 JavaThread "Monitor Deflation Thread" daemon [_thread_blocked, id=13156, stack(0x00000007ef200000,0x00000007ef300000)]
  0x000001e478f67480 JavaThread "C2 CompilerThread0" daemon [_thread_blocked, id=26016, stack(0x00000007ef300000,0x00000007ef400000)]
  0x000001e47d800480 JavaThread "C1 CompilerThread0" daemon [_thread_blocked, id=28576, stack(0x00000007ef400000,0x00000007ef500000)]
  0x000001e47d906090 JavaThread "Common-Cleaner" daemon [_thread_blocked, id=7692, stack(0x00000007ef500000,0x00000007ef600000)]
  0x000001e47d9ee380 JavaThread "Monitor Ctrl-Break" daemon [_thread_in_native, id=13772, stack(0x00000007ef600000,0x00000007ef700000)]
  0x000001e47d9ee8d0 JavaThread "Notification Thread" daemon [_thread_blocked, id=18604, stack(0x00000007ef700000,0x00000007ef800000)]

Other Threads:
=>0x000001e478f31830 VMThread "VM Thread" [stack: 0x00000007eec00000,0x00000007eed00000] [id=29156]
  0x000001e47d9efc40 WatcherThread "VM Periodic Task Thread" [stack: 0x00000007ef800000,0x00000007ef900000] [id=12184]
  0x000001e4690e39f0 WorkerThread "GC Thread#0" [stack: 0x00000007ee700000,0x00000007ee800000] [id=27424]
  0x000001e47ee069c0 WorkerThread "GC Thread#1" [stack: 0x00000007efb00000,0x00000007efc00000] [id=7116]
  0x000001e47ee06c90 WorkerThread "GC Thread#2" [stack: 0x00000007efc00000,0x00000007efd00000] [id=5944]
  0x000001e47ee06f60 WorkerThread "GC Thread#3" [stack: 0x00000007efd00000,0x00000007efe00000] [id=9128]
  0x000001e47ee61200 WorkerThread "GC Thread#4" [stack: 0x00000007efe00000,0x00000007eff00000] [id=9836]
  0x000001e47efcf380 WorkerThread "GC Thread#5" [stack: 0x00000007eff00000,0x00000007f0000000] [id=25744]
  0x000001e47efcf650 WorkerThread "GC Thread#6" [stack: 0x00000007ef900000,0x00000007efa00000] [id=18528]
  0x000001e4690f4730 ConcurrentGCThread "G1 Main Marker" [stack: 0x00000007ee800000,0x00000007ee900000] [id=12584]
  0x000001e4690f5160 WorkerThread "G1 Conc#0" [stack: 0x00000007ee900000,0x00000007eea00000] [id=21660]
  0x000001e46912e3b0 ConcurrentGCThread "G1 Refine#0" [stack: 0x00000007eea00000,0x00000007eeb00000] [id=12108]
  0x000001e478dee450 ConcurrentGCThread "G1 Service" [stack: 0x00000007eeb00000,0x00000007eec00000] [id=1052]

Threads with active compile tasks:

VM state: at safepoint (normal execution)

VM Mutex/Monitor currently owned by a thread:  ([mutex/lock_event])
[0x000001e469070140] Threads_lock - owner thread: 0x000001e478f31830
[0x000001e4690701d0] Heap_lock - owner thread: 0x000001e469073d10

Heap address: 0x00000004d7800000, size: 4042 MB, Compressed Oops mode: Zero based, Oop shift amount: 3

CDS archive(s) mapped at: [0x0000000800000000-0x0000000800c60000-0x0000000800c60000), size 12976128, SharedBaseAddress: 0x0000000800000000, ArchiveRelocationMode: 0.
Compressed class space mapped at: 0x0000000801000000-0x0000000841000000, reserved size: 1073741824
Narrow klass base: 0x0000000800000000, Narrow klass shift: 0, Narrow klass range: 0x100000000

GC Precious Log:
 CardTable entry size: 512
 Card Set container configuration: InlinePtr #cards 4 size 8 Array Of Cards #cards 16 size 48 Howl #buckets 8 coarsen threshold 3686 Howl Bitmap #cards 512 size 80 coarsen threshold 460 Card regions per heap region 1 cards per card region 4096
 CPUs: 8 total, 8 available
 Memory: 16167M
 Large Page Support: Disabled
 NUMA Support: Disabled
 Compressed Oops: Enabled (Zero based)
 Heap Region Size: 2M
 Heap Min Capacity: 8M
 Heap Initial Capacity: 254M
 Heap Max Capacity: 4042M
 Pre-touch: Disabled
 Parallel Workers: 8
 Concurrent Workers: 2
 Concurrent Refinement Workers: 8
 Periodic GC: Disabled

Heap:
 garbage-first heap   total 260096K, used 4865K [0x00000004d7800000, 0x00000005d4200000)
  region size 2048K, 3 young (6144K), 3 survivors (6144K)
 Metaspace       used 3565K, committed 3776K, reserved 1114112K
  class space    used 328K, committed 448K, reserved 1048576K

Heap Regions: E=young(eden), S=young(survivor), O=old, HS=humongous(starts), HC=humongous(continues), CS=collection set, F=free, OA=open archive, CA=closed archive, TAMS=top-at-mark-start, PB=parsable bottom
|   0|0x00000004d7800000, 0x00000004d7800000, 0x00000004d7a00000|  0%| F|  |TAMS 0x00000004d7800000| PB 0x00000004d7800000| Untracked 
|   1|0x00000004d7a00000, 0x00000004d7a00000, 0x00000004d7c00000|  0%| F|  |TAMS 0x00000004d7a00000| PB 0x00000004d7a00000| Untracked 
|   2|0x00000004d7c00000, 0x00000004d7c00000, 0x00000004d7e00000|  0%| F|  |TAMS 0x00000004d7c00000| PB 0x00000004d7c00000| Untracked 
|   3|0x00000004d7e00000, 0x00000004d7e00000, 0x00000004d8000000|  0%| F|  |TAMS 0x00000004d7e00000| PB 0x00000004d7e00000| Untracked 
|   4|0x00000004d8000000, 0x00000004d8000000, 0x00000004d8200000|  0%| F|  |TAMS 0x00000004d8000000| PB 0x00000004d8000000| Untracked 
|   5|0x00000004d8200000, 0x00000004d8200000, 0x00000004d8400000|  0%| F|  |TAMS 0x00000004d8200000| PB 0x00000004d8200000| Untracked 
|   6|0x00000004d8400000, 0x00000004d8400000, 0x00000004d8600000|  0%| F|  |TAMS 0x00000004d8400000| PB 0x00000004d8400000| Untracked 
|   7|0x00000004d8600000, 0x00000004d8600000, 0x00000004d8800000|  0%| F|  |TAMS 0x00000004d8600000| PB 0x00000004d8600000| Untracked 
|   8|0x00000004d8800000, 0x00000004d8800000, 0x00000004d8a00000|  0%| F|  |TAMS 0x00000004d8800000| PB 0x00000004d8800000| Untracked 
|   9|0x00000004d8a00000, 0x00000004d8a00000, 0x00000004d8c00000|  0%| F|  |TAMS 0x00000004d8a00000| PB 0x00000004d8a00000| Untracked 
|  10|0x00000004d8c00000, 0x00000004d8c00000, 0x00000004d8e00000|  0%| F|  |TAMS 0x00000004d8c00000| PB 0x00000004d8c00000| Untracked 
|  11|0x00000004d8e00000, 0x00000004d8e00000, 0x00000004d9000000|  0%| F|  |TAMS 0x00000004d8e00000| PB 0x00000004d8e00000| Untracked 
|  12|0x00000004d9000000, 0x00000004d9000000, 0x00000004d9200000|  0%| F|  |TAMS 0x00000004d9000000| PB 0x00000004d9000000| Untracked 
|  13|0x00000004d9200000, 0x00000004d9200000, 0x00000004d9400000|  0%| F|  |TAMS 0x00000004d9200000| PB 0x00000004d9200000| Untracked 
|  14|0x00000004d9400000, 0x00000004d9400000, 0x00000004d9600000|  0%| F|  |TAMS 0x00000004d9400000| PB 0x00000004d9400000| Untracked 
|  15|0x00000004d9600000, 0x00000004d9600000, 0x00000004d9800000|  0%| F|  |TAMS 0x00000004d9600000| PB 0x00000004d9600000| Untracked 
|  16|0x00000004d9800000, 0x00000004d9800000, 0x00000004d9a00000|  0%| F|  |TAMS 0x00000004d9800000| PB 0x00000004d9800000| Untracked 
|  17|0x00000004d9a00000, 0x00000004d9a00000, 0x00000004d9c00000|  0%| F|  |TAMS 0x00000004d9a00000| PB 0x00000004d9a00000| Untracked 
|  18|0x00000004d9c00000, 0x00000004d9c00000, 0x00000004d9e00000|  0%| F|  |TAMS 0x00000004d9c00000| PB 0x00000004d9c00000| Untracked 
|  19|0x00000004d9e00000, 0x00000004d9e00000, 0x00000004da000000|  0%| F|  |TAMS 0x00000004d9e00000| PB 0x00000004d9e00000| Untracked 
|  20|0x00000004da000000, 0x00000004da000000, 0x00000004da200000|  0%| F|  |TAMS 0x00000004da000000| PB 0x00000004da000000| Untracked 
|  21|0x00000004da200000, 0x00000004da200000, 0x00000004da400000|  0%| F|  |TAMS 0x00000004da200000| PB 0x00000004da200000| Untracked 
|  22|0x00000004da400000, 0x00000004da400000, 0x00000004da600000|  0%| F|  |TAMS 0x00000004da400000| PB 0x00000004da400000| Untracked 
|  23|0x00000004da600000, 0x00000004da600000, 0x00000004da800000|  0%| F|  |TAMS 0x00000004da600000| PB 0x00000004da600000| Untracked 
|  24|0x00000004da800000, 0x00000004da800000, 0x00000004daa00000|  0%| F|  |TAMS 0x00000004da800000| PB 0x00000004da800000| Untracked 
|  25|0x00000004daa00000, 0x00000004daa00000, 0x00000004dac00000|  0%| F|  |TAMS 0x00000004daa00000| PB 0x00000004daa00000| Untracked 
|  26|0x00000004dac00000, 0x00000004dac00000, 0x00000004dae00000|  0%| F|  |TAMS 0x00000004dac00000| PB 0x00000004dac00000| Untracked 
|  27|0x00000004dae00000, 0x00000004dae00000, 0x00000004db000000|  0%| F|  |TAMS 0x00000004dae00000| PB 0x00000004dae00000| Untracked 
|  28|0x00000004db000000, 0x00000004db000000, 0x00000004db200000|  0%| F|  |TAMS 0x00000004db000000| PB 0x00000004db000000| Untracked 
|  29|0x00000004db200000, 0x00000004db200000, 0x00000004db400000|  0%| F|  |TAMS 0x00000004db200000| PB 0x00000004db200000| Untracked 
|  30|0x00000004db400000, 0x00000004db400000, 0x00000004db600000|  0%| F|  |TAMS 0x00000004db400000| PB 0x00000004db400000| Untracked 
|  31|0x00000004db600000, 0x00000004db600000, 0x00000004db800000|  0%| F|  |TAMS 0x00000004db600000| PB 0x00000004db600000| Untracked 
|  32|0x00000004db800000, 0x00000004db800000, 0x00000004dba00000|  0%| F|  |TAMS 0x00000004db800000| PB 0x00000004db800000| Untracked 
|  33|0x00000004dba00000, 0x00000004dba00000, 0x00000004dbc00000|  0%| F|  |TAMS 0x00000004dba00000| PB 0x00000004dba00000| Untracked 
|  34|0x00000004dbc00000, 0x00000004dbc00000, 0x00000004dbe00000|  0%| F|  |TAMS 0x00000004dbc00000| PB 0x00000004dbc00000| Untracked 
|  35|0x00000004dbe00000, 0x00000004dbe00000, 0x00000004dc000000|  0%| F|  |TAMS 0x00000004dbe00000| PB 0x00000004dbe00000| Untracked 
|  36|0x00000004dc000000, 0x00000004dc000000, 0x00000004dc200000|  0%| F|  |TAMS 0x00000004dc000000| PB 0x00000004dc000000| Untracked 
|  37|0x00000004dc200000, 0x00000004dc200000, 0x00000004dc400000|  0%| F|  |TAMS 0x00000004dc200000| PB 0x00000004dc200000| Untracked 
|  38|0x00000004dc400000, 0x00000004dc400000, 0x00000004dc600000|  0%| F|  |TAMS 0x00000004dc400000| PB 0x00000004dc400000| Untracked 
|  39|0x00000004dc600000, 0x00000004dc600000, 0x00000004dc800000|  0%| F|  |TAMS 0x00000004dc600000| PB 0x00000004dc600000| Untracked 
|  40|0x00000004dc800000, 0x00000004dc800000, 0x00000004dca00000|  0%| F|  |TAMS 0x00000004dc800000| PB 0x00000004dc800000| Untracked 
|  41|0x00000004dca00000, 0x00000004dca00000, 0x00000004dcc00000|  0%| F|  |TAMS 0x00000004dca00000| PB 0x00000004dca00000| Untracked 
|  42|0x00000004dcc00000, 0x00000004dcc00000, 0x00000004dce00000|  0%| F|  |TAMS 0x00000004dcc00000| PB 0x00000004dcc00000| Untracked 
|  43|0x00000004dce00000, 0x00000004dce00000, 0x00000004dd000000|  0%| F|  |TAMS 0x00000004dce00000| PB 0x00000004dce00000| Untracked 
|  44|0x00000004dd000000, 0x00000004dd000000, 0x00000004dd200000|  0%| F|  |TAMS 0x00000004dd000000| PB 0x00000004dd000000| Untracked 
|  45|0x00000004dd200000, 0x00000004dd200000, 0x00000004dd400000|  0%| F|  |TAMS 0x00000004dd200000| PB 0x00000004dd200000| Untracked 
|  46|0x00000004dd400000, 0x00000004dd400000, 0x00000004dd600000|  0%| F|  |TAMS 0x00000004dd400000| PB 0x00000004dd400000| Untracked 
|  47|0x00000004dd600000, 0x00000004dd600000, 0x00000004dd800000|  0%| F|  |TAMS 0x00000004dd600000| PB 0x00000004dd600000| Untracked 
|  48|0x00000004dd800000, 0x00000004dd800000, 0x00000004dda00000|  0%| F|  |TAMS 0x00000004dd800000| PB 0x00000004dd800000| Untracked 
|  49|0x00000004dda00000, 0x00000004dda00000, 0x00000004ddc00000|  0%| F|  |TAMS 0x00000004dda00000| PB 0x00000004dda00000| Untracked 
|  50|0x00000004ddc00000, 0x00000004ddc00000, 0x00000004dde00000|  0%| F|  |TAMS 0x00000004ddc00000| PB 0x00000004ddc00000| Untracked 
|  51|0x00000004dde00000, 0x00000004ddec07e0, 0x00000004de000000| 37%| S|CS|TAMS 0x00000004dde00000| PB 0x00000004dde00000| Complete 
|  52|0x00000004de000000, 0x00000004de200000, 0x00000004de200000|100%| S|CS|TAMS 0x00000004de000000| PB 0x00000004de000000| Complete 
|  53|0x00000004de200000, 0x00000004de200000, 0x00000004de400000|  0%| F|  |TAMS 0x00000004de200000| PB 0x00000004de200000| Untracked 
|  54|0x00000004de400000, 0x00000004de600000, 0x00000004de600000|100%| S|CS|TAMS 0x00000004de400000| PB 0x00000004de400000| Complete 
|  55|0x00000004de600000, 0x00000004de600000, 0x00000004de800000|  0%| F|  |TAMS 0x00000004de600000| PB 0x00000004de600000| Untracked 
|  56|0x00000004de800000, 0x00000004de800000, 0x00000004dea00000|  0%| F|  |TAMS 0x00000004de800000| PB 0x00000004de800000| Untracked 
|  57|0x00000004dea00000, 0x00000004dea00000, 0x00000004dec00000|  0%| F|  |TAMS 0x00000004dea00000| PB 0x00000004dea00000| Untracked 
|  58|0x00000004dec00000, 0x00000004dec00000, 0x00000004dee00000|  0%| F|  |TAMS 0x00000004dec00000| PB 0x00000004dec00000| Untracked 
|  59|0x00000004dee00000, 0x00000004dee00000, 0x00000004df000000|  0%| F|  |TAMS 0x00000004dee00000| PB 0x00000004dee00000| Untracked 
|  60|0x00000004df000000, 0x00000004df000000, 0x00000004df200000|  0%| F|  |TAMS 0x00000004df000000| PB 0x00000004df000000| Untracked 
|  61|0x00000004df200000, 0x00000004df200000, 0x00000004df400000|  0%| F|  |TAMS 0x00000004df200000| PB 0x00000004df200000| Untracked 
|  62|0x00000004df400000, 0x00000004df400000, 0x00000004df600000|  0%| F|  |TAMS 0x00000004df400000| PB 0x00000004df400000| Untracked 
|  63|0x00000004df600000, 0x00000004df600000, 0x00000004df800000|  0%| F|  |TAMS 0x00000004df600000| PB 0x00000004df600000| Untracked 
|  64|0x00000004df800000, 0x00000004df800000, 0x00000004dfa00000|  0%| F|  |TAMS 0x00000004df800000| PB 0x00000004df800000| Untracked 
|  65|0x00000004dfa00000, 0x00000004dfa00000, 0x00000004dfc00000|  0%| F|  |TAMS 0x00000004dfa00000| PB 0x00000004dfa00000| Untracked 
|  66|0x00000004dfc00000, 0x00000004dfc00000, 0x00000004dfe00000|  0%| F|  |TAMS 0x00000004dfc00000| PB 0x00000004dfc00000| Untracked 
|  67|0x00000004dfe00000, 0x00000004dfe00000, 0x00000004e0000000|  0%| F|  |TAMS 0x00000004dfe00000| PB 0x00000004dfe00000| Untracked 
|  68|0x00000004e0000000, 0x00000004e0000000, 0x00000004e0200000|  0%| F|  |TAMS 0x00000004e0000000| PB 0x00000004e0000000| Untracked 
|  69|0x00000004e0200000, 0x00000004e0200000, 0x00000004e0400000|  0%| F|  |TAMS 0x00000004e0200000| PB 0x00000004e0200000| Untracked 
|  70|0x00000004e0400000, 0x00000004e0400000, 0x00000004e0600000|  0%| F|  |TAMS 0x00000004e0400000| PB 0x00000004e0400000| Untracked 
|  71|0x00000004e0600000, 0x00000004e0600000, 0x00000004e0800000|  0%| F|  |TAMS 0x00000004e0600000| PB 0x00000004e0600000| Untracked 
|  72|0x00000004e0800000, 0x00000004e0800000, 0x00000004e0a00000|  0%| F|  |TAMS 0x00000004e0800000| PB 0x00000004e0800000| Untracked 
|  73|0x00000004e0a00000, 0x00000004e0a00000, 0x00000004e0c00000|  0%| F|  |TAMS 0x00000004e0a00000| PB 0x00000004e0a00000| Untracked 
|  74|0x00000004e0c00000, 0x00000004e0c00000, 0x00000004e0e00000|  0%| F|  |TAMS 0x00000004e0c00000| PB 0x00000004e0c00000| Untracked 
|  75|0x00000004e0e00000, 0x00000004e0e00000, 0x00000004e1000000|  0%| F|  |TAMS 0x00000004e0e00000| PB 0x00000004e0e00000| Untracked 
|  76|0x00000004e1000000, 0x00000004e1000000, 0x00000004e1200000|  0%| F|  |TAMS 0x00000004e1000000| PB 0x00000004e1000000| Untracked 
|  77|0x00000004e1200000, 0x00000004e1200000, 0x00000004e1400000|  0%| F|  |TAMS 0x00000004e1200000| PB 0x00000004e1200000| Untracked 
|  78|0x00000004e1400000, 0x00000004e1400000, 0x00000004e1600000|  0%| F|  |TAMS 0x00000004e1400000| PB 0x00000004e1400000| Untracked 
|  79|0x00000004e1600000, 0x00000004e1600000, 0x00000004e1800000|  0%| F|  |TAMS 0x00000004e1600000| PB 0x00000004e1600000| Untracked 
|  80|0x00000004e1800000, 0x00000004e1800000, 0x00000004e1a00000|  0%| F|  |TAMS 0x00000004e1800000| PB 0x00000004e1800000| Untracked 
|  81|0x00000004e1a00000, 0x00000004e1a00000, 0x00000004e1c00000|  0%| F|  |TAMS 0x00000004e1a00000| PB 0x00000004e1a00000| Untracked 
|  82|0x00000004e1c00000, 0x00000004e1c00000, 0x00000004e1e00000|  0%| F|  |TAMS 0x00000004e1c00000| PB 0x00000004e1c00000| Untracked 
|  83|0x00000004e1e00000, 0x00000004e1e00000, 0x00000004e2000000|  0%| F|  |TAMS 0x00000004e1e00000| PB 0x00000004e1e00000| Untracked 
|  84|0x00000004e2000000, 0x00000004e2000000, 0x00000004e2200000|  0%| F|  |TAMS 0x00000004e2000000| PB 0x00000004e2000000| Untracked 
|  85|0x00000004e2200000, 0x00000004e2200000, 0x00000004e2400000|  0%| F|  |TAMS 0x00000004e2200000| PB 0x00000004e2200000| Untracked 
|  86|0x00000004e2400000, 0x00000004e2400000, 0x00000004e2600000|  0%| F|  |TAMS 0x00000004e2400000| PB 0x00000004e2400000| Untracked 
|  87|0x00000004e2600000, 0x00000004e2600000, 0x00000004e2800000|  0%| F|  |TAMS 0x00000004e2600000| PB 0x00000004e2600000| Untracked 
|  88|0x00000004e2800000, 0x00000004e2800000, 0x00000004e2a00000|  0%| F|  |TAMS 0x00000004e2800000| PB 0x00000004e2800000| Untracked 
|  89|0x00000004e2a00000, 0x00000004e2a00000, 0x00000004e2c00000|  0%| F|  |TAMS 0x00000004e2a00000| PB 0x00000004e2a00000| Untracked 
|  90|0x00000004e2c00000, 0x00000004e2c00000, 0x00000004e2e00000|  0%| F|  |TAMS 0x00000004e2c00000| PB 0x00000004e2c00000| Untracked 
|  91|0x00000004e2e00000, 0x00000004e2e00000, 0x00000004e3000000|  0%| F|  |TAMS 0x00000004e2e00000| PB 0x00000004e2e00000| Untracked 
|  92|0x00000004e3000000, 0x00000004e3000000, 0x00000004e3200000|  0%| F|  |TAMS 0x00000004e3000000| PB 0x00000004e3000000| Untracked 
|  93|0x00000004e3200000, 0x00000004e3200000, 0x00000004e3400000|  0%| F|  |TAMS 0x00000004e3200000| PB 0x00000004e3200000| Untracked 
|  94|0x00000004e3400000, 0x00000004e3400000, 0x00000004e3600000|  0%| F|  |TAMS 0x00000004e3400000| PB 0x00000004e3400000| Untracked 
|  95|0x00000004e3600000, 0x00000004e3600000, 0x00000004e3800000|  0%| F|  |TAMS 0x00000004e3600000| PB 0x00000004e3600000| Untracked 
|  96|0x00000004e3800000, 0x00000004e3800000, 0x00000004e3a00000|  0%| F|  |TAMS 0x00000004e3800000| PB 0x00000004e3800000| Untracked 
|  97|0x00000004e3a00000, 0x00000004e3a00000, 0x00000004e3c00000|  0%| F|  |TAMS 0x00000004e3a00000| PB 0x00000004e3a00000| Untracked 
|  98|0x00000004e3c00000, 0x00000004e3c00000, 0x00000004e3e00000|  0%| F|  |TAMS 0x00000004e3c00000| PB 0x00000004e3c00000| Untracked 
|  99|0x00000004e3e00000, 0x00000004e3e00000, 0x00000004e4000000|  0%| F|  |TAMS 0x00000004e3e00000| PB 0x00000004e3e00000| Untracked 
| 100|0x00000004e4000000, 0x00000004e4000000, 0x00000004e4200000|  0%| F|  |TAMS 0x00000004e4000000| PB 0x00000004e4000000| Untracked 
| 101|0x00000004e4200000, 0x00000004e4200000, 0x00000004e4400000|  0%| F|  |TAMS 0x00000004e4200000| PB 0x00000004e4200000| Untracked 
| 102|0x00000004e4400000, 0x00000004e4400000, 0x00000004e4600000|  0%| F|  |TAMS 0x00000004e4400000| PB 0x00000004e4400000| Untracked 
| 103|0x00000004e4600000, 0x00000004e4600000, 0x00000004e4800000|  0%| F|  |TAMS 0x00000004e4600000| PB 0x00000004e4600000| Untracked 
| 104|0x00000004e4800000, 0x00000004e4800000, 0x00000004e4a00000|  0%| F|  |TAMS 0x00000004e4800000| PB 0x00000004e4800000| Untracked 
| 105|0x00000004e4a00000, 0x00000004e4a00000, 0x00000004e4c00000|  0%| F|  |TAMS 0x00000004e4a00000| PB 0x00000004e4a00000| Untracked 
| 106|0x00000004e4c00000, 0x00000004e4c00000, 0x00000004e4e00000|  0%| F|  |TAMS 0x00000004e4c00000| PB 0x00000004e4c00000| Untracked 
| 107|0x00000004e4e00000, 0x00000004e4e00000, 0x00000004e5000000|  0%| F|  |TAMS 0x00000004e4e00000| PB 0x00000004e4e00000| Untracked 
| 108|0x00000004e5000000, 0x00000004e5000000, 0x00000004e5200000|  0%| F|  |TAMS 0x00000004e5000000| PB 0x00000004e5000000| Untracked 
| 109|0x00000004e5200000, 0x00000004e5200000, 0x00000004e5400000|  0%| F|  |TAMS 0x00000004e5200000| PB 0x00000004e5200000| Untracked 
| 110|0x00000004e5400000, 0x00000004e5400000, 0x00000004e5600000|  0%| F|  |TAMS 0x00000004e5400000| PB 0x00000004e5400000| Untracked 
| 111|0x00000004e5600000, 0x00000004e5600000, 0x00000004e5800000|  0%| F|  |TAMS 0x00000004e5600000| PB 0x00000004e5600000| Untracked 
| 112|0x00000004e5800000, 0x00000004e5800000, 0x00000004e5a00000|  0%| F|  |TAMS 0x00000004e5800000| PB 0x00000004e5800000| Untracked 
| 113|0x00000004e5a00000, 0x00000004e5a00000, 0x00000004e5c00000|  0%| F|  |TAMS 0x00000004e5a00000| PB 0x00000004e5a00000| Untracked 
| 114|0x00000004e5c00000, 0x00000004e5c00000, 0x00000004e5e00000|  0%| F|  |TAMS 0x00000004e5c00000| PB 0x00000004e5c00000| Untracked 
| 115|0x00000004e5e00000, 0x00000004e5e00000, 0x00000004e6000000|  0%| F|  |TAMS 0x00000004e5e00000| PB 0x00000004e5e00000| Untracked 
| 116|0x00000004e6000000, 0x00000004e6000000, 0x00000004e6200000|  0%| F|  |TAMS 0x00000004e6000000| PB 0x00000004e6000000| Untracked 
| 117|0x00000004e6200000, 0x00000004e6200000, 0x00000004e6400000|  0%| F|  |TAMS 0x00000004e6200000| PB 0x00000004e6200000| Untracked 
| 118|0x00000004e6400000, 0x00000004e6400000, 0x00000004e6600000|  0%| F|  |TAMS 0x00000004e6400000| PB 0x00000004e6400000| Untracked 
| 119|0x00000004e6600000, 0x00000004e6600000, 0x00000004e6800000|  0%| F|  |TAMS 0x00000004e6600000| PB 0x00000004e6600000| Untracked 
| 120|0x00000004e6800000, 0x00000004e6800000, 0x00000004e6a00000|  0%| F|  |TAMS 0x00000004e6800000| PB 0x00000004e6800000| Untracked 
| 121|0x00000004e6a00000, 0x00000004e6a00000, 0x00000004e6c00000|  0%| F|  |TAMS 0x00000004e6a00000| PB 0x00000004e6a00000| Untracked 
| 122|0x00000004e6c00000, 0x00000004e6c00000, 0x00000004e6e00000|  0%| F|  |TAMS 0x00000004e6c00000| PB 0x00000004e6c00000| Untracked 
| 123|0x00000004e6e00000, 0x00000004e6e00000, 0x00000004e7000000|  0%| F|  |TAMS 0x00000004e6e00000| PB 0x00000004e6e00000| Untracked 
| 124|0x00000004e7000000, 0x00000004e7000000, 0x00000004e7200000|  0%| F|  |TAMS 0x00000004e7000000| PB 0x00000004e7000000| Untracked 
| 125|0x00000004e7200000, 0x00000004e7200000, 0x00000004e7400000|  0%| F|  |TAMS 0x00000004e7200000| PB 0x00000004e7200000| Untracked 
| 126|0x00000004e7400000, 0x00000004e7400000, 0x00000004e7600000|  0%| F|  |TAMS 0x00000004e7400000| PB 0x00000004e7400000| Untracked 

Card table byte_map: [0x000001e471c40000,0x000001e472430000] _byte_map_base: 0x000001e46f584000

Marking Bits: (CMBitMap*) 0x000001e4690e4020
 Bits: [0x000001e472c20000, 0x000001e476b48000)

Polling page: 0x000001e468830000

Metaspace:

Usage:
  Non-class:      3.16 MB used.
      Class:    328.03 KB used.
       Both:      3.48 MB used.

Virtual space:
  Non-class space:       64.00 MB reserved,       3.25 MB (  5%) committed,  1 nodes.
      Class space:        1.00 GB reserved,     448.00 KB ( <1%) committed,  1 nodes.
             Both:        1.06 GB reserved,       3.69 MB ( <1%) committed. 

Chunk freelists:
   Non-Class:  2.26 MB
       Class:  3.48 MB
        Both:  5.74 MB

MaxMetaspaceSize: unlimited
CompressedClassSpaceSize: 1.00 GB
Initial GC threshold: 21.00 MB
Current GC threshold: 21.00 MB
CDS: on
MetaspaceReclaimPolicy: balanced
 - commit_granule_bytes: 65536.
 - commit_granule_words: 8192.
 - virtual_space_node_default_size: 8388608.
 - enlarge_chunks_in_place: 1.
 - new_chunks_are_fully_committed: 0.
 - uncommit_free_chunks: 1.
 - use_allocation_guard: 0.


Internal statistics:

num_allocs_failed_limit: 0.
num_arena_births: 204.
num_arena_deaths: 0.
num_vsnodes_births: 2.
num_vsnodes_deaths: 0.
num_space_committed: 59.
num_space_uncommitted: 0.
num_chunks_returned_to_freelist: 0.
num_chunks_taken_from_freelist: 308.
num_chunk_merges: 0.
num_chunk_splits: 202.
num_chunks_enlarged: 120.
num_inconsistent_stats: 0.

CodeHeap 'non-profiled nmethods': size=120000Kb used=928Kb max_used=928Kb free=119071Kb
 bounds [0x000001e407ad0000, 0x000001e407d40000, 0x000001e40f000000]
CodeHeap 'profiled nmethods': size=120000Kb used=2079Kb max_used=2079Kb free=117920Kb
 bounds [0x000001e400000000, 0x000001e400270000, 0x000001e407530000]
CodeHeap 'non-nmethods': size=5760Kb used=1745Kb max_used=1787Kb free=4014Kb
 bounds [0x000001e407530000, 0x000001e4077a0000, 0x000001e407ad0000]
 total_blobs=1824 nmethods=1213 adapters=522
 compilation: enabled
              stopped_count=0, restarted_count=0
 full_count=0

Compilation events (20 events):
Event: 9.466 Thread 0x000001e40f2ab4d0 nmethod 1204 0x000001e407bade10 code [0x000001e407badf80, 0x000001e407bae0d0]
Event: 9.467 Thread 0x000001e40f2ab4d0 1205       4       java.util.LinkedList$ListItr::previous (70 bytes)
Event: 9.469 Thread 0x000001e40f2ab4d0 nmethod 1205 0x000001e407bae210 code [0x000001e407bae380, 0x000001e407bae660]
Event: 9.469 Thread 0x000001e40f2ab4d0 1206       4       java.util.LinkedList$ListItr::add (60 bytes)
Event: 9.472 Thread 0x000001e40f2ab4d0 nmethod 1206 0x000001e407bae790 code [0x000001e407bae900, 0x000001e407baedb8]
Event: 9.560 Thread 0x000001e478f67480 nmethod 1201 0x000001e407baef10 code [0x000001e407baf320, 0x000001e407bb4738]
Event: 13.863 Thread 0x000001e47d800480 1207       3       java.lang.invoke.LambdaForm$MH/0x0000000801038c00::invoke (45 bytes)
Event: 13.864 Thread 0x000001e47d800480 nmethod 1207 0x000001e400204710 code [0x000001e4002048e0, 0x000001e400204e98]
Event: 13.864 Thread 0x000001e47d800480 1208       3       java.lang.invoke.LambdaForm$MH/0x000000080103b800::invoke (69 bytes)
Event: 13.864 Thread 0x000001e47d800480 nmethod 1208 0x000001e400205010 code [0x000001e400205200, 0x000001e4002058e8]
Event: 13.864 Thread 0x000001e47d800480 1209       3       java.lang.invoke.LambdaForm$MH/0x0000000801031c00::invoke (42 bytes)
Event: 13.864 Thread 0x000001e47d800480 nmethod 1209 0x000001e400205b10 code [0x000001e400205ce0, 0x000001e4002061a8]
Event: 13.864 Thread 0x000001e47d800480 1210       3       java.lang.StringConcatHelper::mix (16 bytes)
Event: 13.864 Thread 0x000001e47d800480 nmethod 1210 0x000001e400206310 code [0x000001e4002064c0, 0x000001e400206750]
Event: 13.864 Thread 0x000001e47d800480 1211       3       java.lang.invoke.LambdaForm$MH/0x0000000801039400::invoke (49 bytes)
Event: 13.865 Thread 0x000001e47d800480 nmethod 1211 0x000001e400206890 code [0x000001e400206a60, 0x000001e4002070c8]
Event: 13.865 Thread 0x000001e47d800480 1212       3       java.lang.StringConcatHelper::prepend (22 bytes)
Event: 13.865 Thread 0x000001e47d800480 nmethod 1212 0x000001e400207290 code [0x000001e400207420, 0x000001e4002075b8]
Event: 13.865 Thread 0x000001e47d800480 1213       3       java.lang.StringConcatHelper::prepend (218 bytes)
Event: 13.865 Thread 0x000001e47d800480 nmethod 1213 0x000001e400207690 code [0x000001e400207840, 0x000001e400207c40]

GC Heap History (19 events):
Event: 0.340 GC heap before
{Heap before GC invocations=0 (full 0):
 garbage-first heap   total 260096K, used 22528K [0x00000004d7800000, 0x00000005d4200000)
  region size 2048K, 11 young (22528K), 0 survivors (0K)
 Metaspace       used 3020K, committed 3200K, reserved 1114112K
  class space    used 285K, committed 384K, reserved 1048576K
}
Event: 0.343 GC heap after
{Heap after GC invocations=1 (full 0):
 garbage-first heap   total 260096K, used 2750K [0x00000004d7800000, 0x00000005d4200000)
  region size 2048K, 2 young (4096K), 2 survivors (4096K)
 Metaspace       used 3020K, committed 3200K, reserved 1114112K
  class space    used 285K, committed 384K, reserved 1048576K
}
Event: 0.462 GC heap before
{Heap before GC invocations=1 (full 0):
 garbage-first heap   total 260096K, used 37566K [0x00000004d7800000, 0x00000005d4200000)
  region size 2048K, 20 young (40960K), 2 survivors (4096K)
 Metaspace       used 3130K, committed 3392K, reserved 1114112K
  class space    used 294K, committed 448K, reserved 1048576K
}
Event: 0.464 GC heap after
{Heap after GC invocations=2 (full 0):
 garbage-first heap   total 260096K, used 4571K [0x00000004d7800000, 0x00000005d4200000)
  region size 2048K, 3 young (6144K), 3 survivors (6144K)
 Metaspace       used 3130K, committed 3392K, reserved 1114112K
  class space    used 294K, committed 448K, reserved 1048576K
}
Event: 1.589 GC heap before
{Heap before GC invocations=2 (full 0):
 garbage-first heap   total 260096K, used 152027K [0x00000004d7800000, 0x00000005d4200000)
  region size 2048K, 76 young (155648K), 3 survivors (6144K)
 Metaspace       used 3502K, committed 3776K, reserved 1114112K
  class space    used 327K, committed 448K, reserved 1048576K
}
Event: 1.591 GC heap after
{Heap after GC invocations=3 (full 0):
 garbage-first heap   total 260096K, used 3813K [0x00000004d7800000, 0x00000005d4200000)
  region size 2048K, 2 young (4096K), 2 survivors (4096K)
 Metaspace       used 3502K, committed 3776K, reserved 1114112K
  class space    used 327K, committed 448K, reserved 1048576K
}
Event: 1.662 GC heap before
{Heap before GC invocations=3 (full 0):
 garbage-first heap   total 260096K, used 155365K [0x00000004d7800000, 0x00000005d4200000)
  region size 2048K, 76 young (155648K), 2 survivors (4096K)
 Metaspace       used 3503K, committed 3776K, reserved 1114112K
  class space    used 327K, committed 448K, reserved 1048576K
}
Event: 1.664 GC heap after
{Heap after GC invocations=4 (full 0):
 garbage-first heap   total 260096K, used 3804K [0x00000004d7800000, 0x00000005d4200000)
  region size 2048K, 2 young (4096K), 2 survivors (4096K)
 Metaspace       used 3503K, committed 3776K, reserved 1114112K
  class space    used 327K, committed 448K, reserved 1048576K
}
Event: 2.498 GC heap before
{Heap before GC invocations=4 (full 0):
 garbage-first heap   total 260096K, used 155356K [0x00000004d7800000, 0x00000005d4200000)
  region size 2048K, 76 young (155648K), 2 survivors (4096K)
 Metaspace       used 3537K, committed 3776K, reserved 1114112K
  class space    used 328K, committed 448K, reserved 1048576K
}
Event: 2.500 GC heap after
{Heap after GC invocations=5 (full 0):
 garbage-first heap   total 260096K, used 4096K [0x00000004d7800000, 0x00000005d4200000)
  region size 2048K, 2 young (4096K), 2 survivors (4096K)
 Metaspace       used 3537K, committed 3776K, reserved 1114112K
  class space    used 328K, committed 448K, reserved 1048576K
}
Event: 2.601 GC heap before
{Heap before GC invocations=5 (full 0):
 garbage-first heap   total 260096K, used 155648K [0x00000004d7800000, 0x00000005d4200000)
  region size 2048K, 76 young (155648K), 2 survivors (4096K)
 Metaspace       used 3548K, committed 3776K, reserved 1114112K
  class space    used 328K, committed 448K, reserved 1048576K
}
Event: 2.604 GC heap after
{Heap after GC invocations=6 (full 0):
 garbage-first heap   total 260096K, used 5070K [0x00000004d7800000, 0x00000005d4200000)
  region size 2048K, 3 young (6144K), 3 survivors (6144K)
 Metaspace       used 3548K, committed 3776K, reserved 1114112K
  class space    used 328K, committed 448K, reserved 1048576K
}
Event: 4.224 GC heap before
{Heap before GC invocations=6 (full 0):
 garbage-first heap   total 260096K, used 154574K [0x00000004d7800000, 0x00000005d4200000)
  region size 2048K, 76 young (155648K), 3 survivors (6144K)
 Metaspace       used 3549K, committed 3776K, reserved 1114112K
  class space    used 328K, committed 448K, reserved 1048576K
}
Event: 4.226 GC heap after
{Heap after GC invocations=7 (full 0):
 garbage-first heap   total 260096K, used 4340K [0x00000004d7800000, 0x00000005d4200000)
  region size 2048K, 3 young (6144K), 3 survivors (6144K)
 Metaspace       used 3549K, committed 3776K, reserved 1114112K
  class space    used 328K, committed 448K, reserved 1048576K
}
Event: 9.378 GC heap before
{Heap before GC invocations=7 (full 0):
 garbage-first heap   total 260096K, used 153844K [0x00000004d7800000, 0x00000005d4200000)
  region size 2048K, 76 young (155648K), 3 survivors (6144K)
 Metaspace       used 3556K, committed 3776K, reserved 1114112K
  class space    used 328K, committed 448K, reserved 1048576K
}
Event: 9.380 GC heap after
{Heap after GC invocations=8 (full 0):
 garbage-first heap   total 260096K, used 4477K [0x00000004d7800000, 0x00000005d4200000)
  region size 2048K, 3 young (6144K), 3 survivors (6144K)
 Metaspace       used 3556K, committed 3776K, reserved 1114112K
  class space    used 328K, committed 448K, reserved 1048576K
}
Event: 9.445 GC heap before
{Heap before GC invocations=8 (full 0):
 garbage-first heap   total 260096K, used 153981K [0x00000004d7800000, 0x00000005d4200000)
  region size 2048K, 76 young (155648K), 3 survivors (6144K)
 Metaspace       used 3558K, committed 3776K, reserved 1114112K
  class space    used 328K, committed 448K, reserved 1048576K
}
Event: 9.448 GC heap after
{Heap after GC invocations=9 (full 0):
 garbage-first heap   total 260096K, used 6930K [0x00000004d7800000, 0x00000005d4200000)
  region size 2048K, 4 young (8192K), 4 survivors (8192K)
 Metaspace       used 3558K, committed 3776K, reserved 1114112K
  class space    used 328K, committed 448K, reserved 1048576K
}
Event: 13.897 GC heap before
{Heap before GC invocations=9 (full 0):
 garbage-first heap   total 260096K, used 154386K [0x00000004d7800000, 0x00000005d4200000)
  region size 2048K, 76 young (155648K), 4 survivors (8192K)
 Metaspace       used 3565K, committed 3776K, reserved 1114112K
  class space    used 328K, committed 448K, reserved 1048576K
}

Dll operation events (11 events):
Event: 0.008 Loaded shared library C:\Users\61677\.jdks\openjdk-20.0.1\bin\java.dll
Event: 0.016 Loaded shared library C:\Users\61677\.jdks\openjdk-20.0.1\bin\jsvml.dll
Event: 0.062 Loaded shared library C:\Users\61677\.jdks\openjdk-20.0.1\bin\zip.dll
Event: 0.067 Loaded shared library C:\Users\61677\.jdks\openjdk-20.0.1\bin\instrument.dll
Event: 0.070 Loaded shared library C:\Users\61677\.jdks\openjdk-20.0.1\bin\net.dll
Event: 0.072 Loaded shared library C:\Users\61677\.jdks\openjdk-20.0.1\bin\nio.dll
Event: 0.075 Loaded shared library C:\Users\61677\.jdks\openjdk-20.0.1\bin\zip.dll
Event: 0.083 Loaded shared library C:\Program Files\JetBrains\IntelliJ IDEA Community Edition 2023.1.2\bin\breakgen64.dll
Event: 0.090 Loaded shared library C:\Users\61677\.jdks\openjdk-20.0.1\bin\extnet.dll
Event: 0.152 Loaded shared library C:\Program Files\IBM\ILOG\CPLEX_Studio2212\opl\bin\x64_win64\cplex2212.dll
Event: 1.023 Loaded shared library C:\Users\61677\.jdks\openjdk-20.0.1\bin\jimage.dll

Deoptimization events (20 events):
Event: 1.721 Thread 0x000001e469073d10 DEOPT PACKING pc=0x000001e4001138de sp=0x00000007ee6fefe0
Event: 1.721 Thread 0x000001e469073d10 DEOPT UNPACKING pc=0x000001e40759e462 sp=0x00000007ee6fe5e8 mode 0
Event: 1.770 Thread 0x000001e469073d10 DEOPT PACKING pc=0x000001e4001138de sp=0x00000007ee6fefe0
Event: 1.770 Thread 0x000001e469073d10 DEOPT UNPACKING pc=0x000001e40759e462 sp=0x00000007ee6fe5e8 mode 0
Event: 2.533 Thread 0x000001e469073d10 DEOPT PACKING pc=0x000001e40013c725 sp=0x00000007ee6fedb0
Event: 2.533 Thread 0x000001e469073d10 DEOPT UNPACKING pc=0x000001e40759e462 sp=0x00000007ee6fe2d8 mode 0
Event: 2.534 Thread 0x000001e469073d10 DEOPT PACKING pc=0x000001e40013c725 sp=0x00000007ee6fedb0
Event: 2.534 Thread 0x000001e469073d10 DEOPT UNPACKING pc=0x000001e40759e462 sp=0x00000007ee6fe2d8 mode 0
Event: 2.535 Thread 0x000001e469073d10 DEOPT PACKING pc=0x000001e40013c8fe sp=0x00000007ee6fedb0
Event: 2.535 Thread 0x000001e469073d10 DEOPT UNPACKING pc=0x000001e40759e462 sp=0x00000007ee6fe2d8 mode 0
Event: 2.536 Thread 0x000001e469073d10 DEOPT PACKING pc=0x000001e40013c8fe sp=0x00000007ee6fec50
Event: 2.536 Thread 0x000001e469073d10 DEOPT UNPACKING pc=0x000001e40759e462 sp=0x00000007ee6fe178 mode 0
Event: 2.536 Thread 0x000001e469073d10 DEOPT PACKING pc=0x000001e40013c8fe sp=0x00000007ee6fec50
Event: 2.536 Thread 0x000001e469073d10 DEOPT UNPACKING pc=0x000001e40759e462 sp=0x00000007ee6fe178 mode 0
Event: 2.537 Thread 0x000001e469073d10 DEOPT PACKING pc=0x000001e40013c8fe sp=0x00000007ee6fec50
Event: 2.537 Thread 0x000001e469073d10 DEOPT UNPACKING pc=0x000001e40759e462 sp=0x00000007ee6fe178 mode 0
Event: 2.538 Thread 0x000001e469073d10 DEOPT PACKING pc=0x000001e40013c8fe sp=0x00000007ee6fec50
Event: 2.538 Thread 0x000001e469073d10 DEOPT UNPACKING pc=0x000001e40759e462 sp=0x00000007ee6fe178 mode 0
Event: 9.417 Thread 0x000001e469073d10 DEOPT PACKING pc=0x000001e4001f17ca sp=0x00000007ee6ff100
Event: 9.417 Thread 0x000001e469073d10 DEOPT UNPACKING pc=0x000001e40759e462 sp=0x00000007ee6fe718 mode 0

Classes loaded (20 events):
Event: 1.035 Loading class java/time/zone/TzdbZoneRulesProvider
Event: 1.035 Loading class java/time/zone/TzdbZoneRulesProvider done
Event: 1.039 Loading class java/time/zone/Ser
Event: 1.039 Loading class java/io/Externalizable
Event: 1.039 Loading class java/io/Externalizable done
Event: 1.039 Loading class java/time/zone/Ser done
Event: 1.040 Loading class java/time/Month
Event: 1.040 Loading class java/time/Month done
Event: 1.041 Loading class java/time/DayOfWeek
Event: 1.041 Loading class java/time/DayOfWeek done
Event: 1.041 Loading class java/time/zone/ZoneOffsetTransitionRule$TimeDefinition
Event: 1.041 Loading class java/time/zone/ZoneOffsetTransitionRule$TimeDefinition done
Event: 1.042 Loading class java/time/zone/ZoneOffsetTransition
Event: 1.042 Loading class java/time/zone/ZoneOffsetTransition done
Event: 1.042 Loading class sun/util/cldr/CLDRBaseLocaleDataMetaInfo$TZCanonicalIDMapHolder
Event: 1.043 Loading class sun/util/cldr/CLDRBaseLocaleDataMetaInfo$TZCanonicalIDMapHolder done
Event: 1.043 Loading class sun/util/resources/TimeZoneNames
Event: 1.044 Loading class sun/util/resources/TimeZoneNames done
Event: 1.044 Loading class sun/util/resources/TimeZoneNames_en
Event: 1.044 Loading class sun/util/resources/TimeZoneNames_en done

Classes unloaded (0 events):
No events

Classes redefined (0 events):
No events

Internal exceptions (7 events):
Event: 0.077 Thread 0x000001e469073d10 Exception <a 'java/lang/NoSuchMethodError'{0x00000004e730b7f8}: 'void java.lang.invoke.DirectMethodHandle$Holder.invokeStatic(java.lang.Object, java.lang.Object, java.lang.Object)'> (0x00000004e730b7f8) 
thrown [s\open\src\hotspot\share\interpreter\linkResolver.cpp, line 773]
Event: 0.080 Thread 0x000001e469073d10 Exception <a 'java/lang/NoSuchMethodError'{0x00000004e7322d00}: 'java.lang.Object java.lang.invoke.Invokers$Holder.invokeExact_MT(java.lang.Object, java.lang.Object, java.lang.Object, java.lang.Object, java.lang.Object)'> (0x00000004e7322d00) 
thrown [s\open\src\hotspot\share\interpreter\linkResolver.cpp, line 773]
Event: 0.091 Thread 0x000001e47d9ee380 Exception <a 'java/lang/NoSuchMethodError'{0x00000004e735a2b8}: 'void java.lang.invoke.DirectMethodHandle$Holder.invokeStatic(java.lang.Object, java.lang.Object)'> (0x00000004e735a2b8) 
thrown [s\open\src\hotspot\share\interpreter\linkResolver.cpp, line 773]
Event: 0.187 Thread 0x000001e469073d10 Exception <a 'java/lang/NoSuchMethodError'{0x00000004e6cc7c70}: 'int java.lang.invoke.DirectMethodHandle$Holder.invokeVirtual(java.lang.Object, java.lang.Object)'> (0x00000004e6cc7c70) 
thrown [s\open\src\hotspot\share\interpreter\linkResolver.cpp, line 773]
Event: 0.188 Thread 0x000001e469073d10 Exception <a 'java/lang/NoSuchMethodError'{0x00000004e6cd2098}: 'java.lang.Object java.lang.invoke.Invokers$Holder.invokeExact_MT(java.lang.Object, java.lang.Object, java.lang.Object, java.lang.Object, java.lang.Object, java.lang.Object)'> (0x00000004e6cd2098) 
thrown [s\open\src\hotspot\share\interpreter\linkResolver.cpp, line 773]
Event: 0.189 Thread 0x000001e469073d10 Exception <a 'java/lang/NoSuchMethodError'{0x00000004e6cdc600}: 'int java.lang.invoke.DirectMethodHandle$Holder.invokeSpecialIFC(java.lang.Object, java.lang.Object, java.lang.Object, java.lang.Object, java.lang.Object)'> (0x00000004e6cdc600) 
thrown [s\open\src\hotspot\share\interpreter\linkResolver.cpp, line 773]
Event: 0.337 Thread 0x000001e469073d10 Exception <a 'java/lang/NoSuchMethodError'{0x00000004e62bf0f8}: 'java.lang.Object java.lang.invoke.DirectMethodHandle$Holder.invokeSpecial(java.lang.Object, java.lang.Object, double, int)'> (0x00000004e62bf0f8) 
thrown [s\open\src\hotspot\share\interpreter\linkResolver.cpp, line 773]

VM Operations (20 events):
Event: 1.031 Executing VM operation: HandshakeAllThreads done
Event: 1.589 Executing VM operation: G1CollectForAllocation
Event: 1.591 Executing VM operation: G1CollectForAllocation done
Event: 1.662 Executing VM operation: G1CollectForAllocation
Event: 1.664 Executing VM operation: G1CollectForAllocation done
Event: 2.498 Executing VM operation: G1CollectForAllocation
Event: 2.500 Executing VM operation: G1CollectForAllocation done
Event: 2.601 Executing VM operation: G1CollectForAllocation
Event: 2.604 Executing VM operation: G1CollectForAllocation done
Event: 3.612 Executing VM operation: Cleanup
Event: 3.612 Executing VM operation: Cleanup done
Event: 4.224 Executing VM operation: G1CollectForAllocation
Event: 4.226 Executing VM operation: G1CollectForAllocation done
Event: 5.233 Executing VM operation: Cleanup
Event: 5.233 Executing VM operation: Cleanup done
Event: 9.378 Executing VM operation: G1CollectForAllocation
Event: 9.380 Executing VM operation: G1CollectForAllocation done
Event: 9.445 Executing VM operation: G1CollectForAllocation
Event: 9.448 Executing VM operation: G1CollectForAllocation done
Event: 13.896 Executing VM operation: G1CollectForAllocation

Events (20 events):
Event: 0.031 Thread 0x000001e478f52b30 Thread added: 0x000001e478f52b30
Event: 0.031 Thread 0x000001e478f55300 Thread added: 0x000001e478f55300
Event: 0.031 Thread 0x000001e478f570a0 Thread added: 0x000001e478f570a0
Event: 0.031 Thread 0x000001e478f59be0 Thread added: 0x000001e478f59be0
Event: 0.031 Thread 0x000001e478f5b680 Thread added: 0x000001e478f5b680
Event: 0.031 Thread 0x000001e478f67480 Thread added: 0x000001e478f67480
Event: 0.032 Thread 0x000001e47d800480 Thread added: 0x000001e47d800480
Event: 0.049 Thread 0x000001e47d906090 Thread added: 0x000001e47d906090
Event: 0.083 Thread 0x000001e47d9ee380 Thread added: 0x000001e47d9ee380
Event: 0.083 Thread 0x000001e47d9ee8d0 Thread added: 0x000001e47d9ee8d0
Event: 0.209 Thread 0x000001e47dea9f70 Thread added: 0x000001e47dea9f70
Event: 0.233 Thread 0x000001e47deab5a0 Thread added: 0x000001e47deab5a0
Event: 0.673 Thread 0x000001e47deab5a0 Thread exited: 0x000001e47deab5a0
Event: 1.015 Thread 0x000001e47dea9f70 Thread exited: 0x000001e47dea9f70
Event: 1.035 Thread 0x000001e47dbb4060 Thread added: 0x000001e47dbb4060
Event: 1.534 Thread 0x000001e47dbb4060 Thread exited: 0x000001e47dbb4060
Event: 1.709 Thread 0x000001e47f3b1ea0 Thread added: 0x000001e47f3b1ea0
Event: 2.491 Thread 0x000001e47f3b1ea0 Thread exited: 0x000001e47f3b1ea0
Event: 9.421 Thread 0x000001e40f2ab4d0 Thread added: 0x000001e40f2ab4d0
Event: 13.863 Thread 0x000001e40f2ab4d0 Thread exited: 0x000001e40f2ab4d0


Dynamic libraries:
0x00007ff7881c0000 - 0x00007ff7881ce000 	C:\Users\61677\.jdks\openjdk-20.0.1\bin\java.exe
0x00007fff53a90000 - 0x00007fff53ca7000 	C:\WINDOWS\SYSTEM32\ntdll.dll
0x00007fff530c0000 - 0x00007fff53184000 	C:\WINDOWS\System32\KERNEL32.DLL
0x00007fff51230000 - 0x00007fff51601000 	C:\WINDOWS\System32\KERNELBASE.dll
0x00007fff51640000 - 0x00007fff51751000 	C:\WINDOWS\System32\ucrtbase.dll
0x00007fff3bb20000 - 0x00007fff3bb3b000 	C:\Users\61677\.jdks\openjdk-20.0.1\bin\VCRUNTIME140.dll
0x00007fff3cef0000 - 0x00007fff3cf07000 	C:\Users\61677\.jdks\openjdk-20.0.1\bin\jli.dll
0x00007fff51a40000 - 0x00007fff51bf1000 	C:\WINDOWS\System32\USER32.dll
0x00007fff51610000 - 0x00007fff51636000 	C:\WINDOWS\System32\win32u.dll
0x00007fff51cc0000 - 0x00007fff51ce9000 	C:\WINDOWS\System32\GDI32.dll
0x00007fff2c680000 - 0x00007fff2c912000 	C:\WINDOWS\WinSxS\amd64_microsoft.windows.common-controls_6595b64144ccf1df_6.0.22621.4830_none_270fe7d773858e80\COMCTL32.dll
0x00007fff50cf0000 - 0x00007fff50e0b000 	C:\WINDOWS\System32\gdi32full.dll
0x00007fff518e0000 - 0x00007fff51987000 	C:\WINDOWS\System32\msvcrt.dll
0x00007fff50c50000 - 0x00007fff50cea000 	C:\WINDOWS\System32\msvcp_win.dll
0x00007fff53800000 - 0x00007fff53831000 	C:\WINDOWS\System32\IMM32.DLL
0x00007fff4e970000 - 0x00007fff4e97c000 	C:\Users\61677\.jdks\openjdk-20.0.1\bin\vcruntime140_1.dll
0x00007fff39200000 - 0x00007fff3928e000 	C:\Users\61677\.jdks\openjdk-20.0.1\bin\msvcp140.dll
0x00007ffef8aa0000 - 0x00007ffef9737000 	C:\Users\61677\.jdks\openjdk-20.0.1\bin\server\jvm.dll
0x00007fff51c00000 - 0x00007fff51cb1000 	C:\WINDOWS\System32\ADVAPI32.dll
0x00007fff53010000 - 0x00007fff530b7000 	C:\WINDOWS\System32\sechost.dll
0x00007fff50f50000 - 0x00007fff50f78000 	C:\WINDOWS\System32\bcrypt.dll
0x00007fff532a0000 - 0x00007fff533b4000 	C:\WINDOWS\System32\RPCRT4.dll
0x00007fff4c7f0000 - 0x00007fff4c7fa000 	C:\WINDOWS\SYSTEM32\VERSION.dll
0x00007fff4e910000 - 0x00007fff4e919000 	C:\WINDOWS\SYSTEM32\WSOCK32.dll
0x00007fff4aa00000 - 0x00007fff4aa34000 	C:\WINDOWS\SYSTEM32\WINMM.dll
0x00007fff533d0000 - 0x00007fff53441000 	C:\WINDOWS\System32\WS2_32.dll
0x00007fff4fd10000 - 0x00007fff4fd28000 	C:\WINDOWS\SYSTEM32\kernel.appcore.dll
0x00007fff415f0000 - 0x00007fff415fa000 	C:\Users\61677\.jdks\openjdk-20.0.1\bin\jimage.dll
0x00007fff4db00000 - 0x00007fff4dd32000 	C:\WINDOWS\SYSTEM32\DBGHELP.DLL
0x00007fff53470000 - 0x00007fff53800000 	C:\WINDOWS\System32\combase.dll
0x00007fff51760000 - 0x00007fff51837000 	C:\WINDOWS\System32\OLEAUT32.dll
0x00007fff4d840000 - 0x00007fff4d872000 	C:\WINDOWS\SYSTEM32\dbgcore.DLL
0x00007fff50bd0000 - 0x00007fff50c4b000 	C:\WINDOWS\System32\bcryptPrimitives.dll
0x00007fff415c0000 - 0x00007fff415ce000 	C:\Users\61677\.jdks\openjdk-20.0.1\bin\instrument.dll
0x00007fff3baf0000 - 0x00007fff3bb16000 	C:\Users\61677\.jdks\openjdk-20.0.1\bin\java.dll
0x00007fff39120000 - 0x00007fff391f7000 	C:\Users\61677\.jdks\openjdk-20.0.1\bin\jsvml.dll
0x00007fff51cf0000 - 0x00007fff52578000 	C:\WINDOWS\System32\SHELL32.dll
0x00007fff50f80000 - 0x00007fff510bf000 	C:\WINDOWS\System32\wintypes.dll
0x00007fff4eb40000 - 0x00007fff4f44d000 	C:\WINDOWS\SYSTEM32\windows.storage.dll
0x00007fff53840000 - 0x00007fff5394a000 	C:\WINDOWS\System32\SHCORE.dll
0x00007fff52f30000 - 0x00007fff52f8e000 	C:\WINDOWS\System32\shlwapi.dll
0x00007fff50b00000 - 0x00007fff50b2b000 	C:\WINDOWS\SYSTEM32\profapi.dll
0x00007fff3a020000 - 0x00007fff3a038000 	C:\Users\61677\.jdks\openjdk-20.0.1\bin\zip.dll
0x00007fff3bad0000 - 0x00007fff3bae3000 	C:\Users\61677\.jdks\openjdk-20.0.1\bin\net.dll
0x00007fff4bc40000 - 0x00007fff4bd6c000 	C:\WINDOWS\SYSTEM32\WINHTTP.dll
0x00007fff50180000 - 0x00007fff501ea000 	C:\WINDOWS\system32\mswsock.dll
0x00007fff3a070000 - 0x00007fff3a086000 	C:\Users\61677\.jdks\openjdk-20.0.1\bin\nio.dll
0x00007fff39090000 - 0x00007fff390aa000 	C:\Program Files\JetBrains\IntelliJ IDEA Community Edition 2023.1.2\bin\breakgen64.dll
0x00007fff41460000 - 0x00007fff41467000 	C:\Users\61677\.jdks\openjdk-20.0.1\bin\extnet.dll
0x00007ffeca670000 - 0x00007ffecc1a2000 	C:\Program Files\IBM\ILOG\CPLEX_Studio2212\opl\bin\x64_win64\cplex2212.dll

dbghelp: loaded successfully - version: 4.0.5 - missing functions: none
symbol engine: initialized successfully - sym options: 0x614 - pdb path: .;C:\Users\61677\.jdks\openjdk-20.0.1\bin;C:\WINDOWS\SYSTEM32;C:\WINDOWS\WinSxS\amd64_microsoft.windows.common-controls_6595b64144ccf1df_6.0.22621.4830_none_270fe7d773858e80;C:\Users\61677\.jdks\openjdk-20.0.1\bin\server;C:\Program Files\JetBrains\IntelliJ IDEA Community Edition 2023.1.2\bin;C:\Program Files\IBM\ILOG\CPLEX_Studio2212\opl\bin\x64_win64

VM Arguments:
jvm_args: -javaagent:C:\Program Files\JetBrains\IntelliJ IDEA Community Edition 2023.1.2\lib\idea_rt.jar=62568:C:\Program Files\JetBrains\IntelliJ IDEA Community Edition 2023.1.2\bin -Dfile.encoding=UTF-8 -Dsun.stdout.encoding=UTF-8 -Dsun.stderr.encoding=UTF-8 
java_command: Benchmark.BenchmarkForDriverScheduleCG -d D:\testWhetherRecover\4(3)Decomposed-DriverSchedule-TW-CGforDriverSchedulingProblem - onlyLabeling\instances -initial D:\testWhetherRecover\4(3)Decomposed-DriverSchedule-TW-CGforDriverSchedulingProblem - onlyLabeling\initialSchedules -result D:\testWhetherRecover\results -out D:\testWhetherRecover\result.csv
java_class_path (initial): D:\testWhetherRecover\4(3)Decomposed-DriverSchedule-TW-CGforDriverSchedulingProblem - onlyLabeling\out\production\RoutingAndScheduling;C:\Program Files\IBM\ILOG\CPLEX_Studio2212\cplex\lib\cplex.jar
Launcher Type: SUN_STANDARD

[Global flags]
     intx CICompilerCount                          = 4                                         {product} {ergonomic}
     uint ConcGCThreads                            = 2                                         {product} {ergonomic}
     uint G1ConcRefinementThreads                  = 8                                         {product} {ergonomic}
   size_t G1HeapRegionSize                         = 2097152                                   {product} {ergonomic}
    uintx GCDrainStackTargetSize                   = 64                                        {product} {ergonomic}
   size_t InitialHeapSize                          = 266338304                                 {product} {ergonomic}
   size_t MarkStackSize                            = 4194304                                   {product} {ergonomic}
   size_t MaxHeapSize                              = 4238344192                                {product} {ergonomic}
   size_t MaxNewSize                               = 2541748224                                {product} {ergonomic}
   size_t MinHeapDeltaBytes                        = 2097152                                   {product} {ergonomic}
   size_t MinHeapSize                              = 8388608                                   {product} {ergonomic}
    uintx NonNMethodCodeHeapSize                   = 5839372                                {pd product} {ergonomic}
    uintx NonProfiledCodeHeapSize                  = 122909434                              {pd product} {ergonomic}
    uintx ProfiledCodeHeapSize                     = 122909434                              {pd product} {ergonomic}
    uintx ReservedCodeCacheSize                    = 251658240                              {pd product} {ergonomic}
     bool SegmentedCodeCache                       = true                                      {product} {ergonomic}
   size_t SoftMaxHeapSize                          = 4238344192                             {manageable} {ergonomic}
     bool UseCompressedClassPointers               = true                           {product lp64_product} {ergonomic}
     bool UseCompressedOops                        = true                           {product lp64_product} {ergonomic}
     bool UseG1GC                                  = true                                      {product} {ergonomic}
     bool UseLargePagesIndividualAllocation        = false                                  {pd product} {ergonomic}

Logging:
Log output configuration:
 #0: stdout all=warning uptime,level,tags foldmultilines=false
 #1: stderr all=off uptime,level,tags foldmultilines=false

Environment Variables:
PATH=C:\Program Files\IBM\ILOG\CPLEX_Studio2212\opl\bin\x64_win64;C:\Program Files\IBM\ILOG\CPLEX_Studio2212\opl\oplide\;C:\Program Files\IBM\ILOG\CPLEX_Studio2212\cplex\bin\x64_win64;C:\Program Files\IBM\ILOG\CPLEX_Studio2212\cpoptimizer\bin\x64_win64;C:\Program Files\Common Files\Oracle\Java\javapath;C:\Program Files (x86)\Common Files\Oracle\Java\java8path;C:\Program Files (x86)\Common Files\Oracle\Java\javapath;C:\Program Files\Artelys\Knitro 13.0.1\knitroampl;C:\Program Files\Artelys\Knitro 13.0.1\lib;C:\Program Files\IBM\ILOG\CPLEX_Studio1263\opl\bin\x64_win64;C:\Program Files\IBM\ILOG\CPLEX_Studio1263\opl\oplide\;C:\Program Files\IBM\ILOG\CPLEX_Studio1263\cplex\bin\x64_win64;C:\Program Files\IBM\ILOG\CPLEX_Studio1263\cpoptimizer\bin\x64_win64;C:\Windows\system32;C:\Windows;C:\Windows\System32\Wbem;C:\Windows\System32\WindowsPowerShell\v1.0\;C:\Windows\System32\OpenSSH\;C:\Program Files (x86)\NVIDIA Corporation\PhysX\Common;C:\Program Files\NVIDIA Corporation\NVIDIA NvDLISR;C:\WINDOWS\system32;C:\WINDOWS;C:\WINDOWS\System32\Wbem;C:\WINDOWS\System32\WindowsPowerShell\v1.0\;C:\WINDOWS\System32\OpenSSH\;C:\Program Files\MiKTeX\miktex\bin\x64\;D:\LenovoSoftstore\Install\c\bin;D:\LenovoSoftstore\Install\perl\site\bin;D:\LenovoSoftstore\Install\perl\bin;D:\LenovoSoftstore\Git\cmd;C:\Users\61677\AppData\Local\Programs\Python\Launcher\;C:\Users\61677\AppData\Local\Microsoft\WindowsApps;D:\LenovoSoftstore\Install\\;C:\Program Files\JetBrains\IntelliJ IDEA Community Edition 2022.1.4\bin;;C:\Users\61677\AppData\Local\Programs\MiKTeX\miktex\bin\x64\;D:\LenovoQMDownload\SoftMgr\texlive\2022\bin\wi??;
USERNAME=Sun
OS=Windows_NT
PROCESSOR_IDENTIFIER=Intel64 Family 6 Model 140 Stepping 1, GenuineIntel
TMP=C:\Users\61677\AppData\Local\Temp
TEMP=C:\Users\61677\AppData\Local\Temp




---------------  S Y S T E M  ---------------

OS:
 Windows 11 , 64 bit Build 22621 (10.0.22621.4974)
OS uptime: 14 days 21:42 hours

CPU: total 8 (initial active 8) (4 cores per cpu, 2 threads per core) family 6 model 140 stepping 1 microcode 0xa4, cx8, cmov, fxsr, ht, mmx, 3dnowpref, sse, sse2, sse3, ssse3, sse4.1, sse4.2, popcnt, lzcnt, tsc, tscinvbit, avx, avx2, aes, erms, clmul, bmi1, bmi2, adx, avx512f, avx512dq, avx512cd, avx512bw, avx512vl, sha, fma, vzeroupper, avx512_vpopcntdq, avx512_vpclmulqdq, avx512_vaes, avx512_vnni, clflush, clflushopt, clwb, avx512_vbmi2, avx512_vbmi, rdtscp, rdpid, fsrm, gfni, avx512_bitalg, f16c, pku, cet_ibt, cet_ss, avx512_ifma

Memory: 4k page, system-wide physical 16167M (1847M free)
TotalPageFile size 16187M (AvailPageFile size 4M)
current process WorkingSet (physical memory assigned to process): 212M, peak: 238M
current process commit charge ("private bytes"): 353M, peak: 417M

vm_info: OpenJDK 64-Bit Server VM (20.0.1+9-29) for windows-amd64 JRE (20.0.1+9-29), built on 2023-03-07T13:56:11Z by "mach5one" with MS VC++ 17.1 (VS2022)

END.
